2022-10-19 08:30:42.723 [main] "  " DEBUG org.springframework.web.context.ContextLoader - Published root WebApplicationContext as ServletContext attribute with name [org.springframework.web.context.WebApplicationContext.ROOT]
2022-10-19 08:30:42.783 [main] "  " DEBUG o.s.b.web.servlet.ServletContextInitializerBeans - Mapping filters: characterEncodingFilter urls=[/*] order=-2147483648, formContentFilter urls=[/*] order=-9900, requestContextFilter urls=[/*] order=-105
2022-10-19 08:30:42.783 [main] "  " DEBUG o.s.b.web.servlet.ServletContextInitializerBeans - Mapping servlets: dispatcherServlet urls=[/]
2022-10-19 08:31:03.997 [main] "  " DEBUG o.s.w.s.m.m.a.RequestMappingHandlerAdapter - ControllerAdvice beans: 0 @ModelAttribute, 0 @InitBinder, 1 RequestBodyAdvice, 1 ResponseBodyAdvice
2022-10-19 08:31:04.099 [main] "  " DEBUG o.s.w.s.m.m.a.RequestMappingHandlerMapping - 6 mappings in 'requestMappingHandlerMapping'
2022-10-19 08:31:04.116 [main] "  " DEBUG o.s.web.servlet.handler.BeanNameUrlHandlerMapping - Detected 1 mappings in 'beanNameHandlerMapping'
2022-10-19 08:31:04.140 [main] "  " DEBUG o.s.web.servlet.handler.SimpleUrlHandlerMapping - Patterns [/webjars/**, /**] in 'resourceHandlerMapping'
2022-10-19 08:31:04.162 [main] "  " DEBUG o.s.w.s.m.m.a.ExceptionHandlerExceptionResolver - ControllerAdvice beans: 0 @ExceptionHandler, 1 ResponseBodyAdvice
2022-10-19 08:32:03.851 [http-nio-10001-exec-1] "  " DEBUG org.springframework.web.servlet.DispatcherServlet - Detected StandardServletMultipartResolver
2022-10-19 08:32:03.870 [http-nio-10001-exec-1] "  " DEBUG org.springframework.web.servlet.DispatcherServlet - enableLoggingRequestDetails='false': request parameters and headers will be masked to prevent unsafe logging of potentially sensitive data
2022-10-19 08:32:03.894 [http-nio-10001-exec-1] "  " DEBUG org.springframework.web.servlet.DispatcherServlet - GET "/api/robot", parameters={}
2022-10-19 08:32:03.905 [http-nio-10001-exec-1] "  " DEBUG o.s.w.s.m.m.a.RequestMappingHandlerMapping - Mapped to com.lincoco.xiaokarobot.RobotApi#execute()
2022-10-19 08:32:06.161 [http-nio-10001-exec-1] "  " DEBUG c.l.xiaokarobot.dao.UserIdentityDAO.selectList - ==>  Preparing: SELECT id,password,phone_number,mailbox,school,create_time,update_time,delete_time FROM user_identity WHERE delete_time IS NULL
2022-10-19 08:32:06.208 [http-nio-10001-exec-1] "  " DEBUG c.l.xiaokarobot.dao.UserIdentityDAO.selectList - ==> Parameters: 
2022-10-19 08:32:06.318 [http-nio-10001-exec-1] "  " DEBUG c.l.xiaokarobot.dao.UserIdentityDAO.selectList - <==      Total: 4
2022-10-19 08:41:50.400 [http-nio-10001-exec-1] "  " DEBUG c.l.xiaokarobot.dao.UserIdentityDAO.selectById - ==>  Preparing: SELECT id,password,phone_number,mailbox,school,create_time,update_time,delete_time FROM user_identity WHERE id=? AND delete_time IS NULL
2022-10-19 08:41:50.405 [http-nio-10001-exec-1] "  " DEBUG c.l.xiaokarobot.dao.UserIdentityDAO.selectById - ==> Parameters: 2012011085(String)
2022-10-19 08:41:50.495 [http-nio-10001-exec-1] "  " DEBUG c.l.xiaokarobot.dao.UserIdentityDAO.selectById - <==      Total: 1
2022-10-19 08:41:53.595 [http-nio-10001-exec-1] "  " DEBUG o.s.w.s.m.m.a.RequestResponseBodyMethodProcessor - Using 'application/json;q=0.8', given [text/html, application/xhtml+xml, image/avif, image/webp, image/apng, application/xml;q=0.9, application/signed-exchange;v=b3;q=0.9, */*;q=0.8] and supported [application/json, application/*+json, application/json, application/*+json]
2022-10-19 08:41:53.596 [http-nio-10001-exec-1] "  " DEBUG o.s.w.s.m.m.a.RequestResponseBodyMethodProcessor - Nothing to write: null body
2022-10-19 08:41:53.598 [http-nio-10001-exec-1] "  " DEBUG org.springframework.web.servlet.DispatcherServlet - Completed 200 OK
2022-10-19 08:51:14.192 [main] "  " DEBUG org.springframework.web.context.ContextLoader - Published root WebApplicationContext as ServletContext attribute with name [org.springframework.web.context.WebApplicationContext.ROOT]
2022-10-19 08:51:14.223 [main] "  " DEBUG o.s.b.web.servlet.ServletContextInitializerBeans - Mapping filters: characterEncodingFilter urls=[/*] order=-2147483648, formContentFilter urls=[/*] order=-9900, requestContextFilter urls=[/*] order=-105
2022-10-19 08:51:14.223 [main] "  " DEBUG o.s.b.web.servlet.ServletContextInitializerBeans - Mapping servlets: dispatcherServlet urls=[/]
2022-10-19 08:51:15.121 [main] "  " DEBUG o.s.w.s.m.m.a.RequestMappingHandlerAdapter - ControllerAdvice beans: 0 @ModelAttribute, 0 @InitBinder, 1 RequestBodyAdvice, 1 ResponseBodyAdvice
2022-10-19 08:51:15.180 [main] "  " DEBUG o.s.w.s.m.m.a.RequestMappingHandlerMapping - 6 mappings in 'requestMappingHandlerMapping'
2022-10-19 08:51:15.195 [main] "  " DEBUG o.s.web.servlet.handler.BeanNameUrlHandlerMapping - Detected 1 mappings in 'beanNameHandlerMapping'
2022-10-19 08:51:15.211 [main] "  " DEBUG o.s.web.servlet.handler.SimpleUrlHandlerMapping - Patterns [/webjars/**, /**] in 'resourceHandlerMapping'
2022-10-19 08:51:15.224 [main] "  " DEBUG o.s.w.s.m.m.a.ExceptionHandlerExceptionResolver - ControllerAdvice beans: 0 @ExceptionHandler, 1 ResponseBodyAdvice
2022-10-19 08:51:24.230 [http-nio-10001-exec-1] "  " DEBUG org.springframework.web.servlet.DispatcherServlet - Detected StandardServletMultipartResolver
2022-10-19 08:51:24.240 [http-nio-10001-exec-1] "  " DEBUG org.springframework.web.servlet.DispatcherServlet - enableLoggingRequestDetails='false': request parameters and headers will be masked to prevent unsafe logging of potentially sensitive data
2022-10-19 08:51:24.256 [http-nio-10001-exec-1] "  " DEBUG org.springframework.web.servlet.DispatcherServlet - GET "/api/robot", parameters={}
2022-10-19 08:51:24.262 [http-nio-10001-exec-1] "  " DEBUG o.s.w.s.m.m.a.RequestMappingHandlerMapping - Mapped to com.lincoco.xiaokarobot.RobotApi#execute()
2022-10-19 08:51:25.359 [http-nio-10001-exec-1] "  " DEBUG c.l.xiaokarobot.dao.UserIdentityDAO.selectList - ==>  Preparing: SELECT id,password,phone_number,mailbox,school,create_time,update_time,delete_time FROM user_identity WHERE delete_time IS NULL
2022-10-19 08:51:25.416 [http-nio-10001-exec-1] "  " DEBUG c.l.xiaokarobot.dao.UserIdentityDAO.selectList - ==> Parameters: 
2022-10-19 08:51:25.540 [http-nio-10001-exec-1] "  " DEBUG c.l.xiaokarobot.dao.UserIdentityDAO.selectList - <==      Total: 4
2022-10-19 08:57:04.595 [http-nio-10001-exec-1] "  " DEBUG c.l.xiaokarobot.dao.UserIdentityDAO.selectById - ==>  Preparing: SELECT id,password,phone_number,mailbox,school,create_time,update_time,delete_time FROM user_identity WHERE id=? AND delete_time IS NULL
2022-10-19 08:57:04.599 [http-nio-10001-exec-1] "  " DEBUG c.l.xiaokarobot.dao.UserIdentityDAO.selectById - ==> Parameters: 2012011085(String)
2022-10-19 08:57:04.725 [http-nio-10001-exec-1] "  " DEBUG c.l.xiaokarobot.dao.UserIdentityDAO.selectById - <==      Total: 1
2022-10-19 08:57:08.931 [http-nio-10001-exec-1] "  " DEBUG o.s.w.s.m.m.a.RequestResponseBodyMethodProcessor - Using 'application/json', given [*/*] and supported [application/json, application/*+json, application/json, application/*+json]
2022-10-19 08:57:08.932 [http-nio-10001-exec-1] "  " DEBUG o.s.w.s.m.m.a.RequestResponseBodyMethodProcessor - Nothing to write: null body
2022-10-19 08:57:08.940 [http-nio-10001-exec-1] "  " DEBUG org.springframework.web.servlet.DispatcherServlet - Completed 200 OK
2022-10-19 09:03:58.669 [main] "  " DEBUG org.springframework.web.context.ContextLoader - Published root WebApplicationContext as ServletContext attribute with name [org.springframework.web.context.WebApplicationContext.ROOT]
2022-10-19 09:03:58.698 [main] "  " DEBUG o.s.b.web.servlet.ServletContextInitializerBeans - Mapping filters: characterEncodingFilter urls=[/*] order=-2147483648, formContentFilter urls=[/*] order=-9900, requestContextFilter urls=[/*] order=-105
2022-10-19 09:03:58.699 [main] "  " DEBUG o.s.b.web.servlet.ServletContextInitializerBeans - Mapping servlets: dispatcherServlet urls=[/]
2022-10-19 09:04:00.144 [main] "  " DEBUG o.s.w.s.m.m.a.RequestMappingHandlerAdapter - ControllerAdvice beans: 0 @ModelAttribute, 0 @InitBinder, 1 RequestBodyAdvice, 1 ResponseBodyAdvice
2022-10-19 09:04:00.262 [main] "  " DEBUG o.s.w.s.m.m.a.RequestMappingHandlerMapping - 6 mappings in 'requestMappingHandlerMapping'
2022-10-19 09:04:00.282 [main] "  " DEBUG o.s.web.servlet.handler.BeanNameUrlHandlerMapping - Detected 1 mappings in 'beanNameHandlerMapping'
2022-10-19 09:04:00.309 [main] "  " DEBUG o.s.web.servlet.handler.SimpleUrlHandlerMapping - Patterns [/webjars/**, /**] in 'resourceHandlerMapping'
2022-10-19 09:04:00.328 [main] "  " DEBUG o.s.w.s.m.m.a.ExceptionHandlerExceptionResolver - ControllerAdvice beans: 0 @ExceptionHandler, 1 ResponseBodyAdvice
2022-10-19 09:05:45.674 [http-nio-10001-exec-1] "  " DEBUG org.springframework.web.servlet.DispatcherServlet - Detected StandardServletMultipartResolver
2022-10-19 09:05:45.738 [http-nio-10001-exec-1] "  " DEBUG org.springframework.web.servlet.DispatcherServlet - enableLoggingRequestDetails='false': request parameters and headers will be masked to prevent unsafe logging of potentially sensitive data
2022-10-19 09:05:45.789 [http-nio-10001-exec-1] "  " DEBUG org.springframework.web.servlet.DispatcherServlet - GET "/api/robot", parameters={}
2022-10-19 09:05:46.080 [http-nio-10001-exec-1] "  " DEBUG o.s.w.s.m.m.a.RequestMappingHandlerMapping - Mapped to com.lincoco.xiaokarobot.RobotApi#execute()
2022-10-19 09:05:48.835 [http-nio-10001-exec-1] "  " DEBUG c.l.xiaokarobot.dao.UserIdentityDAO.selectList - ==>  Preparing: SELECT id,password,phone_number,mailbox,school,create_time,update_time,delete_time FROM user_identity WHERE delete_time IS NULL
2022-10-19 09:05:48.903 [http-nio-10001-exec-1] "  " DEBUG c.l.xiaokarobot.dao.UserIdentityDAO.selectList - ==> Parameters: 
2022-10-19 09:05:49.098 [http-nio-10001-exec-1] "  " DEBUG c.l.xiaokarobot.dao.UserIdentityDAO.selectList - <==      Total: 4
2022-10-19 09:08:59.734 [main] "  " DEBUG org.springframework.web.context.ContextLoader - Published root WebApplicationContext as ServletContext attribute with name [org.springframework.web.context.WebApplicationContext.ROOT]
2022-10-19 09:08:59.795 [main] "  " DEBUG o.s.b.web.servlet.ServletContextInitializerBeans - Mapping filters: characterEncodingFilter urls=[/*] order=-2147483648, formContentFilter urls=[/*] order=-9900, requestContextFilter urls=[/*] order=-105
2022-10-19 09:08:59.797 [main] "  " DEBUG o.s.b.web.servlet.ServletContextInitializerBeans - Mapping servlets: dispatcherServlet urls=[/]
2022-10-19 09:09:02.680 [main] "  " DEBUG o.s.w.s.m.m.a.RequestMappingHandlerAdapter - ControllerAdvice beans: 0 @ModelAttribute, 0 @InitBinder, 1 RequestBodyAdvice, 1 ResponseBodyAdvice
2022-10-19 09:09:02.890 [main] "  " DEBUG o.s.w.s.m.m.a.RequestMappingHandlerMapping - 6 mappings in 'requestMappingHandlerMapping'
2022-10-19 09:09:02.919 [main] "  " DEBUG o.s.web.servlet.handler.BeanNameUrlHandlerMapping - Detected 1 mappings in 'beanNameHandlerMapping'
2022-10-19 09:09:02.983 [main] "  " DEBUG o.s.web.servlet.handler.SimpleUrlHandlerMapping - Patterns [/webjars/**, /**] in 'resourceHandlerMapping'
2022-10-19 09:09:03.024 [main] "  " DEBUG o.s.w.s.m.m.a.ExceptionHandlerExceptionResolver - ControllerAdvice beans: 0 @ExceptionHandler, 1 ResponseBodyAdvice
2022-10-19 09:09:11.783 [http-nio-10001-exec-1] "  " DEBUG org.springframework.web.servlet.DispatcherServlet - Detected StandardServletMultipartResolver
2022-10-19 09:09:11.841 [http-nio-10001-exec-1] "  " DEBUG org.springframework.web.servlet.DispatcherServlet - enableLoggingRequestDetails='false': request parameters and headers will be masked to prevent unsafe logging of potentially sensitive data
2022-10-19 09:09:11.884 [http-nio-10001-exec-1] "  " DEBUG org.springframework.web.servlet.DispatcherServlet - GET "/api/robot", parameters={}
2022-10-19 09:09:11.903 [http-nio-10001-exec-1] "  " DEBUG o.s.w.s.m.m.a.RequestMappingHandlerMapping - Mapped to com.lincoco.xiaokarobot.RobotApi#execute()
2022-10-19 09:09:14.042 [http-nio-10001-exec-1] "  " DEBUG c.l.xiaokarobot.dao.UserIdentityDAO.selectList - ==>  Preparing: SELECT id,password,phone_number,mailbox,school,create_time,update_time,delete_time FROM user_identity WHERE delete_time IS NULL
2022-10-19 09:09:14.115 [http-nio-10001-exec-1] "  " DEBUG c.l.xiaokarobot.dao.UserIdentityDAO.selectList - ==> Parameters: 
2022-10-19 09:09:14.284 [http-nio-10001-exec-1] "  " DEBUG c.l.xiaokarobot.dao.UserIdentityDAO.selectList - <==      Total: 4
2022-10-19 09:13:51.239 [http-nio-10001-exec-1] "  " DEBUG c.l.xiaokarobot.dao.UserIdentityDAO.selectById - ==>  Preparing: SELECT id,password,phone_number,mailbox,school,create_time,update_time,delete_time FROM user_identity WHERE id=? AND delete_time IS NULL
2022-10-19 09:13:51.251 [http-nio-10001-exec-1] "  " DEBUG c.l.xiaokarobot.dao.UserIdentityDAO.selectById - ==> Parameters: 2012011085(String)
2022-10-19 09:13:51.456 [http-nio-10001-exec-1] "  " DEBUG c.l.xiaokarobot.dao.UserIdentityDAO.selectById - <==      Total: 1
2022-10-19 09:13:54.706 [http-nio-10001-exec-1] "  " DEBUG o.s.w.s.m.m.a.RequestResponseBodyMethodProcessor - Using 'application/json', given [*/*] and supported [application/json, application/*+json, application/json, application/*+json]
2022-10-19 09:13:54.707 [http-nio-10001-exec-1] "  " DEBUG o.s.w.s.m.m.a.RequestResponseBodyMethodProcessor - Nothing to write: null body
2022-10-19 09:13:54.711 [http-nio-10001-exec-1] "  " DEBUG org.springframework.web.servlet.DispatcherServlet - Completed 200 OK
2022-10-19 11:26:52.122 [main] "  " DEBUG org.springframework.web.context.ContextLoader - Published root WebApplicationContext as ServletContext attribute with name [org.springframework.web.context.WebApplicationContext.ROOT]
2022-10-19 11:26:52.154 [main] "  " DEBUG o.s.b.web.servlet.ServletContextInitializerBeans - Mapping filters: characterEncodingFilter urls=[/*] order=-2147483648, formContentFilter urls=[/*] order=-9900, requestContextFilter urls=[/*] order=-105
2022-10-19 11:26:52.155 [main] "  " DEBUG o.s.b.web.servlet.ServletContextInitializerBeans - Mapping servlets: dispatcherServlet urls=[/]
2022-10-19 11:26:53.539 [main] "  " DEBUG o.s.w.s.m.m.a.RequestMappingHandlerAdapter - ControllerAdvice beans: 0 @ModelAttribute, 0 @InitBinder, 1 RequestBodyAdvice, 1 ResponseBodyAdvice
2022-10-19 11:26:53.667 [main] "  " DEBUG o.s.w.s.m.m.a.RequestMappingHandlerMapping - 6 mappings in 'requestMappingHandlerMapping'
2022-10-19 11:26:53.689 [main] "  " DEBUG o.s.web.servlet.handler.BeanNameUrlHandlerMapping - Detected 1 mappings in 'beanNameHandlerMapping'
2022-10-19 11:26:53.738 [main] "  " DEBUG o.s.web.servlet.handler.SimpleUrlHandlerMapping - Patterns [/webjars/**, /**] in 'resourceHandlerMapping'
2022-10-19 11:26:53.757 [main] "  " DEBUG o.s.w.s.m.m.a.ExceptionHandlerExceptionResolver - ControllerAdvice beans: 0 @ExceptionHandler, 1 ResponseBodyAdvice
2022-10-19 11:27:11.645 [http-nio-10001-exec-1] "  " DEBUG org.springframework.web.servlet.DispatcherServlet - Detected StandardServletMultipartResolver
2022-10-19 11:27:11.700 [http-nio-10001-exec-1] "  " DEBUG org.springframework.web.servlet.DispatcherServlet - enableLoggingRequestDetails='false': request parameters and headers will be masked to prevent unsafe logging of potentially sensitive data
2022-10-19 11:27:11.763 [http-nio-10001-exec-1] "  " DEBUG org.springframework.web.servlet.DispatcherServlet - GET "/api/robot", parameters={}
2022-10-19 11:27:11.791 [http-nio-10001-exec-1] "  " DEBUG o.s.w.s.m.m.a.RequestMappingHandlerMapping - Mapped to com.lincoco.xiaokarobot.RobotApi#execute()
2022-10-19 11:27:13.083 [http-nio-10001-exec-1] "  " DEBUG c.l.xiaokarobot.dao.UserIdentityDAO.selectList - ==>  Preparing: SELECT id,password,phone_number,mailbox,school,create_time,update_time,delete_time FROM user_identity WHERE delete_time IS NULL
2022-10-19 11:27:13.176 [http-nio-10001-exec-1] "  " DEBUG c.l.xiaokarobot.dao.UserIdentityDAO.selectList - ==> Parameters: 
2022-10-19 11:27:13.340 [http-nio-10001-exec-1] "  " DEBUG c.l.xiaokarobot.dao.UserIdentityDAO.selectList - <==      Total: 4
2022-10-19 11:29:01.731 [http-nio-10001-exec-1] "  " DEBUG c.l.xiaokarobot.dao.UserIdentityDAO.selectById - ==>  Preparing: SELECT id,password,phone_number,mailbox,school,create_time,update_time,delete_time FROM user_identity WHERE id=? AND delete_time IS NULL
2022-10-19 11:29:01.749 [http-nio-10001-exec-1] "  " DEBUG c.l.xiaokarobot.dao.UserIdentityDAO.selectById - ==> Parameters: 2012011085(String)
2022-10-19 11:29:01.772 [http-nio-10001-exec-1] "  " DEBUG c.l.xiaokarobot.dao.UserIdentityDAO.selectById - <==      Total: 1
2022-10-19 11:29:04.836 [http-nio-10001-exec-1] "  " DEBUG o.s.w.s.m.m.a.RequestResponseBodyMethodProcessor - Using 'application/json', given [*/*] and supported [application/json, application/*+json, application/json, application/*+json]
2022-10-19 11:29:04.837 [http-nio-10001-exec-1] "  " DEBUG o.s.w.s.m.m.a.RequestResponseBodyMethodProcessor - Nothing to write: null body
2022-10-19 11:29:04.840 [http-nio-10001-exec-1] "  " DEBUG org.springframework.web.servlet.DispatcherServlet - Completed 200 OK
2022-10-19 11:35:44.773 [main] "  " DEBUG org.springframework.web.context.ContextLoader - Published root WebApplicationContext as ServletContext attribute with name [org.springframework.web.context.WebApplicationContext.ROOT]
2022-10-19 11:35:44.801 [main] "  " DEBUG o.s.b.web.servlet.ServletContextInitializerBeans - Mapping filters: characterEncodingFilter urls=[/*] order=-2147483648, formContentFilter urls=[/*] order=-9900, requestContextFilter urls=[/*] order=-105
2022-10-19 11:35:44.801 [main] "  " DEBUG o.s.b.web.servlet.ServletContextInitializerBeans - Mapping servlets: dispatcherServlet urls=[/]
2022-10-19 11:35:46.033 [main] "  " DEBUG o.s.w.s.m.m.a.RequestMappingHandlerAdapter - ControllerAdvice beans: 0 @ModelAttribute, 0 @InitBinder, 1 RequestBodyAdvice, 1 ResponseBodyAdvice
2022-10-19 11:35:46.155 [main] "  " DEBUG o.s.w.s.m.m.a.RequestMappingHandlerMapping - 6 mappings in 'requestMappingHandlerMapping'
2022-10-19 11:35:46.176 [main] "  " DEBUG o.s.web.servlet.handler.BeanNameUrlHandlerMapping - Detected 1 mappings in 'beanNameHandlerMapping'
2022-10-19 11:35:46.205 [main] "  " DEBUG o.s.web.servlet.handler.SimpleUrlHandlerMapping - Patterns [/webjars/**, /**] in 'resourceHandlerMapping'
2022-10-19 11:35:46.228 [main] "  " DEBUG o.s.w.s.m.m.a.ExceptionHandlerExceptionResolver - ControllerAdvice beans: 0 @ExceptionHandler, 1 ResponseBodyAdvice
2022-10-19 11:39:54.230 [http-nio-10001-exec-1] "  " DEBUG org.springframework.web.servlet.DispatcherServlet - Detected StandardServletMultipartResolver
2022-10-19 11:39:54.255 [http-nio-10001-exec-1] "  " DEBUG org.springframework.web.servlet.DispatcherServlet - enableLoggingRequestDetails='false': request parameters and headers will be masked to prevent unsafe logging of potentially sensitive data
2022-10-19 11:39:54.278 [http-nio-10001-exec-1] "  " DEBUG org.springframework.web.servlet.DispatcherServlet - GET "/api/robot", parameters={}
2022-10-19 11:39:54.287 [http-nio-10001-exec-1] "  " DEBUG o.s.w.s.m.m.a.RequestMappingHandlerMapping - Mapped to com.lincoco.xiaokarobot.RobotApi#execute()
2022-10-19 11:39:55.354 [http-nio-10001-exec-1] "  " DEBUG c.l.xiaokarobot.dao.UserIdentityDAO.selectList - ==>  Preparing: SELECT id,password,phone_number,mailbox,school,create_time,update_time,delete_time FROM user_identity WHERE delete_time IS NULL
2022-10-19 11:39:55.405 [http-nio-10001-exec-1] "  " DEBUG c.l.xiaokarobot.dao.UserIdentityDAO.selectList - ==> Parameters: 
2022-10-19 11:39:55.477 [http-nio-10001-exec-1] "  " DEBUG c.l.xiaokarobot.dao.UserIdentityDAO.selectList - <==      Total: 4
2022-10-19 11:42:05.379 [http-nio-10001-exec-1] "  " DEBUG c.l.xiaokarobot.dao.UserIdentityDAO.selectById - ==>  Preparing: SELECT id,password,phone_number,mailbox,school,create_time,update_time,delete_time FROM user_identity WHERE id=? AND delete_time IS NULL
2022-10-19 11:42:05.386 [http-nio-10001-exec-1] "  " DEBUG c.l.xiaokarobot.dao.UserIdentityDAO.selectById - ==> Parameters: 2012011085(String)
2022-10-19 11:42:05.633 [http-nio-10001-exec-1] "  " DEBUG c.l.xiaokarobot.dao.UserIdentityDAO.selectById - <==      Total: 1
2022-10-19 11:42:08.019 [http-nio-10001-exec-1] "  " DEBUG o.s.w.s.m.m.a.RequestResponseBodyMethodProcessor - Using 'application/json', given [*/*] and supported [application/json, application/*+json, application/json, application/*+json]
2022-10-19 11:42:08.019 [http-nio-10001-exec-1] "  " DEBUG o.s.w.s.m.m.a.RequestResponseBodyMethodProcessor - Nothing to write: null body
2022-10-19 11:42:08.576 [http-nio-10001-exec-1] "  " DEBUG org.springframework.web.servlet.DispatcherServlet - Completed 200 OK
2022-10-19 11:43:02.303 [main] "  " DEBUG org.springframework.web.context.ContextLoader - Published root WebApplicationContext as ServletContext attribute with name [org.springframework.web.context.WebApplicationContext.ROOT]
2022-10-19 11:43:02.330 [main] "  " DEBUG o.s.b.web.servlet.ServletContextInitializerBeans - Mapping filters: characterEncodingFilter urls=[/*] order=-2147483648, formContentFilter urls=[/*] order=-9900, requestContextFilter urls=[/*] order=-105
2022-10-19 11:43:02.330 [main] "  " DEBUG o.s.b.web.servlet.ServletContextInitializerBeans - Mapping servlets: dispatcherServlet urls=[/]
2022-10-19 11:43:03.332 [main] "  " DEBUG o.s.w.s.m.m.a.RequestMappingHandlerAdapter - ControllerAdvice beans: 0 @ModelAttribute, 0 @InitBinder, 1 RequestBodyAdvice, 1 ResponseBodyAdvice
2022-10-19 11:43:03.400 [main] "  " DEBUG o.s.w.s.m.m.a.RequestMappingHandlerMapping - 6 mappings in 'requestMappingHandlerMapping'
2022-10-19 11:43:03.414 [main] "  " DEBUG o.s.web.servlet.handler.BeanNameUrlHandlerMapping - Detected 1 mappings in 'beanNameHandlerMapping'
2022-10-19 11:43:03.438 [main] "  " DEBUG o.s.web.servlet.handler.SimpleUrlHandlerMapping - Patterns [/webjars/**, /**] in 'resourceHandlerMapping'
2022-10-19 11:43:03.458 [main] "  " DEBUG o.s.w.s.m.m.a.ExceptionHandlerExceptionResolver - ControllerAdvice beans: 0 @ExceptionHandler, 1 ResponseBodyAdvice
2022-10-19 11:44:41.074 [http-nio-10001-exec-1] "  " DEBUG org.springframework.web.servlet.DispatcherServlet - Detected StandardServletMultipartResolver
2022-10-19 11:44:41.083 [http-nio-10001-exec-1] "  " DEBUG org.springframework.web.servlet.DispatcherServlet - enableLoggingRequestDetails='false': request parameters and headers will be masked to prevent unsafe logging of potentially sensitive data
2022-10-19 11:44:41.095 [http-nio-10001-exec-1] "  " DEBUG org.springframework.web.servlet.DispatcherServlet - GET "/api/robot", parameters={}
2022-10-19 11:44:41.102 [http-nio-10001-exec-1] "  " DEBUG o.s.w.s.m.m.a.RequestMappingHandlerMapping - Mapped to com.lincoco.xiaokarobot.RobotApi#execute()
2022-10-19 11:44:41.926 [http-nio-10001-exec-1] "  " DEBUG c.l.xiaokarobot.dao.UserIdentityDAO.selectList - ==>  Preparing: SELECT id,password,phone_number,mailbox,school,create_time,update_time,delete_time FROM user_identity WHERE delete_time IS NULL
2022-10-19 11:44:41.965 [http-nio-10001-exec-1] "  " DEBUG c.l.xiaokarobot.dao.UserIdentityDAO.selectList - ==> Parameters: 
2022-10-19 11:44:42.037 [http-nio-10001-exec-1] "  " DEBUG c.l.xiaokarobot.dao.UserIdentityDAO.selectList - <==      Total: 4
2022-10-19 11:47:05.937 [http-nio-10001-exec-1] "  " DEBUG c.l.xiaokarobot.dao.UserIdentityDAO.selectById - ==>  Preparing: SELECT id,password,phone_number,mailbox,school,create_time,update_time,delete_time FROM user_identity WHERE id=? AND delete_time IS NULL
2022-10-19 11:47:05.951 [http-nio-10001-exec-1] "  " DEBUG c.l.xiaokarobot.dao.UserIdentityDAO.selectById - ==> Parameters: 2012011085(String)
2022-10-19 11:47:05.971 [http-nio-10001-exec-1] "  " DEBUG c.l.xiaokarobot.dao.UserIdentityDAO.selectById - <==      Total: 1
2022-10-19 11:47:07.681 [http-nio-10001-exec-1] "  " DEBUG o.s.w.s.m.m.a.RequestResponseBodyMethodProcessor - Using 'application/json;q=0.8', given [text/html, application/xhtml+xml, image/avif, image/webp, image/apng, application/xml;q=0.9, application/signed-exchange;v=b3;q=0.9, */*;q=0.8] and supported [application/json, application/*+json, application/json, application/*+json]
2022-10-19 11:47:07.682 [http-nio-10001-exec-1] "  " DEBUG o.s.w.s.m.m.a.RequestResponseBodyMethodProcessor - Nothing to write: null body
2022-10-19 11:47:07.684 [http-nio-10001-exec-1] "  " DEBUG org.springframework.web.servlet.DispatcherServlet - Completed 200 OK
2022-10-19 11:50:07.081 [http-nio-10001-exec-4] "  " DEBUG org.springframework.web.servlet.DispatcherServlet - GET "/api/robot", parameters={}
2022-10-19 11:50:07.087 [http-nio-10001-exec-4] "  " DEBUG o.s.w.s.m.m.a.RequestMappingHandlerMapping - Mapped to com.lincoco.xiaokarobot.RobotApi#execute()
2022-10-19 11:50:07.111 [http-nio-10001-exec-4] "  " DEBUG c.l.xiaokarobot.dao.UserIdentityDAO.selectList - ==>  Preparing: SELECT id,password,phone_number,mailbox,school,create_time,update_time,delete_time FROM user_identity WHERE delete_time IS NULL
2022-10-19 11:50:07.113 [http-nio-10001-exec-4] "  " DEBUG c.l.xiaokarobot.dao.UserIdentityDAO.selectList - ==> Parameters: 
2022-10-19 11:50:07.135 [http-nio-10001-exec-4] "  " DEBUG c.l.xiaokarobot.dao.UserIdentityDAO.selectList - <==      Total: 4
2022-10-19 11:52:43.152 [http-nio-10001-exec-4] "  " DEBUG c.l.xiaokarobot.dao.UserIdentityDAO.selectById - ==>  Preparing: SELECT id,password,phone_number,mailbox,school,create_time,update_time,delete_time FROM user_identity WHERE id=? AND delete_time IS NULL
2022-10-19 11:52:43.156 [http-nio-10001-exec-4] "  " DEBUG c.l.xiaokarobot.dao.UserIdentityDAO.selectById - ==> Parameters: 2012011085(String)
2022-10-19 11:52:43.172 [http-nio-10001-exec-4] "  " DEBUG c.l.xiaokarobot.dao.UserIdentityDAO.selectById - <==      Total: 1
2022-10-19 11:52:44.114 [http-nio-10001-exec-4] "  " DEBUG o.s.w.s.m.m.a.RequestResponseBodyMethodProcessor - Using 'application/json;q=0.8', given [text/html, application/xhtml+xml, image/avif, image/webp, image/apng, application/xml;q=0.9, application/signed-exchange;v=b3;q=0.9, */*;q=0.8] and supported [application/json, application/*+json, application/json, application/*+json]
2022-10-19 11:52:44.115 [http-nio-10001-exec-4] "  " DEBUG o.s.w.s.m.m.a.RequestResponseBodyMethodProcessor - Nothing to write: null body
2022-10-19 11:52:44.116 [http-nio-10001-exec-4] "  " DEBUG org.springframework.web.servlet.DispatcherServlet - Completed 200 OK
2022-10-19 12:02:12.662 [main] "  " DEBUG org.springframework.web.context.ContextLoader - Published root WebApplicationContext as ServletContext attribute with name [org.springframework.web.context.WebApplicationContext.ROOT]
2022-10-19 12:02:12.694 [main] "  " DEBUG o.s.b.web.servlet.ServletContextInitializerBeans - Mapping filters: characterEncodingFilter urls=[/*] order=-2147483648, formContentFilter urls=[/*] order=-9900, requestContextFilter urls=[/*] order=-105
2022-10-19 12:02:12.695 [main] "  " DEBUG o.s.b.web.servlet.ServletContextInitializerBeans - Mapping servlets: dispatcherServlet urls=[/]
2022-10-19 12:02:13.625 [main] "  " DEBUG o.s.w.s.m.m.a.RequestMappingHandlerAdapter - ControllerAdvice beans: 0 @ModelAttribute, 0 @InitBinder, 1 RequestBodyAdvice, 1 ResponseBodyAdvice
2022-10-19 12:02:13.682 [main] "  " DEBUG o.s.w.s.m.m.a.RequestMappingHandlerMapping - 6 mappings in 'requestMappingHandlerMapping'
2022-10-19 12:02:13.697 [main] "  " DEBUG o.s.web.servlet.handler.BeanNameUrlHandlerMapping - Detected 1 mappings in 'beanNameHandlerMapping'
2022-10-19 12:02:13.713 [main] "  " DEBUG o.s.web.servlet.handler.SimpleUrlHandlerMapping - Patterns [/webjars/**, /**] in 'resourceHandlerMapping'
2022-10-19 12:02:13.726 [main] "  " DEBUG o.s.w.s.m.m.a.ExceptionHandlerExceptionResolver - ControllerAdvice beans: 0 @ExceptionHandler, 1 ResponseBodyAdvice
2022-10-19 12:02:25.958 [http-nio-10001-exec-1] "  " DEBUG org.springframework.web.servlet.DispatcherServlet - Detected StandardServletMultipartResolver
2022-10-19 12:02:25.973 [http-nio-10001-exec-1] "  " DEBUG org.springframework.web.servlet.DispatcherServlet - enableLoggingRequestDetails='false': request parameters and headers will be masked to prevent unsafe logging of potentially sensitive data
2022-10-19 12:02:25.983 [http-nio-10001-exec-1] "  " DEBUG org.springframework.web.servlet.DispatcherServlet - GET "/api/robot", parameters={}
2022-10-19 12:02:25.987 [http-nio-10001-exec-1] "  " DEBUG o.s.w.s.m.m.a.RequestMappingHandlerMapping - Mapped to com.lincoco.xiaokarobot.RobotApi#execute()
2022-10-19 12:02:26.898 [http-nio-10001-exec-1] "  " DEBUG c.l.xiaokarobot.dao.UserIdentityDAO.selectList - ==>  Preparing: SELECT id,password,phone_number,mailbox,school,create_time,update_time,delete_time FROM user_identity WHERE delete_time IS NULL
2022-10-19 12:02:26.937 [http-nio-10001-exec-1] "  " DEBUG c.l.xiaokarobot.dao.UserIdentityDAO.selectList - ==> Parameters: 
2022-10-19 12:02:26.993 [http-nio-10001-exec-1] "  " DEBUG c.l.xiaokarobot.dao.UserIdentityDAO.selectList - <==      Total: 4
2022-10-19 12:03:53.508 [http-nio-10001-exec-1] "  " DEBUG c.l.xiaokarobot.dao.UserIdentityDAO.selectById - ==>  Preparing: SELECT id,password,phone_number,mailbox,school,create_time,update_time,delete_time FROM user_identity WHERE id=? AND delete_time IS NULL
2022-10-19 12:03:53.512 [http-nio-10001-exec-1] "  " DEBUG c.l.xiaokarobot.dao.UserIdentityDAO.selectById - ==> Parameters: 2012011085(String)
2022-10-19 12:03:53.533 [http-nio-10001-exec-1] "  " DEBUG c.l.xiaokarobot.dao.UserIdentityDAO.selectById - <==      Total: 1
2022-10-19 12:03:55.137 [http-nio-10001-exec-1] "  " DEBUG o.s.w.s.m.m.a.RequestResponseBodyMethodProcessor - Using 'application/json;q=0.8', given [text/html, application/xhtml+xml, image/avif, image/webp, image/apng, application/xml;q=0.9, application/signed-exchange;v=b3;q=0.9, */*;q=0.8] and supported [application/json, application/*+json, application/json, application/*+json]
2022-10-19 12:03:55.138 [http-nio-10001-exec-1] "  " DEBUG o.s.w.s.m.m.a.RequestResponseBodyMethodProcessor - Nothing to write: null body
2022-10-19 12:03:55.139 [http-nio-10001-exec-1] "  " DEBUG org.springframework.web.servlet.DispatcherServlet - Completed 200 OK
