2022-10-18 13:28:57.657 [main] "  " DEBUG org.springframework.web.context.ContextLoader - Published root WebApplicationContext as ServletContext attribute with name [org.springframework.web.context.WebApplicationContext.ROOT]
2022-10-18 13:28:57.689 [main] "  " DEBUG o.s.b.web.servlet.ServletContextInitializerBeans - Mapping filters: characterEncodingFilter urls=[/*] order=-2147483648, formContentFilter urls=[/*] order=-9900, requestContextFilter urls=[/*] order=-105
2022-10-18 13:28:57.690 [main] "  " DEBUG o.s.b.web.servlet.ServletContextInitializerBeans - Mapping servlets: dispatcherServlet urls=[/]
2022-10-18 13:28:58.903 [main] "  " DEBUG o.s.w.s.m.m.a.RequestMappingHandlerAdapter - ControllerAdvice beans: 0 @ModelAttribute, 0 @InitBinder, 1 RequestBodyAdvice, 1 ResponseBodyAdvice
2022-10-18 13:28:59.023 [main] "  " DEBUG o.s.w.s.m.m.a.RequestMappingHandlerMapping - 6 mappings in 'requestMappingHandlerMapping'
2022-10-18 13:28:59.041 [main] "  " DEBUG o.s.web.servlet.handler.BeanNameUrlHandlerMapping - Detected 1 mappings in 'beanNameHandlerMapping'
2022-10-18 13:28:59.066 [main] "  " DEBUG o.s.web.servlet.handler.SimpleUrlHandlerMapping - Patterns [/webjars/**, /**] in 'resourceHandlerMapping'
2022-10-18 13:28:59.082 [main] "  " DEBUG o.s.w.s.m.m.a.ExceptionHandlerExceptionResolver - ControllerAdvice beans: 0 @ExceptionHandler, 1 ResponseBodyAdvice
2022-10-18 13:31:00.801 [pool-1-thread-1] "  " DEBUG c.l.xiaokarobot.dao.UserIdentityDAO.selectList - ==>  Preparing: SELECT id,password,phone_number,mailbox,school,create_time,update_time,delete_time FROM user_identity WHERE delete_time IS NULL
2022-10-18 13:31:00.937 [pool-1-thread-1] "  " DEBUG c.l.xiaokarobot.dao.UserIdentityDAO.selectList - ==> Parameters: 
2022-10-18 13:31:01.037 [pool-1-thread-1] "  " DEBUG c.l.xiaokarobot.dao.UserIdentityDAO.selectList - <==      Total: 3
2022-10-18 13:32:49.945 [pool-1-thread-1] "  " DEBUG c.l.xiaokarobot.dao.UserIdentityDAO.selectById - ==>  Preparing: SELECT id,password,phone_number,mailbox,school,create_time,update_time,delete_time FROM user_identity WHERE id=? AND delete_time IS NULL
2022-10-18 13:32:49.948 [pool-1-thread-1] "  " DEBUG c.l.xiaokarobot.dao.UserIdentityDAO.selectById - ==> Parameters: 2012011085(String)
2022-10-18 13:32:49.966 [pool-1-thread-1] "  " DEBUG c.l.xiaokarobot.dao.UserIdentityDAO.selectById - <==      Total: 1
2022-10-18 13:38:00.032 [pool-1-thread-1] "  " DEBUG c.l.xiaokarobot.dao.UserIdentityDAO.selectList - ==>  Preparing: SELECT id,password,phone_number,mailbox,school,create_time,update_time,delete_time FROM user_identity WHERE delete_time IS NULL
2022-10-18 13:38:00.033 [pool-1-thread-1] "  " DEBUG c.l.xiaokarobot.dao.UserIdentityDAO.selectList - ==> Parameters: 
2022-10-18 13:38:00.050 [pool-1-thread-1] "  " DEBUG c.l.xiaokarobot.dao.UserIdentityDAO.selectList - <==      Total: 4
2022-10-18 13:39:39.138 [pool-1-thread-1] "  " DEBUG c.l.xiaokarobot.dao.UserIdentityDAO.selectById - ==>  Preparing: SELECT id,password,phone_number,mailbox,school,create_time,update_time,delete_time FROM user_identity WHERE id=? AND delete_time IS NULL
2022-10-18 13:39:39.143 [pool-1-thread-1] "  " DEBUG c.l.xiaokarobot.dao.UserIdentityDAO.selectById - ==> Parameters: 2012011085(String)
2022-10-18 13:39:39.166 [pool-1-thread-1] "  " DEBUG c.l.xiaokarobot.dao.UserIdentityDAO.selectById - <==      Total: 1
2022-10-18 13:46:03.982 [main] "  " DEBUG org.springframework.web.context.ContextLoader - Published root WebApplicationContext as ServletContext attribute with name [org.springframework.web.context.WebApplicationContext.ROOT]
2022-10-18 13:46:04.029 [main] "  " DEBUG o.s.b.web.servlet.ServletContextInitializerBeans - Mapping filters: characterEncodingFilter urls=[/*] order=-2147483648, formContentFilter urls=[/*] order=-9900, requestContextFilter urls=[/*] order=-105
2022-10-18 13:46:04.030 [main] "  " DEBUG o.s.b.web.servlet.ServletContextInitializerBeans - Mapping servlets: dispatcherServlet urls=[/]
2022-10-18 13:46:05.984 [main] "  " DEBUG o.s.w.s.m.m.a.RequestMappingHandlerAdapter - ControllerAdvice beans: 0 @ModelAttribute, 0 @InitBinder, 1 RequestBodyAdvice, 1 ResponseBodyAdvice
2022-10-18 13:46:06.123 [main] "  " DEBUG o.s.w.s.m.m.a.RequestMappingHandlerMapping - 6 mappings in 'requestMappingHandlerMapping'
2022-10-18 13:46:06.151 [main] "  " DEBUG o.s.web.servlet.handler.BeanNameUrlHandlerMapping - Detected 1 mappings in 'beanNameHandlerMapping'
2022-10-18 13:46:06.195 [main] "  " DEBUG o.s.web.servlet.handler.SimpleUrlHandlerMapping - Patterns [/webjars/**, /**] in 'resourceHandlerMapping'
2022-10-18 13:46:06.235 [main] "  " DEBUG o.s.w.s.m.m.a.ExceptionHandlerExceptionResolver - ControllerAdvice beans: 0 @ExceptionHandler, 1 ResponseBodyAdvice
2022-10-18 13:53:40.373 [main] "  " DEBUG org.springframework.web.context.ContextLoader - Published root WebApplicationContext as ServletContext attribute with name [org.springframework.web.context.WebApplicationContext.ROOT]
2022-10-18 13:53:40.399 [main] "  " DEBUG o.s.b.web.servlet.ServletContextInitializerBeans - Mapping filters: characterEncodingFilter urls=[/*] order=-2147483648, formContentFilter urls=[/*] order=-9900, requestContextFilter urls=[/*] order=-105
2022-10-18 13:53:40.400 [main] "  " DEBUG o.s.b.web.servlet.ServletContextInitializerBeans - Mapping servlets: dispatcherServlet urls=[/]
2022-10-18 13:53:41.169 [main] "  " DEBUG o.s.w.s.m.m.a.RequestMappingHandlerAdapter - ControllerAdvice beans: 0 @ModelAttribute, 0 @InitBinder, 1 RequestBodyAdvice, 1 ResponseBodyAdvice
2022-10-18 13:53:41.224 [main] "  " DEBUG o.s.w.s.m.m.a.RequestMappingHandlerMapping - 6 mappings in 'requestMappingHandlerMapping'
2022-10-18 13:53:41.238 [main] "  " DEBUG o.s.web.servlet.handler.BeanNameUrlHandlerMapping - Detected 1 mappings in 'beanNameHandlerMapping'
2022-10-18 13:53:41.253 [main] "  " DEBUG o.s.web.servlet.handler.SimpleUrlHandlerMapping - Patterns [/webjars/**, /**] in 'resourceHandlerMapping'
2022-10-18 13:53:41.264 [main] "  " DEBUG o.s.w.s.m.m.a.ExceptionHandlerExceptionResolver - ControllerAdvice beans: 0 @ExceptionHandler, 1 ResponseBodyAdvice
2022-10-18 13:56:08.145 [main] "  " DEBUG org.springframework.web.context.ContextLoader - Published root WebApplicationContext as ServletContext attribute with name [org.springframework.web.context.WebApplicationContext.ROOT]
2022-10-18 13:56:08.170 [main] "  " DEBUG o.s.b.web.servlet.ServletContextInitializerBeans - Mapping filters: characterEncodingFilter urls=[/*] order=-2147483648, formContentFilter urls=[/*] order=-9900, requestContextFilter urls=[/*] order=-105
2022-10-18 13:56:08.170 [main] "  " DEBUG o.s.b.web.servlet.ServletContextInitializerBeans - Mapping servlets: dispatcherServlet urls=[/]
2022-10-18 13:56:09.089 [main] "  " DEBUG o.s.w.s.m.m.a.RequestMappingHandlerAdapter - ControllerAdvice beans: 0 @ModelAttribute, 0 @InitBinder, 1 RequestBodyAdvice, 1 ResponseBodyAdvice
2022-10-18 13:56:09.141 [main] "  " DEBUG o.s.w.s.m.m.a.RequestMappingHandlerMapping - 6 mappings in 'requestMappingHandlerMapping'
2022-10-18 13:56:09.155 [main] "  " DEBUG o.s.web.servlet.handler.BeanNameUrlHandlerMapping - Detected 1 mappings in 'beanNameHandlerMapping'
2022-10-18 13:56:09.169 [main] "  " DEBUG o.s.web.servlet.handler.SimpleUrlHandlerMapping - Patterns [/webjars/**, /**] in 'resourceHandlerMapping'
2022-10-18 13:56:09.180 [main] "  " DEBUG o.s.w.s.m.m.a.ExceptionHandlerExceptionResolver - ControllerAdvice beans: 0 @ExceptionHandler, 1 ResponseBodyAdvice
2022-10-18 14:10:20.599 [main] "  " DEBUG org.springframework.web.context.ContextLoader - Published root WebApplicationContext as ServletContext attribute with name [org.springframework.web.context.WebApplicationContext.ROOT]
2022-10-18 14:10:20.641 [main] "  " DEBUG o.s.b.web.servlet.ServletContextInitializerBeans - Mapping filters: characterEncodingFilter urls=[/*] order=-2147483648, formContentFilter urls=[/*] order=-9900, requestContextFilter urls=[/*] order=-105
2022-10-18 14:10:20.641 [main] "  " DEBUG o.s.b.web.servlet.ServletContextInitializerBeans - Mapping servlets: dispatcherServlet urls=[/]
2022-10-18 14:10:21.841 [main] "  " DEBUG o.s.w.s.m.m.a.RequestMappingHandlerAdapter - ControllerAdvice beans: 0 @ModelAttribute, 0 @InitBinder, 1 RequestBodyAdvice, 1 ResponseBodyAdvice
2022-10-18 14:10:21.975 [main] "  " DEBUG o.s.w.s.m.m.a.RequestMappingHandlerMapping - 3 mappings in 'requestMappingHandlerMapping'
2022-10-18 14:10:22.037 [main] "  " DEBUG o.s.web.servlet.handler.SimpleUrlHandlerMapping - Patterns [/webjars/**, /**] in 'resourceHandlerMapping'
2022-10-18 14:10:22.053 [main] "  " DEBUG o.s.w.s.m.m.a.ExceptionHandlerExceptionResolver - ControllerAdvice beans: 0 @ExceptionHandler, 1 ResponseBodyAdvice
2022-10-18 18:09:08.480 [main] "  " DEBUG org.springframework.web.context.ContextLoader - Published root WebApplicationContext as ServletContext attribute with name [org.springframework.web.context.WebApplicationContext.ROOT]
2022-10-18 18:09:08.507 [main] "  " DEBUG o.s.b.web.servlet.ServletContextInitializerBeans - Mapping filters: characterEncodingFilter urls=[/*] order=-2147483648, formContentFilter urls=[/*] order=-9900, requestContextFilter urls=[/*] order=-105
2022-10-18 18:09:08.507 [main] "  " DEBUG o.s.b.web.servlet.ServletContextInitializerBeans - Mapping servlets: dispatcherServlet urls=[/]
2022-10-18 18:09:09.591 [main] "  " DEBUG o.s.w.s.m.m.a.RequestMappingHandlerAdapter - ControllerAdvice beans: 0 @ModelAttribute, 0 @InitBinder, 1 RequestBodyAdvice, 1 ResponseBodyAdvice
2022-10-18 18:09:09.702 [main] "  " DEBUG o.s.w.s.m.m.a.RequestMappingHandlerMapping - 6 mappings in 'requestMappingHandlerMapping'
2022-10-18 18:09:09.716 [main] "  " DEBUG o.s.web.servlet.handler.BeanNameUrlHandlerMapping - Detected 1 mappings in 'beanNameHandlerMapping'
2022-10-18 18:09:09.743 [main] "  " DEBUG o.s.web.servlet.handler.SimpleUrlHandlerMapping - Patterns [/webjars/**, /**] in 'resourceHandlerMapping'
2022-10-18 18:09:09.760 [main] "  " DEBUG o.s.w.s.m.m.a.ExceptionHandlerExceptionResolver - ControllerAdvice beans: 0 @ExceptionHandler, 1 ResponseBodyAdvice
2022-10-18 21:04:18.364 [main] "  " DEBUG org.springframework.web.context.ContextLoader - Published root WebApplicationContext as ServletContext attribute with name [org.springframework.web.context.WebApplicationContext.ROOT]
2022-10-18 21:04:18.408 [main] "  " DEBUG o.s.b.web.servlet.ServletContextInitializerBeans - Mapping filters: characterEncodingFilter urls=[/*] order=-2147483648, formContentFilter urls=[/*] order=-9900, requestContextFilter urls=[/*] order=-105
2022-10-18 21:04:18.409 [main] "  " DEBUG o.s.b.web.servlet.ServletContextInitializerBeans - Mapping servlets: dispatcherServlet urls=[/]
2022-10-18 21:04:21.935 [main] "  " DEBUG o.s.w.s.m.m.a.RequestMappingHandlerAdapter - ControllerAdvice beans: 0 @ModelAttribute, 0 @InitBinder, 1 RequestBodyAdvice, 1 ResponseBodyAdvice
2022-10-18 21:04:22.286 [main] "  " DEBUG o.s.w.s.m.m.a.RequestMappingHandlerMapping - 6 mappings in 'requestMappingHandlerMapping'
2022-10-18 21:04:22.559 [main] "  " DEBUG o.s.web.servlet.handler.BeanNameUrlHandlerMapping - Detected 1 mappings in 'beanNameHandlerMapping'
2022-10-18 21:04:22.739 [main] "  " DEBUG o.s.web.servlet.handler.SimpleUrlHandlerMapping - Patterns [/webjars/**, /**] in 'resourceHandlerMapping'
2022-10-18 21:04:22.777 [main] "  " DEBUG o.s.w.s.m.m.a.ExceptionHandlerExceptionResolver - ControllerAdvice beans: 0 @ExceptionHandler, 1 ResponseBodyAdvice
2022-10-18 21:04:33.145 [http-nio-10001-exec-1] "  " DEBUG org.springframework.web.servlet.DispatcherServlet - Detected StandardServletMultipartResolver
2022-10-18 21:04:33.189 [http-nio-10001-exec-1] "  " DEBUG org.springframework.web.servlet.DispatcherServlet - enableLoggingRequestDetails='false': request parameters and headers will be masked to prevent unsafe logging of potentially sensitive data
2022-10-18 21:04:33.219 [http-nio-10001-exec-1] "  " DEBUG org.springframework.web.servlet.DispatcherServlet - GET "/api/robot", parameters={}
2022-10-18 21:04:33.229 [http-nio-10001-exec-1] "  " DEBUG o.s.w.s.m.m.a.RequestMappingHandlerMapping - Mapped to com.lincoco.xiaokarobot.RobotApi#execute()
2022-10-18 21:04:34.915 [http-nio-10001-exec-1] "  " DEBUG c.l.xiaokarobot.dao.UserIdentityDAO.selectList - ==>  Preparing: SELECT id,password,phone_number,mailbox,school,create_time,update_time,delete_time FROM user_identity WHERE delete_time IS NULL
2022-10-18 21:04:34.966 [http-nio-10001-exec-1] "  " DEBUG c.l.xiaokarobot.dao.UserIdentityDAO.selectList - ==> Parameters: 
2022-10-18 21:04:35.054 [http-nio-10001-exec-1] "  " DEBUG c.l.xiaokarobot.dao.UserIdentityDAO.selectList - <==      Total: 4
2022-10-18 21:07:16.114 [http-nio-10001-exec-1] "  " DEBUG c.l.xiaokarobot.dao.UserIdentityDAO.selectById - ==>  Preparing: SELECT id,password,phone_number,mailbox,school,create_time,update_time,delete_time FROM user_identity WHERE id=? AND delete_time IS NULL
2022-10-18 21:07:16.119 [http-nio-10001-exec-1] "  " DEBUG c.l.xiaokarobot.dao.UserIdentityDAO.selectById - ==> Parameters: 2012011085(String)
2022-10-18 21:07:16.139 [http-nio-10001-exec-1] "  " DEBUG c.l.xiaokarobot.dao.UserIdentityDAO.selectById - <==      Total: 1
2022-10-18 21:07:17.795 [http-nio-10001-exec-1] "  " DEBUG o.s.w.s.m.m.a.RequestResponseBodyMethodProcessor - Using 'application/json;q=0.8', given [text/html, application/xhtml+xml, image/avif, image/webp, image/apng, application/xml;q=0.9, application/signed-exchange;v=b3;q=0.9, */*;q=0.8] and supported [application/json, application/*+json, application/json, application/*+json]
2022-10-18 21:07:17.796 [http-nio-10001-exec-1] "  " DEBUG o.s.w.s.m.m.a.RequestResponseBodyMethodProcessor - Nothing to write: null body
2022-10-18 21:07:17.799 [http-nio-10001-exec-1] "  " DEBUG org.springframework.web.servlet.DispatcherServlet - Completed 200 OK
2022-10-18 21:10:04.697 [main] "  " DEBUG org.springframework.web.context.ContextLoader - Published root WebApplicationContext as ServletContext attribute with name [org.springframework.web.context.WebApplicationContext.ROOT]
2022-10-18 21:10:04.744 [main] "  " DEBUG o.s.b.web.servlet.ServletContextInitializerBeans - Mapping filters: characterEncodingFilter urls=[/*] order=-2147483648, formContentFilter urls=[/*] order=-9900, requestContextFilter urls=[/*] order=-105
2022-10-18 21:10:04.745 [main] "  " DEBUG o.s.b.web.servlet.ServletContextInitializerBeans - Mapping servlets: dispatcherServlet urls=[/]
2022-10-18 21:10:06.495 [main] "  " DEBUG o.s.w.s.m.m.a.RequestMappingHandlerAdapter - ControllerAdvice beans: 0 @ModelAttribute, 0 @InitBinder, 1 RequestBodyAdvice, 1 ResponseBodyAdvice
2022-10-18 21:10:06.573 [main] "  " DEBUG o.s.w.s.m.m.a.RequestMappingHandlerMapping - 6 mappings in 'requestMappingHandlerMapping'
2022-10-18 21:10:06.593 [main] "  " DEBUG o.s.web.servlet.handler.BeanNameUrlHandlerMapping - Detected 1 mappings in 'beanNameHandlerMapping'
2022-10-18 21:10:06.618 [main] "  " DEBUG o.s.web.servlet.handler.SimpleUrlHandlerMapping - Patterns [/webjars/**, /**] in 'resourceHandlerMapping'
2022-10-18 21:10:06.634 [main] "  " DEBUG o.s.w.s.m.m.a.ExceptionHandlerExceptionResolver - ControllerAdvice beans: 0 @ExceptionHandler, 1 ResponseBodyAdvice
2022-10-18 21:10:23.933 [http-nio-10001-exec-1] "  " DEBUG org.springframework.web.servlet.DispatcherServlet - Detected StandardServletMultipartResolver
2022-10-18 21:10:23.946 [http-nio-10001-exec-1] "  " DEBUG org.springframework.web.servlet.DispatcherServlet - enableLoggingRequestDetails='false': request parameters and headers will be masked to prevent unsafe logging of potentially sensitive data
2022-10-18 21:10:23.964 [http-nio-10001-exec-1] "  " DEBUG org.springframework.web.servlet.DispatcherServlet - GET "/api/robot", parameters={}
2022-10-18 21:10:23.974 [http-nio-10001-exec-1] "  " DEBUG o.s.w.s.m.m.a.RequestMappingHandlerMapping - Mapped to com.lincoco.xiaokarobot.RobotApi#execute()
2022-10-18 21:10:24.772 [http-nio-10001-exec-1] "  " DEBUG c.l.xiaokarobot.dao.UserIdentityDAO.selectList - ==>  Preparing: SELECT id,password,phone_number,mailbox,school,create_time,update_time,delete_time FROM user_identity WHERE delete_time IS NULL
2022-10-18 21:10:24.902 [http-nio-10001-exec-1] "  " DEBUG c.l.xiaokarobot.dao.UserIdentityDAO.selectList - ==> Parameters: 
2022-10-18 21:10:25.029 [http-nio-10001-exec-1] "  " DEBUG c.l.xiaokarobot.dao.UserIdentityDAO.selectList - <==      Total: 4
2022-10-18 21:12:37.443 [http-nio-10001-exec-1] "  " DEBUG c.l.xiaokarobot.dao.UserIdentityDAO.selectById - ==>  Preparing: SELECT id,password,phone_number,mailbox,school,create_time,update_time,delete_time FROM user_identity WHERE id=? AND delete_time IS NULL
2022-10-18 21:12:37.471 [http-nio-10001-exec-1] "  " DEBUG c.l.xiaokarobot.dao.UserIdentityDAO.selectById - ==> Parameters: 2012011085(String)
2022-10-18 21:12:37.542 [http-nio-10001-exec-1] "  " DEBUG c.l.xiaokarobot.dao.UserIdentityDAO.selectById - <==      Total: 1
2022-10-18 21:12:39.351 [http-nio-10001-exec-1] "  " DEBUG o.s.w.s.m.m.a.RequestResponseBodyMethodProcessor - Using 'application/json;q=0.8', given [text/html, application/xhtml+xml, image/avif, image/webp, image/apng, application/xml;q=0.9, application/signed-exchange;v=b3;q=0.9, */*;q=0.8] and supported [application/json, application/*+json, application/json, application/*+json]
2022-10-18 21:12:39.352 [http-nio-10001-exec-1] "  " DEBUG o.s.w.s.m.m.a.RequestResponseBodyMethodProcessor - Nothing to write: null body
2022-10-18 21:12:39.359 [http-nio-10001-exec-1] "  " DEBUG org.springframework.web.servlet.DispatcherServlet - Completed 200 OK
2022-10-18 22:17:08.959 [main] "  " DEBUG org.springframework.web.context.ContextLoader - Published root WebApplicationContext as ServletContext attribute with name [org.springframework.web.context.WebApplicationContext.ROOT]
2022-10-18 22:17:08.995 [main] "  " DEBUG o.s.b.web.servlet.ServletContextInitializerBeans - Mapping filters: characterEncodingFilter urls=[/*] order=-2147483648, formContentFilter urls=[/*] order=-9900, requestContextFilter urls=[/*] order=-105
2022-10-18 22:17:08.995 [main] "  " DEBUG o.s.b.web.servlet.ServletContextInitializerBeans - Mapping servlets: dispatcherServlet urls=[/]
2022-10-18 22:17:10.556 [main] "  " DEBUG o.s.w.s.m.m.a.RequestMappingHandlerAdapter - ControllerAdvice beans: 0 @ModelAttribute, 0 @InitBinder, 1 RequestBodyAdvice, 1 ResponseBodyAdvice
2022-10-18 22:17:10.671 [main] "  " DEBUG o.s.w.s.m.m.a.RequestMappingHandlerMapping - 6 mappings in 'requestMappingHandlerMapping'
2022-10-18 22:17:10.698 [main] "  " DEBUG o.s.web.servlet.handler.BeanNameUrlHandlerMapping - Detected 1 mappings in 'beanNameHandlerMapping'
2022-10-18 22:17:10.730 [main] "  " DEBUG o.s.web.servlet.handler.SimpleUrlHandlerMapping - Patterns [/webjars/**, /**] in 'resourceHandlerMapping'
2022-10-18 22:17:10.754 [main] "  " DEBUG o.s.w.s.m.m.a.ExceptionHandlerExceptionResolver - ControllerAdvice beans: 0 @ExceptionHandler, 1 ResponseBodyAdvice
2022-10-18 22:17:19.007 [http-nio-10001-exec-1] "  " DEBUG org.springframework.web.servlet.DispatcherServlet - Detected StandardServletMultipartResolver
2022-10-18 22:17:19.030 [http-nio-10001-exec-1] "  " DEBUG org.springframework.web.servlet.DispatcherServlet - enableLoggingRequestDetails='false': request parameters and headers will be masked to prevent unsafe logging of potentially sensitive data
2022-10-18 22:17:19.064 [http-nio-10001-exec-1] "  " DEBUG org.springframework.web.servlet.DispatcherServlet - GET "/api/robot", parameters={}
2022-10-18 22:17:19.074 [http-nio-10001-exec-1] "  " DEBUG o.s.w.s.m.m.a.RequestMappingHandlerMapping - Mapped to com.lincoco.xiaokarobot.RobotApi#execute()
2022-10-18 22:17:21.096 [http-nio-10001-exec-1] "  " DEBUG c.l.xiaokarobot.dao.UserIdentityDAO.selectList - ==>  Preparing: SELECT id,password,phone_number,mailbox,school,create_time,update_time,delete_time FROM user_identity WHERE delete_time IS NULL
2022-10-18 22:17:21.284 [http-nio-10001-exec-1] "  " DEBUG c.l.xiaokarobot.dao.UserIdentityDAO.selectList - ==> Parameters: 
2022-10-18 22:17:21.435 [http-nio-10001-exec-1] "  " DEBUG c.l.xiaokarobot.dao.UserIdentityDAO.selectList - <==      Total: 4
2022-10-18 22:19:40.836 [http-nio-10001-exec-1] "  " DEBUG c.l.xiaokarobot.dao.UserIdentityDAO.selectById - ==>  Preparing: SELECT id,password,phone_number,mailbox,school,create_time,update_time,delete_time FROM user_identity WHERE id=? AND delete_time IS NULL
2022-10-18 22:19:40.843 [http-nio-10001-exec-1] "  " DEBUG c.l.xiaokarobot.dao.UserIdentityDAO.selectById - ==> Parameters: 2012011085(String)
2022-10-18 22:19:40.863 [http-nio-10001-exec-1] "  " DEBUG c.l.xiaokarobot.dao.UserIdentityDAO.selectById - <==      Total: 1
2022-10-18 22:19:44.010 [http-nio-10001-exec-1] "  " DEBUG o.s.w.s.m.m.a.RequestResponseBodyMethodProcessor - Using 'application/json;q=0.8', given [text/html, application/xhtml+xml, image/avif, image/webp, image/apng, application/xml;q=0.9, application/signed-exchange;v=b3;q=0.9, */*;q=0.8] and supported [application/json, application/*+json, application/json, application/*+json]
2022-10-18 22:19:44.011 [http-nio-10001-exec-1] "  " DEBUG o.s.w.s.m.m.a.RequestResponseBodyMethodProcessor - Nothing to write: null body
2022-10-18 22:19:44.014 [http-nio-10001-exec-1] "  " DEBUG org.springframework.web.servlet.DispatcherServlet - Completed 200 OK
2022-10-18 22:36:53.668 [main] "  " DEBUG org.springframework.web.context.ContextLoader - Published root WebApplicationContext as ServletContext attribute with name [org.springframework.web.context.WebApplicationContext.ROOT]
2022-10-18 22:36:53.699 [main] "  " DEBUG o.s.b.web.servlet.ServletContextInitializerBeans - Mapping filters: characterEncodingFilter urls=[/*] order=-2147483648, formContentFilter urls=[/*] order=-9900, requestContextFilter urls=[/*] order=-105
2022-10-18 22:36:53.700 [main] "  " DEBUG o.s.b.web.servlet.ServletContextInitializerBeans - Mapping servlets: dispatcherServlet urls=[/]
2022-10-18 22:36:55.014 [main] "  " DEBUG o.s.w.s.m.m.a.RequestMappingHandlerAdapter - ControllerAdvice beans: 0 @ModelAttribute, 0 @InitBinder, 1 RequestBodyAdvice, 1 ResponseBodyAdvice
2022-10-18 22:36:55.070 [main] "  " DEBUG o.s.w.s.m.m.a.RequestMappingHandlerMapping - 6 mappings in 'requestMappingHandlerMapping'
2022-10-18 22:36:55.087 [main] "  " DEBUG o.s.web.servlet.handler.BeanNameUrlHandlerMapping - Detected 1 mappings in 'beanNameHandlerMapping'
2022-10-18 22:36:55.108 [main] "  " DEBUG o.s.web.servlet.handler.SimpleUrlHandlerMapping - Patterns [/webjars/**, /**] in 'resourceHandlerMapping'
2022-10-18 22:36:55.134 [main] "  " DEBUG o.s.w.s.m.m.a.ExceptionHandlerExceptionResolver - ControllerAdvice beans: 0 @ExceptionHandler, 1 ResponseBodyAdvice
2022-10-18 22:37:12.412 [http-nio-10001-exec-1] "  " DEBUG org.springframework.web.servlet.DispatcherServlet - Detected StandardServletMultipartResolver
2022-10-18 22:37:12.424 [http-nio-10001-exec-1] "  " DEBUG org.springframework.web.servlet.DispatcherServlet - enableLoggingRequestDetails='false': request parameters and headers will be masked to prevent unsafe logging of potentially sensitive data
2022-10-18 22:37:12.435 [http-nio-10001-exec-1] "  " DEBUG org.springframework.web.servlet.DispatcherServlet - GET "/api/robot", parameters={}
2022-10-18 22:37:12.439 [http-nio-10001-exec-1] "  " DEBUG o.s.w.s.m.m.a.RequestMappingHandlerMapping - Mapped to com.lincoco.xiaokarobot.RobotApi#execute()
2022-10-18 22:37:13.269 [http-nio-10001-exec-1] "  " DEBUG c.l.xiaokarobot.dao.UserIdentityDAO.selectList - ==>  Preparing: SELECT id,password,phone_number,mailbox,school,create_time,update_time,delete_time FROM user_identity WHERE delete_time IS NULL
2022-10-18 22:37:13.322 [http-nio-10001-exec-1] "  " DEBUG c.l.xiaokarobot.dao.UserIdentityDAO.selectList - ==> Parameters: 
2022-10-18 22:37:13.427 [http-nio-10001-exec-1] "  " DEBUG c.l.xiaokarobot.dao.UserIdentityDAO.selectList - <==      Total: 4
2022-10-18 22:39:52.936 [main] "  " DEBUG org.springframework.web.context.ContextLoader - Published root WebApplicationContext as ServletContext attribute with name [org.springframework.web.context.WebApplicationContext.ROOT]
2022-10-18 22:39:52.974 [main] "  " DEBUG o.s.b.web.servlet.ServletContextInitializerBeans - Mapping filters: characterEncodingFilter urls=[/*] order=-2147483648, formContentFilter urls=[/*] order=-9900, requestContextFilter urls=[/*] order=-105
2022-10-18 22:39:52.975 [main] "  " DEBUG o.s.b.web.servlet.ServletContextInitializerBeans - Mapping servlets: dispatcherServlet urls=[/]
2022-10-18 22:39:55.532 [main] "  " DEBUG o.s.w.s.m.m.a.RequestMappingHandlerAdapter - ControllerAdvice beans: 0 @ModelAttribute, 0 @InitBinder, 1 RequestBodyAdvice, 1 ResponseBodyAdvice
2022-10-18 22:39:55.703 [main] "  " DEBUG o.s.w.s.m.m.a.RequestMappingHandlerMapping - 6 mappings in 'requestMappingHandlerMapping'
2022-10-18 22:39:55.731 [main] "  " DEBUG o.s.web.servlet.handler.BeanNameUrlHandlerMapping - Detected 1 mappings in 'beanNameHandlerMapping'
2022-10-18 22:39:55.762 [main] "  " DEBUG o.s.web.servlet.handler.SimpleUrlHandlerMapping - Patterns [/webjars/**, /**] in 'resourceHandlerMapping'
2022-10-18 22:39:55.783 [main] "  " DEBUG o.s.w.s.m.m.a.ExceptionHandlerExceptionResolver - ControllerAdvice beans: 0 @ExceptionHandler, 1 ResponseBodyAdvice
2022-10-18 22:40:05.723 [http-nio-10001-exec-1] "  " DEBUG org.springframework.web.servlet.DispatcherServlet - Detected StandardServletMultipartResolver
2022-10-18 22:40:06.102 [http-nio-10001-exec-1] "  " DEBUG org.springframework.web.servlet.DispatcherServlet - enableLoggingRequestDetails='false': request parameters and headers will be masked to prevent unsafe logging of potentially sensitive data
2022-10-18 22:40:06.442 [http-nio-10001-exec-1] "  " DEBUG org.springframework.web.servlet.DispatcherServlet - GET "/api/robot", parameters={}
2022-10-18 22:40:06.453 [http-nio-10001-exec-1] "  " DEBUG o.s.w.s.m.m.a.RequestMappingHandlerMapping - Mapped to com.lincoco.xiaokarobot.RobotApi#execute()
2022-10-18 22:40:09.384 [http-nio-10001-exec-1] "  " DEBUG c.l.xiaokarobot.dao.UserIdentityDAO.selectList - ==>  Preparing: SELECT id,password,phone_number,mailbox,school,create_time,update_time,delete_time FROM user_identity WHERE delete_time IS NULL
2022-10-18 22:40:09.683 [http-nio-10001-exec-1] "  " DEBUG c.l.xiaokarobot.dao.UserIdentityDAO.selectList - ==> Parameters: 
2022-10-18 22:40:09.837 [http-nio-10001-exec-1] "  " DEBUG c.l.xiaokarobot.dao.UserIdentityDAO.selectList - <==      Total: 4
2022-10-18 22:40:43.616 [http-nio-10001-exec-1] "  " DEBUG c.l.xiaokarobot.dao.UserIdentityDAO.selectById - ==>  Preparing: SELECT id,password,phone_number,mailbox,school,create_time,update_time,delete_time FROM user_identity WHERE id=? AND delete_time IS NULL
2022-10-18 22:40:43.621 [http-nio-10001-exec-1] "  " DEBUG c.l.xiaokarobot.dao.UserIdentityDAO.selectById - ==> Parameters: 2012011085(String)
2022-10-18 22:40:43.641 [http-nio-10001-exec-1] "  " DEBUG c.l.xiaokarobot.dao.UserIdentityDAO.selectById - <==      Total: 1
2022-10-18 22:40:46.607 [http-nio-10001-exec-1] "  " DEBUG o.s.w.s.m.m.a.RequestResponseBodyMethodProcessor - Using 'application/json', given [*/*] and supported [application/json, application/*+json, application/json, application/*+json]
2022-10-18 22:40:46.608 [http-nio-10001-exec-1] "  " DEBUG o.s.w.s.m.m.a.RequestResponseBodyMethodProcessor - Nothing to write: null body
2022-10-18 22:40:46.610 [http-nio-10001-exec-1] "  " DEBUG org.springframework.web.servlet.DispatcherServlet - Completed 200 OK
2022-10-18 22:46:33.194 [main] "  " DEBUG org.springframework.web.context.ContextLoader - Published root WebApplicationContext as ServletContext attribute with name [org.springframework.web.context.WebApplicationContext.ROOT]
2022-10-18 22:46:33.257 [main] "  " DEBUG o.s.b.web.servlet.ServletContextInitializerBeans - Mapping filters: characterEncodingFilter urls=[/*] order=-2147483648, formContentFilter urls=[/*] order=-9900, requestContextFilter urls=[/*] order=-105
2022-10-18 22:46:33.258 [main] "  " DEBUG o.s.b.web.servlet.ServletContextInitializerBeans - Mapping servlets: dispatcherServlet urls=[/]
2022-10-18 22:46:34.522 [main] "  " DEBUG o.s.w.s.m.m.a.RequestMappingHandlerAdapter - ControllerAdvice beans: 0 @ModelAttribute, 0 @InitBinder, 1 RequestBodyAdvice, 1 ResponseBodyAdvice
2022-10-18 22:46:34.642 [main] "  " DEBUG o.s.w.s.m.m.a.RequestMappingHandlerMapping - 6 mappings in 'requestMappingHandlerMapping'
2022-10-18 22:46:34.656 [main] "  " DEBUG o.s.web.servlet.handler.BeanNameUrlHandlerMapping - Detected 1 mappings in 'beanNameHandlerMapping'
2022-10-18 22:46:34.678 [main] "  " DEBUG o.s.web.servlet.handler.SimpleUrlHandlerMapping - Patterns [/webjars/**, /**] in 'resourceHandlerMapping'
2022-10-18 22:46:34.692 [main] "  " DEBUG o.s.w.s.m.m.a.ExceptionHandlerExceptionResolver - ControllerAdvice beans: 0 @ExceptionHandler, 1 ResponseBodyAdvice
2022-10-18 22:46:44.629 [http-nio-10001-exec-1] "  " DEBUG org.springframework.web.servlet.DispatcherServlet - Detected StandardServletMultipartResolver
2022-10-18 22:46:44.826 [http-nio-10001-exec-1] "  " DEBUG org.springframework.web.servlet.DispatcherServlet - enableLoggingRequestDetails='false': request parameters and headers will be masked to prevent unsafe logging of potentially sensitive data
2022-10-18 22:46:44.892 [http-nio-10001-exec-1] "  " DEBUG org.springframework.web.servlet.DispatcherServlet - GET "/api/robot", parameters={}
2022-10-18 22:46:44.911 [http-nio-10001-exec-1] "  " DEBUG o.s.w.s.m.m.a.RequestMappingHandlerMapping - Mapped to com.lincoco.xiaokarobot.RobotApi#execute()
2022-10-18 22:46:47.703 [http-nio-10001-exec-1] "  " DEBUG c.l.xiaokarobot.dao.UserIdentityDAO.selectList - ==>  Preparing: SELECT id,password,phone_number,mailbox,school,create_time,update_time,delete_time FROM user_identity WHERE delete_time IS NULL
2022-10-18 22:46:47.851 [http-nio-10001-exec-1] "  " DEBUG c.l.xiaokarobot.dao.UserIdentityDAO.selectList - ==> Parameters: 
2022-10-18 22:46:48.042 [http-nio-10001-exec-1] "  " DEBUG c.l.xiaokarobot.dao.UserIdentityDAO.selectList - <==      Total: 4
2022-10-18 22:47:21.136 [http-nio-10001-exec-1] "  " DEBUG c.l.xiaokarobot.dao.UserIdentityDAO.selectById - ==>  Preparing: SELECT id,password,phone_number,mailbox,school,create_time,update_time,delete_time FROM user_identity WHERE id=? AND delete_time IS NULL
2022-10-18 22:47:21.140 [http-nio-10001-exec-1] "  " DEBUG c.l.xiaokarobot.dao.UserIdentityDAO.selectById - ==> Parameters: 2012011085(String)
2022-10-18 22:47:21.161 [http-nio-10001-exec-1] "  " DEBUG c.l.xiaokarobot.dao.UserIdentityDAO.selectById - <==      Total: 1
2022-10-18 22:47:24.180 [http-nio-10001-exec-1] "  " DEBUG o.s.w.s.m.m.a.RequestResponseBodyMethodProcessor - Using 'application/json', given [*/*] and supported [application/json, application/*+json, application/json, application/*+json]
2022-10-18 22:47:24.181 [http-nio-10001-exec-1] "  " DEBUG o.s.w.s.m.m.a.RequestResponseBodyMethodProcessor - Nothing to write: null body
2022-10-18 22:47:24.184 [http-nio-10001-exec-1] "  " DEBUG org.springframework.web.servlet.DispatcherServlet - Completed 200 OK
2022-10-18 22:52:42.374 [main] "  " DEBUG org.springframework.web.context.ContextLoader - Published root WebApplicationContext as ServletContext attribute with name [org.springframework.web.context.WebApplicationContext.ROOT]
2022-10-18 22:52:42.404 [main] "  " DEBUG o.s.b.web.servlet.ServletContextInitializerBeans - Mapping filters: characterEncodingFilter urls=[/*] order=-2147483648, formContentFilter urls=[/*] order=-9900, requestContextFilter urls=[/*] order=-105
2022-10-18 22:52:42.405 [main] "  " DEBUG o.s.b.web.servlet.ServletContextInitializerBeans - Mapping servlets: dispatcherServlet urls=[/]
2022-10-18 22:52:43.745 [main] "  " DEBUG o.s.w.s.m.m.a.RequestMappingHandlerAdapter - ControllerAdvice beans: 0 @ModelAttribute, 0 @InitBinder, 1 RequestBodyAdvice, 1 ResponseBodyAdvice
2022-10-18 22:52:43.837 [main] "  " DEBUG o.s.w.s.m.m.a.RequestMappingHandlerMapping - 6 mappings in 'requestMappingHandlerMapping'
2022-10-18 22:52:43.857 [main] "  " DEBUG o.s.web.servlet.handler.BeanNameUrlHandlerMapping - Detected 1 mappings in 'beanNameHandlerMapping'
2022-10-18 22:52:43.879 [main] "  " DEBUG o.s.web.servlet.handler.SimpleUrlHandlerMapping - Patterns [/webjars/**, /**] in 'resourceHandlerMapping'
2022-10-18 22:52:43.893 [main] "  " DEBUG o.s.w.s.m.m.a.ExceptionHandlerExceptionResolver - ControllerAdvice beans: 0 @ExceptionHandler, 1 ResponseBodyAdvice
2022-10-18 22:52:51.845 [http-nio-10001-exec-1] "  " DEBUG org.springframework.web.servlet.DispatcherServlet - Detected StandardServletMultipartResolver
2022-10-18 22:52:51.879 [http-nio-10001-exec-1] "  " DEBUG org.springframework.web.servlet.DispatcherServlet - enableLoggingRequestDetails='false': request parameters and headers will be masked to prevent unsafe logging of potentially sensitive data
2022-10-18 22:52:51.929 [http-nio-10001-exec-1] "  " DEBUG org.springframework.web.servlet.DispatcherServlet - GET "/api/robot", parameters={}
2022-10-18 22:52:51.982 [http-nio-10001-exec-1] "  " DEBUG o.s.w.s.m.m.a.RequestMappingHandlerMapping - Mapped to com.lincoco.xiaokarobot.RobotApi#execute()
2022-10-18 22:52:54.336 [http-nio-10001-exec-1] "  " DEBUG c.l.xiaokarobot.dao.UserIdentityDAO.selectList - ==>  Preparing: SELECT id,password,phone_number,mailbox,school,create_time,update_time,delete_time FROM user_identity WHERE delete_time IS NULL
2022-10-18 22:52:54.454 [http-nio-10001-exec-1] "  " DEBUG c.l.xiaokarobot.dao.UserIdentityDAO.selectList - ==> Parameters: 
2022-10-18 22:52:54.600 [http-nio-10001-exec-1] "  " DEBUG c.l.xiaokarobot.dao.UserIdentityDAO.selectList - <==      Total: 4
2022-10-18 22:55:03.763 [http-nio-10001-exec-1] "  " DEBUG c.l.xiaokarobot.dao.UserIdentityDAO.selectById - ==>  Preparing: SELECT id,password,phone_number,mailbox,school,create_time,update_time,delete_time FROM user_identity WHERE id=? AND delete_time IS NULL
2022-10-18 22:55:04.150 [http-nio-10001-exec-1] "  " DEBUG c.l.xiaokarobot.dao.UserIdentityDAO.selectById - ==> Parameters: 2012011085(String)
2022-10-18 22:55:04.175 [http-nio-10001-exec-1] "  " DEBUG c.l.xiaokarobot.dao.UserIdentityDAO.selectById - <==      Total: 1
2022-10-18 22:55:06.773 [http-nio-10001-exec-1] "  " DEBUG o.s.w.s.m.m.a.RequestResponseBodyMethodProcessor - Using 'application/json', given [*/*] and supported [application/json, application/*+json, application/json, application/*+json]
2022-10-18 22:55:06.774 [http-nio-10001-exec-1] "  " DEBUG o.s.w.s.m.m.a.RequestResponseBodyMethodProcessor - Nothing to write: null body
2022-10-18 22:55:06.776 [http-nio-10001-exec-1] "  " DEBUG org.springframework.web.servlet.DispatcherServlet - Completed 200 OK
2022-10-18 22:55:40.285 [main] "  " DEBUG org.springframework.web.context.ContextLoader - Published root WebApplicationContext as ServletContext attribute with name [org.springframework.web.context.WebApplicationContext.ROOT]
2022-10-18 22:55:40.314 [main] "  " DEBUG o.s.b.web.servlet.ServletContextInitializerBeans - Mapping filters: characterEncodingFilter urls=[/*] order=-2147483648, formContentFilter urls=[/*] order=-9900, requestContextFilter urls=[/*] order=-105
2022-10-18 22:55:40.314 [main] "  " DEBUG o.s.b.web.servlet.ServletContextInitializerBeans - Mapping servlets: dispatcherServlet urls=[/]
2022-10-18 22:55:41.677 [main] "  " DEBUG o.s.w.s.m.m.a.RequestMappingHandlerAdapter - ControllerAdvice beans: 0 @ModelAttribute, 0 @InitBinder, 1 RequestBodyAdvice, 1 ResponseBodyAdvice
2022-10-18 22:55:41.821 [main] "  " DEBUG o.s.w.s.m.m.a.RequestMappingHandlerMapping - 6 mappings in 'requestMappingHandlerMapping'
2022-10-18 22:55:41.844 [main] "  " DEBUG o.s.web.servlet.handler.BeanNameUrlHandlerMapping - Detected 1 mappings in 'beanNameHandlerMapping'
2022-10-18 22:55:41.889 [main] "  " DEBUG o.s.web.servlet.handler.SimpleUrlHandlerMapping - Patterns [/webjars/**, /**] in 'resourceHandlerMapping'
2022-10-18 22:55:41.912 [main] "  " DEBUG o.s.w.s.m.m.a.ExceptionHandlerExceptionResolver - ControllerAdvice beans: 0 @ExceptionHandler, 1 ResponseBodyAdvice
2022-10-18 22:55:55.523 [http-nio-10001-exec-1] "  " DEBUG org.springframework.web.servlet.DispatcherServlet - Detected StandardServletMultipartResolver
2022-10-18 22:55:55.544 [http-nio-10001-exec-1] "  " DEBUG org.springframework.web.servlet.DispatcherServlet - enableLoggingRequestDetails='false': request parameters and headers will be masked to prevent unsafe logging of potentially sensitive data
2022-10-18 22:55:55.596 [http-nio-10001-exec-1] "  " DEBUG org.springframework.web.servlet.DispatcherServlet - GET "/api/robot", parameters={}
2022-10-18 22:55:55.609 [http-nio-10001-exec-1] "  " DEBUG o.s.w.s.m.m.a.RequestMappingHandlerMapping - Mapped to com.lincoco.xiaokarobot.RobotApi#execute()
2022-10-18 22:55:57.868 [http-nio-10001-exec-1] "  " DEBUG c.l.xiaokarobot.dao.UserIdentityDAO.selectList - ==>  Preparing: SELECT id,password,phone_number,mailbox,school,create_time,update_time,delete_time FROM user_identity WHERE delete_time IS NULL
2022-10-18 22:55:57.950 [http-nio-10001-exec-1] "  " DEBUG c.l.xiaokarobot.dao.UserIdentityDAO.selectList - ==> Parameters: 
2022-10-18 22:55:58.338 [http-nio-10001-exec-1] "  " DEBUG c.l.xiaokarobot.dao.UserIdentityDAO.selectList - <==      Total: 4
