2022-10-22 00:47:23.738 [main] "  " DEBUG org.springframework.web.context.ContextLoader - Published root WebApplicationContext as ServletContext attribute with name [org.springframework.web.context.WebApplicationContext.ROOT]
2022-10-22 00:47:23.749 [main] "  " DEBUG o.s.b.web.servlet.ServletContextInitializerBeans - Mapping filters: characterEncodingFilter urls=[/*] order=-2147483648, formContentFilter urls=[/*] order=-9900, requestContextFilter urls=[/*] order=-105
2022-10-22 00:47:23.750 [main] "  " DEBUG o.s.b.web.servlet.ServletContextInitializerBeans - Mapping servlets: dispatcherServlet urls=[/]
2022-10-22 00:47:24.103 [main] "  " DEBUG o.s.w.s.m.m.a.RequestMappingHandlerAdapter - ControllerAdvice beans: 0 @ModelAttribute, 0 @InitBinder, 1 RequestBodyAdvice, 1 ResponseBodyAdvice
2022-10-22 00:47:24.128 [main] "  " DEBUG o.s.w.s.m.m.a.RequestMappingHandlerMapping - 6 mappings in 'requestMappingHandlerMapping'
2022-10-22 00:47:24.136 [main] "  " DEBUG o.s.web.servlet.handler.BeanNameUrlHandlerMapping - Detected 1 mappings in 'beanNameHandlerMapping'
2022-10-22 00:47:24.143 [main] "  " DEBUG o.s.web.servlet.handler.SimpleUrlHandlerMapping - Patterns [/webjars/**, /**] in 'resourceHandlerMapping'
2022-10-22 00:47:24.149 [main] "  " DEBUG o.s.w.s.m.m.a.ExceptionHandlerExceptionResolver - ControllerAdvice beans: 0 @ExceptionHandler, 1 ResponseBodyAdvice
2022-10-22 00:48:29.179 [http-nio-10001-exec-3] "  " DEBUG org.springframework.web.servlet.DispatcherServlet - Detected StandardServletMultipartResolver
2022-10-22 00:48:29.186 [http-nio-10001-exec-3] "  " DEBUG org.springframework.web.servlet.DispatcherServlet - enableLoggingRequestDetails='false': request parameters and headers will be masked to prevent unsafe logging of potentially sensitive data
2022-10-22 00:48:29.193 [http-nio-10001-exec-3] "  " DEBUG org.springframework.web.servlet.DispatcherServlet - GET "/api/robot", parameters={}
2022-10-22 00:48:29.195 [http-nio-10001-exec-3] "  " DEBUG o.s.w.s.m.m.a.RequestMappingHandlerMapping - Mapped to com.lincoco.xiaokarobot.RobotApi#execute()
2022-10-22 00:48:31.492 [http-nio-10001-exec-3] "  " DEBUG c.l.xiaokarobot.dao.UserIdentityDAO.selectList - ==>  Preparing: SELECT id,password,phone_number,mailbox,school,create_time,update_time,delete_time FROM user_identity WHERE delete_time IS NULL
2022-10-22 00:48:31.507 [http-nio-10001-exec-3] "  " DEBUG c.l.xiaokarobot.dao.UserIdentityDAO.selectList - ==> Parameters: 
2022-10-22 00:48:31.607 [http-nio-10001-exec-3] "  " DEBUG c.l.xiaokarobot.dao.UserIdentityDAO.selectList - <==      Total: 4
2022-10-22 00:51:56.532 [main] "  " DEBUG org.springframework.web.context.ContextLoader - Published root WebApplicationContext as ServletContext attribute with name [org.springframework.web.context.WebApplicationContext.ROOT]
2022-10-22 00:51:56.544 [main] "  " DEBUG o.s.b.web.servlet.ServletContextInitializerBeans - Mapping filters: characterEncodingFilter urls=[/*] order=-2147483648, formContentFilter urls=[/*] order=-9900, requestContextFilter urls=[/*] order=-105
2022-10-22 00:51:56.544 [main] "  " DEBUG o.s.b.web.servlet.ServletContextInitializerBeans - Mapping servlets: dispatcherServlet urls=[/]
2022-10-22 00:51:57.001 [main] "  " DEBUG o.s.w.s.m.m.a.RequestMappingHandlerAdapter - ControllerAdvice beans: 0 @ModelAttribute, 0 @InitBinder, 1 RequestBodyAdvice, 1 ResponseBodyAdvice
2022-10-22 00:51:57.037 [main] "  " DEBUG o.s.w.s.m.m.a.RequestMappingHandlerMapping - 6 mappings in 'requestMappingHandlerMapping'
2022-10-22 00:51:57.047 [main] "  " DEBUG o.s.web.servlet.handler.BeanNameUrlHandlerMapping - Detected 1 mappings in 'beanNameHandlerMapping'
2022-10-22 00:51:57.059 [main] "  " DEBUG o.s.web.servlet.handler.SimpleUrlHandlerMapping - Patterns [/webjars/**, /**] in 'resourceHandlerMapping'
2022-10-22 00:51:57.068 [main] "  " DEBUG o.s.w.s.m.m.a.ExceptionHandlerExceptionResolver - ControllerAdvice beans: 0 @ExceptionHandler, 1 ResponseBodyAdvice
2022-10-22 00:52:15.456 [http-nio-10001-exec-1] "  " DEBUG org.springframework.web.servlet.DispatcherServlet - Detected StandardServletMultipartResolver
2022-10-22 00:52:15.459 [http-nio-10001-exec-1] "  " DEBUG org.springframework.web.servlet.DispatcherServlet - enableLoggingRequestDetails='false': request parameters and headers will be masked to prevent unsafe logging of potentially sensitive data
2022-10-22 00:52:15.464 [http-nio-10001-exec-1] "  " DEBUG org.springframework.web.servlet.DispatcherServlet - GET "/api/robot", parameters={}
2022-10-22 00:52:15.466 [http-nio-10001-exec-1] "  " DEBUG o.s.w.s.m.m.a.RequestMappingHandlerMapping - Mapped to com.lincoco.xiaokarobot.RobotApi#execute()
2022-10-22 00:52:15.753 [http-nio-10001-exec-1] "  " DEBUG c.l.xiaokarobot.dao.UserIdentityDAO.selectList - ==>  Preparing: SELECT id,password,phone_number,mailbox,school,create_time,update_time,delete_time FROM user_identity WHERE delete_time IS NULL
2022-10-22 00:52:15.767 [http-nio-10001-exec-1] "  " DEBUG c.l.xiaokarobot.dao.UserIdentityDAO.selectList - ==> Parameters: 
2022-10-22 00:52:15.794 [http-nio-10001-exec-1] "  " DEBUG c.l.xiaokarobot.dao.UserIdentityDAO.selectList - <==      Total: 4
2022-10-22 00:54:44.197 [http-nio-10001-exec-1] "  " DEBUG c.l.xiaokarobot.dao.UserIdentityDAO.selectById - ==>  Preparing: SELECT id,password,phone_number,mailbox,school,create_time,update_time,delete_time FROM user_identity WHERE id=? AND delete_time IS NULL
2022-10-22 00:54:44.198 [http-nio-10001-exec-1] "  " DEBUG c.l.xiaokarobot.dao.UserIdentityDAO.selectById - ==> Parameters: 2012011085(String)
2022-10-22 00:54:44.214 [http-nio-10001-exec-1] "  " DEBUG c.l.xiaokarobot.dao.UserIdentityDAO.selectById - <==      Total: 1
2022-10-22 00:54:45.692 [http-nio-10001-exec-1] "  " DEBUG o.s.w.s.m.m.a.RequestResponseBodyMethodProcessor - Using 'application/json;q=0.8', given [text/html, application/xhtml+xml, image/avif, image/webp, image/apng, application/xml;q=0.9, application/signed-exchange;v=b3;q=0.9, */*;q=0.8] and supported [application/json, application/*+json, application/json, application/*+json]
2022-10-22 00:54:45.692 [http-nio-10001-exec-1] "  " DEBUG o.s.w.s.m.m.a.RequestResponseBodyMethodProcessor - Nothing to write: null body
2022-10-22 00:54:45.693 [http-nio-10001-exec-1] "  " DEBUG org.springframework.web.servlet.DispatcherServlet - Completed 200 OK
2022-10-22 00:57:05.286 [main] "  " DEBUG org.springframework.web.context.ContextLoader - Published root WebApplicationContext as ServletContext attribute with name [org.springframework.web.context.WebApplicationContext.ROOT]
2022-10-22 00:57:05.297 [main] "  " DEBUG o.s.b.web.servlet.ServletContextInitializerBeans - Mapping filters: characterEncodingFilter urls=[/*] order=-2147483648, formContentFilter urls=[/*] order=-9900, requestContextFilter urls=[/*] order=-105
2022-10-22 00:57:05.297 [main] "  " DEBUG o.s.b.web.servlet.ServletContextInitializerBeans - Mapping servlets: dispatcherServlet urls=[/]
2022-10-22 00:57:05.655 [main] "  " DEBUG o.s.w.s.m.m.a.RequestMappingHandlerAdapter - ControllerAdvice beans: 0 @ModelAttribute, 0 @InitBinder, 1 RequestBodyAdvice, 1 ResponseBodyAdvice
2022-10-22 00:57:05.682 [main] "  " DEBUG o.s.w.s.m.m.a.RequestMappingHandlerMapping - 6 mappings in 'requestMappingHandlerMapping'
2022-10-22 00:57:05.690 [main] "  " DEBUG o.s.web.servlet.handler.BeanNameUrlHandlerMapping - Detected 1 mappings in 'beanNameHandlerMapping'
2022-10-22 00:57:05.697 [main] "  " DEBUG o.s.web.servlet.handler.SimpleUrlHandlerMapping - Patterns [/webjars/**, /**] in 'resourceHandlerMapping'
2022-10-22 00:57:05.702 [main] "  " DEBUG o.s.w.s.m.m.a.ExceptionHandlerExceptionResolver - ControllerAdvice beans: 0 @ExceptionHandler, 1 ResponseBodyAdvice
2022-10-22 00:57:22.220 [http-nio-10001-exec-1] "  " DEBUG org.springframework.web.servlet.DispatcherServlet - Detected StandardServletMultipartResolver
2022-10-22 00:57:22.224 [http-nio-10001-exec-1] "  " DEBUG org.springframework.web.servlet.DispatcherServlet - enableLoggingRequestDetails='false': request parameters and headers will be masked to prevent unsafe logging of potentially sensitive data
2022-10-22 00:57:22.229 [http-nio-10001-exec-1] "  " DEBUG org.springframework.web.servlet.DispatcherServlet - GET "/api/robot", parameters={}
2022-10-22 00:57:22.231 [http-nio-10001-exec-1] "  " DEBUG o.s.w.s.m.m.a.RequestMappingHandlerMapping - Mapped to com.lincoco.xiaokarobot.RobotApi#execute()
2022-10-22 00:57:22.544 [http-nio-10001-exec-1] "  " DEBUG c.l.xiaokarobot.dao.UserIdentityDAO.selectList - ==>  Preparing: SELECT id,password,phone_number,mailbox,school,create_time,update_time,delete_time FROM user_identity WHERE delete_time IS NULL
2022-10-22 00:57:22.557 [http-nio-10001-exec-1] "  " DEBUG c.l.xiaokarobot.dao.UserIdentityDAO.selectList - ==> Parameters: 
2022-10-22 00:57:22.589 [http-nio-10001-exec-1] "  " DEBUG c.l.xiaokarobot.dao.UserIdentityDAO.selectList - <==      Total: 4
2022-10-22 01:01:17.862 [main] "  " DEBUG org.springframework.web.context.ContextLoader - Published root WebApplicationContext as ServletContext attribute with name [org.springframework.web.context.WebApplicationContext.ROOT]
2022-10-22 01:01:17.873 [main] "  " DEBUG o.s.b.web.servlet.ServletContextInitializerBeans - Mapping filters: characterEncodingFilter urls=[/*] order=-2147483648, formContentFilter urls=[/*] order=-9900, requestContextFilter urls=[/*] order=-105
2022-10-22 01:01:17.874 [main] "  " DEBUG o.s.b.web.servlet.ServletContextInitializerBeans - Mapping servlets: dispatcherServlet urls=[/]
2022-10-22 01:01:18.217 [main] "  " DEBUG o.s.w.s.m.m.a.RequestMappingHandlerAdapter - ControllerAdvice beans: 0 @ModelAttribute, 0 @InitBinder, 1 RequestBodyAdvice, 1 ResponseBodyAdvice
2022-10-22 01:01:18.243 [main] "  " DEBUG o.s.w.s.m.m.a.RequestMappingHandlerMapping - 6 mappings in 'requestMappingHandlerMapping'
2022-10-22 01:01:18.251 [main] "  " DEBUG o.s.web.servlet.handler.BeanNameUrlHandlerMapping - Detected 1 mappings in 'beanNameHandlerMapping'
2022-10-22 01:01:18.259 [main] "  " DEBUG o.s.web.servlet.handler.SimpleUrlHandlerMapping - Patterns [/webjars/**, /**] in 'resourceHandlerMapping'
2022-10-22 01:01:18.264 [main] "  " DEBUG o.s.w.s.m.m.a.ExceptionHandlerExceptionResolver - ControllerAdvice beans: 0 @ExceptionHandler, 1 ResponseBodyAdvice
2022-10-22 01:01:30.142 [http-nio-10001-exec-1] "  " DEBUG org.springframework.web.servlet.DispatcherServlet - Detected StandardServletMultipartResolver
2022-10-22 01:01:30.146 [http-nio-10001-exec-1] "  " DEBUG org.springframework.web.servlet.DispatcherServlet - enableLoggingRequestDetails='false': request parameters and headers will be masked to prevent unsafe logging of potentially sensitive data
2022-10-22 01:01:30.151 [http-nio-10001-exec-1] "  " DEBUG org.springframework.web.servlet.DispatcherServlet - GET "/api/robot", parameters={}
2022-10-22 01:01:30.153 [http-nio-10001-exec-1] "  " DEBUG o.s.w.s.m.m.a.RequestMappingHandlerMapping - Mapped to com.lincoco.xiaokarobot.RobotApi#execute()
2022-10-22 01:01:30.439 [http-nio-10001-exec-1] "  " DEBUG c.l.xiaokarobot.dao.UserIdentityDAO.selectList - ==>  Preparing: SELECT id,password,phone_number,mailbox,school,create_time,update_time,delete_time FROM user_identity WHERE delete_time IS NULL
2022-10-22 01:01:30.453 [http-nio-10001-exec-1] "  " DEBUG c.l.xiaokarobot.dao.UserIdentityDAO.selectList - ==> Parameters: 
2022-10-22 01:01:30.486 [http-nio-10001-exec-1] "  " DEBUG c.l.xiaokarobot.dao.UserIdentityDAO.selectList - <==      Total: 4
2022-10-22 01:01:30.522 [http-nio-10001-exec-2] "  " DEBUG org.springframework.web.servlet.DispatcherServlet - GET "/api/robot", parameters={}
2022-10-22 01:01:30.522 [http-nio-10001-exec-2] "  " DEBUG o.s.w.s.m.m.a.RequestMappingHandlerMapping - Mapped to com.lincoco.xiaokarobot.RobotApi#execute()
2022-10-22 01:01:30.523 [http-nio-10001-exec-2] "  " DEBUG c.l.xiaokarobot.dao.UserIdentityDAO.selectList - ==>  Preparing: SELECT id,password,phone_number,mailbox,school,create_time,update_time,delete_time FROM user_identity WHERE delete_time IS NULL
2022-10-22 01:01:30.524 [http-nio-10001-exec-2] "  " DEBUG c.l.xiaokarobot.dao.UserIdentityDAO.selectList - ==> Parameters: 
2022-10-22 01:01:30.537 [http-nio-10001-exec-2] "  " DEBUG c.l.xiaokarobot.dao.UserIdentityDAO.selectList - <==      Total: 4
2022-10-22 01:03:25.276 [http-nio-10001-exec-2] "  " DEBUG c.l.xiaokarobot.dao.UserIdentityDAO.selectById - ==>  Preparing: SELECT id,password,phone_number,mailbox,school,create_time,update_time,delete_time FROM user_identity WHERE id=? AND delete_time IS NULL
2022-10-22 01:03:25.280 [http-nio-10001-exec-2] "  " DEBUG c.l.xiaokarobot.dao.UserIdentityDAO.selectById - ==> Parameters: 2012011085(String)
2022-10-22 01:03:25.323 [http-nio-10001-exec-2] "  " DEBUG c.l.xiaokarobot.dao.UserIdentityDAO.selectById - <==      Total: 1
2022-10-22 01:03:26.916 [http-nio-10001-exec-2] "  " DEBUG o.s.w.s.m.m.a.RequestResponseBodyMethodProcessor - Using 'application/json;q=0.8', given [text/html, application/xhtml+xml, image/avif, image/webp, image/apng, application/xml;q=0.9, application/signed-exchange;v=b3;q=0.9, */*;q=0.8] and supported [application/json, application/*+json, application/json, application/*+json]
2022-10-22 01:03:26.916 [http-nio-10001-exec-2] "  " DEBUG o.s.w.s.m.m.a.RequestResponseBodyMethodProcessor - Nothing to write: null body
2022-10-22 01:03:26.917 [http-nio-10001-exec-2] "  " DEBUG org.springframework.web.servlet.DispatcherServlet - Completed 200 OK
2022-10-22 12:25:46.323 [main] "  " DEBUG org.springframework.web.context.ContextLoader - Published root WebApplicationContext as ServletContext attribute with name [org.springframework.web.context.WebApplicationContext.ROOT]
2022-10-22 12:25:46.335 [main] "  " DEBUG o.s.b.web.servlet.ServletContextInitializerBeans - Mapping filters: characterEncodingFilter urls=[/*] order=-2147483648, formContentFilter urls=[/*] order=-9900, requestContextFilter urls=[/*] order=-105
2022-10-22 12:25:46.335 [main] "  " DEBUG o.s.b.web.servlet.ServletContextInitializerBeans - Mapping servlets: dispatcherServlet urls=[/]
2022-10-22 12:25:46.695 [main] "  " DEBUG o.s.w.s.m.m.a.RequestMappingHandlerAdapter - ControllerAdvice beans: 0 @ModelAttribute, 0 @InitBinder, 1 RequestBodyAdvice, 1 ResponseBodyAdvice
2022-10-22 12:25:46.722 [main] "  " DEBUG o.s.w.s.m.m.a.RequestMappingHandlerMapping - 6 mappings in 'requestMappingHandlerMapping'
2022-10-22 12:25:46.730 [main] "  " DEBUG o.s.web.servlet.handler.BeanNameUrlHandlerMapping - Detected 1 mappings in 'beanNameHandlerMapping'
2022-10-22 12:25:46.738 [main] "  " DEBUG o.s.web.servlet.handler.SimpleUrlHandlerMapping - Patterns [/webjars/**, /**] in 'resourceHandlerMapping'
2022-10-22 12:25:46.743 [main] "  " DEBUG o.s.w.s.m.m.a.ExceptionHandlerExceptionResolver - ControllerAdvice beans: 0 @ExceptionHandler, 1 ResponseBodyAdvice
2022-10-22 12:28:08.626 [http-nio-10001-exec-1] "  " DEBUG org.springframework.web.servlet.DispatcherServlet - Detected StandardServletMultipartResolver
2022-10-22 12:28:08.630 [http-nio-10001-exec-1] "  " DEBUG org.springframework.web.servlet.DispatcherServlet - enableLoggingRequestDetails='false': request parameters and headers will be masked to prevent unsafe logging of potentially sensitive data
2022-10-22 12:28:08.635 [http-nio-10001-exec-1] "  " DEBUG org.springframework.web.servlet.DispatcherServlet - GET "/api/robot", parameters={}
2022-10-22 12:28:08.637 [http-nio-10001-exec-1] "  " DEBUG o.s.w.s.m.m.a.RequestMappingHandlerMapping - Mapped to com.lincoco.xiaokarobot.RobotApi#execute()
2022-10-22 12:28:08.894 [http-nio-10001-exec-1] "  " DEBUG c.l.xiaokarobot.dao.UserIdentityDAO.selectList - ==>  Preparing: SELECT id,password,phone_number,mailbox,school,create_time,update_time,delete_time FROM user_identity WHERE delete_time IS NULL
2022-10-22 12:28:08.908 [http-nio-10001-exec-1] "  " DEBUG c.l.xiaokarobot.dao.UserIdentityDAO.selectList - ==> Parameters: 
2022-10-22 12:28:08.937 [http-nio-10001-exec-1] "  " DEBUG c.l.xiaokarobot.dao.UserIdentityDAO.selectList - <==      Total: 4
2022-10-22 12:29:44.259 [http-nio-10001-exec-1] "  " DEBUG c.l.xiaokarobot.dao.UserIdentityDAO.selectById - ==>  Preparing: SELECT id,password,phone_number,mailbox,school,create_time,update_time,delete_time FROM user_identity WHERE id=? AND delete_time IS NULL
2022-10-22 12:29:44.260 [http-nio-10001-exec-1] "  " DEBUG c.l.xiaokarobot.dao.UserIdentityDAO.selectById - ==> Parameters: 2012011085(String)
2022-10-22 12:29:44.275 [http-nio-10001-exec-1] "  " DEBUG c.l.xiaokarobot.dao.UserIdentityDAO.selectById - <==      Total: 1
2022-10-22 12:29:45.732 [http-nio-10001-exec-1] "  " DEBUG o.s.w.s.m.m.a.RequestResponseBodyMethodProcessor - Using 'application/json;q=0.8', given [text/html, application/xhtml+xml, image/avif, image/webp, image/apng, application/xml;q=0.9, application/signed-exchange;v=b3;q=0.9, */*;q=0.8] and supported [application/json, application/*+json, application/json, application/*+json]
2022-10-22 12:29:45.733 [http-nio-10001-exec-1] "  " DEBUG o.s.w.s.m.m.a.RequestResponseBodyMethodProcessor - Nothing to write: null body
2022-10-22 12:29:45.733 [http-nio-10001-exec-1] "  " DEBUG org.springframework.web.servlet.DispatcherServlet - Completed 200 OK
2022-10-22 12:37:33.177 [main] "  " DEBUG org.springframework.web.context.ContextLoader - Published root WebApplicationContext as ServletContext attribute with name [org.springframework.web.context.WebApplicationContext.ROOT]
2022-10-22 12:37:33.189 [main] "  " DEBUG o.s.b.web.servlet.ServletContextInitializerBeans - Mapping filters: characterEncodingFilter urls=[/*] order=-2147483648, formContentFilter urls=[/*] order=-9900, requestContextFilter urls=[/*] order=-105
2022-10-22 12:37:33.189 [main] "  " DEBUG o.s.b.web.servlet.ServletContextInitializerBeans - Mapping servlets: dispatcherServlet urls=[/]
2022-10-22 12:37:33.569 [main] "  " DEBUG o.s.w.s.m.m.a.RequestMappingHandlerAdapter - ControllerAdvice beans: 0 @ModelAttribute, 0 @InitBinder, 1 RequestBodyAdvice, 1 ResponseBodyAdvice
2022-10-22 12:37:33.599 [main] "  " DEBUG o.s.w.s.m.m.a.RequestMappingHandlerMapping - 6 mappings in 'requestMappingHandlerMapping'
2022-10-22 12:37:33.607 [main] "  " DEBUG o.s.web.servlet.handler.BeanNameUrlHandlerMapping - Detected 1 mappings in 'beanNameHandlerMapping'
2022-10-22 12:37:33.616 [main] "  " DEBUG o.s.web.servlet.handler.SimpleUrlHandlerMapping - Patterns [/webjars/**, /**] in 'resourceHandlerMapping'
2022-10-22 12:37:33.622 [main] "  " DEBUG o.s.w.s.m.m.a.ExceptionHandlerExceptionResolver - ControllerAdvice beans: 0 @ExceptionHandler, 1 ResponseBodyAdvice
2022-10-22 12:38:45.937 [http-nio-10001-exec-1] "  " DEBUG org.springframework.web.servlet.DispatcherServlet - Detected StandardServletMultipartResolver
2022-10-22 12:38:45.942 [http-nio-10001-exec-1] "  " DEBUG org.springframework.web.servlet.DispatcherServlet - enableLoggingRequestDetails='false': request parameters and headers will be masked to prevent unsafe logging of potentially sensitive data
2022-10-22 12:38:45.947 [http-nio-10001-exec-1] "  " DEBUG org.springframework.web.servlet.DispatcherServlet - GET "/api/robot", parameters={}
2022-10-22 12:38:45.949 [http-nio-10001-exec-1] "  " DEBUG o.s.w.s.m.m.a.RequestMappingHandlerMapping - Mapped to com.lincoco.xiaokarobot.RobotApi#execute()
2022-10-22 12:38:46.266 [http-nio-10001-exec-1] "  " DEBUG c.l.xiaokarobot.dao.UserIdentityDAO.selectList - ==>  Preparing: SELECT id,password,phone_number,mailbox,school,create_time,update_time,delete_time FROM user_identity WHERE delete_time IS NULL
2022-10-22 12:38:46.280 [http-nio-10001-exec-1] "  " DEBUG c.l.xiaokarobot.dao.UserIdentityDAO.selectList - ==> Parameters: 
2022-10-22 12:38:46.311 [http-nio-10001-exec-1] "  " DEBUG c.l.xiaokarobot.dao.UserIdentityDAO.selectList - <==      Total: 4
2022-10-22 12:41:42.777 [http-nio-10001-exec-1] "  " DEBUG c.l.xiaokarobot.dao.UserIdentityDAO.selectById - ==>  Preparing: SELECT id,password,phone_number,mailbox,school,create_time,update_time,delete_time FROM user_identity WHERE id=? AND delete_time IS NULL
2022-10-22 12:41:42.777 [http-nio-10001-exec-1] "  " DEBUG c.l.xiaokarobot.dao.UserIdentityDAO.selectById - ==> Parameters: 2012011085(String)
2022-10-22 12:41:42.794 [http-nio-10001-exec-1] "  " DEBUG c.l.xiaokarobot.dao.UserIdentityDAO.selectById - <==      Total: 1
2022-10-22 12:41:44.011 [http-nio-10001-exec-1] "  " DEBUG o.s.w.s.m.m.a.RequestResponseBodyMethodProcessor - Using 'application/json;q=0.8', given [text/html, application/xhtml+xml, image/avif, image/webp, image/apng, application/xml;q=0.9, application/signed-exchange;v=b3;q=0.9, */*;q=0.8] and supported [application/json, application/*+json, application/json, application/*+json]
2022-10-22 12:41:44.012 [http-nio-10001-exec-1] "  " DEBUG o.s.w.s.m.m.a.RequestResponseBodyMethodProcessor - Nothing to write: null body
2022-10-22 12:41:44.012 [http-nio-10001-exec-1] "  " DEBUG org.springframework.web.servlet.DispatcherServlet - Completed 200 OK
2022-10-22 12:43:33.357 [http-nio-10001-exec-4] "  " DEBUG org.springframework.web.servlet.DispatcherServlet - GET "/api/robot", parameters={}
2022-10-22 12:43:33.359 [http-nio-10001-exec-4] "  " DEBUG o.s.w.s.m.m.a.RequestMappingHandlerMapping - Mapped to com.lincoco.xiaokarobot.RobotApi#execute()
2022-10-22 12:43:33.385 [http-nio-10001-exec-4] "  " DEBUG c.l.xiaokarobot.dao.UserIdentityDAO.selectList - ==>  Preparing: SELECT id,password,phone_number,mailbox,school,create_time,update_time,delete_time FROM user_identity WHERE delete_time IS NULL
2022-10-22 12:43:33.386 [http-nio-10001-exec-4] "  " DEBUG c.l.xiaokarobot.dao.UserIdentityDAO.selectList - ==> Parameters: 
2022-10-22 12:43:33.405 [http-nio-10001-exec-4] "  " DEBUG c.l.xiaokarobot.dao.UserIdentityDAO.selectList - <==      Total: 4
2022-10-22 12:45:41.396 [http-nio-10001-exec-4] "  " DEBUG c.l.xiaokarobot.dao.UserIdentityDAO.selectById - ==>  Preparing: SELECT id,password,phone_number,mailbox,school,create_time,update_time,delete_time FROM user_identity WHERE id=? AND delete_time IS NULL
2022-10-22 12:45:41.397 [http-nio-10001-exec-4] "  " DEBUG c.l.xiaokarobot.dao.UserIdentityDAO.selectById - ==> Parameters: 2012011085(String)
2022-10-22 12:45:41.413 [http-nio-10001-exec-4] "  " DEBUG c.l.xiaokarobot.dao.UserIdentityDAO.selectById - <==      Total: 1
2022-10-22 12:45:42.637 [http-nio-10001-exec-4] "  " DEBUG o.s.w.s.m.m.a.RequestResponseBodyMethodProcessor - Using 'application/json;q=0.8', given [text/html, application/xhtml+xml, image/avif, image/webp, image/apng, application/xml;q=0.9, application/signed-exchange;v=b3;q=0.9, */*;q=0.8] and supported [application/json, application/*+json, application/json, application/*+json]
2022-10-22 12:45:42.637 [http-nio-10001-exec-4] "  " DEBUG o.s.w.s.m.m.a.RequestResponseBodyMethodProcessor - Nothing to write: null body
2022-10-22 12:45:42.637 [http-nio-10001-exec-4] "  " DEBUG org.springframework.web.servlet.DispatcherServlet - Completed 200 OK
2022-10-22 12:46:56.420 [main] "  " DEBUG org.springframework.web.context.ContextLoader - Published root WebApplicationContext as ServletContext attribute with name [org.springframework.web.context.WebApplicationContext.ROOT]
2022-10-22 12:46:56.431 [main] "  " DEBUG o.s.b.web.servlet.ServletContextInitializerBeans - Mapping filters: characterEncodingFilter urls=[/*] order=-2147483648, formContentFilter urls=[/*] order=-9900, requestContextFilter urls=[/*] order=-105
2022-10-22 12:46:56.431 [main] "  " DEBUG o.s.b.web.servlet.ServletContextInitializerBeans - Mapping servlets: dispatcherServlet urls=[/]
2022-10-22 12:46:56.785 [main] "  " DEBUG o.s.w.s.m.m.a.RequestMappingHandlerAdapter - ControllerAdvice beans: 0 @ModelAttribute, 0 @InitBinder, 1 RequestBodyAdvice, 1 ResponseBodyAdvice
2022-10-22 12:46:56.813 [main] "  " DEBUG o.s.w.s.m.m.a.RequestMappingHandlerMapping - 6 mappings in 'requestMappingHandlerMapping'
2022-10-22 12:46:56.821 [main] "  " DEBUG o.s.web.servlet.handler.BeanNameUrlHandlerMapping - Detected 1 mappings in 'beanNameHandlerMapping'
2022-10-22 12:46:56.829 [main] "  " DEBUG o.s.web.servlet.handler.SimpleUrlHandlerMapping - Patterns [/webjars/**, /**] in 'resourceHandlerMapping'
2022-10-22 12:46:56.834 [main] "  " DEBUG o.s.w.s.m.m.a.ExceptionHandlerExceptionResolver - ControllerAdvice beans: 0 @ExceptionHandler, 1 ResponseBodyAdvice
2022-10-22 12:47:11.069 [main] "  " DEBUG org.springframework.web.context.ContextLoader - Published root WebApplicationContext as ServletContext attribute with name [org.springframework.web.context.WebApplicationContext.ROOT]
2022-10-22 12:47:11.081 [main] "  " DEBUG o.s.b.web.servlet.ServletContextInitializerBeans - Mapping filters: characterEncodingFilter urls=[/*] order=-2147483648, formContentFilter urls=[/*] order=-9900, requestContextFilter urls=[/*] order=-105
2022-10-22 12:47:11.081 [main] "  " DEBUG o.s.b.web.servlet.ServletContextInitializerBeans - Mapping servlets: dispatcherServlet urls=[/]
2022-10-22 12:47:11.435 [main] "  " DEBUG o.s.w.s.m.m.a.RequestMappingHandlerAdapter - ControllerAdvice beans: 0 @ModelAttribute, 0 @InitBinder, 1 RequestBodyAdvice, 1 ResponseBodyAdvice
2022-10-22 12:47:11.462 [main] "  " DEBUG o.s.w.s.m.m.a.RequestMappingHandlerMapping - 6 mappings in 'requestMappingHandlerMapping'
2022-10-22 12:47:11.470 [main] "  " DEBUG o.s.web.servlet.handler.BeanNameUrlHandlerMapping - Detected 1 mappings in 'beanNameHandlerMapping'
2022-10-22 12:47:11.478 [main] "  " DEBUG o.s.web.servlet.handler.SimpleUrlHandlerMapping - Patterns [/webjars/**, /**] in 'resourceHandlerMapping'
2022-10-22 12:47:11.484 [main] "  " DEBUG o.s.w.s.m.m.a.ExceptionHandlerExceptionResolver - ControllerAdvice beans: 0 @ExceptionHandler, 1 ResponseBodyAdvice
2022-10-22 12:47:21.841 [main] "  " DEBUG org.springframework.web.context.ContextLoader - Published root WebApplicationContext as ServletContext attribute with name [org.springframework.web.context.WebApplicationContext.ROOT]
2022-10-22 12:47:21.852 [main] "  " DEBUG o.s.b.web.servlet.ServletContextInitializerBeans - Mapping filters: characterEncodingFilter urls=[/*] order=-2147483648, formContentFilter urls=[/*] order=-9900, requestContextFilter urls=[/*] order=-105
2022-10-22 12:47:21.853 [main] "  " DEBUG o.s.b.web.servlet.ServletContextInitializerBeans - Mapping servlets: dispatcherServlet urls=[/]
2022-10-22 12:47:22.212 [main] "  " DEBUG o.s.w.s.m.m.a.RequestMappingHandlerAdapter - ControllerAdvice beans: 0 @ModelAttribute, 0 @InitBinder, 1 RequestBodyAdvice, 1 ResponseBodyAdvice
2022-10-22 12:47:22.240 [main] "  " DEBUG o.s.w.s.m.m.a.RequestMappingHandlerMapping - 6 mappings in 'requestMappingHandlerMapping'
2022-10-22 12:47:22.248 [main] "  " DEBUG o.s.web.servlet.handler.BeanNameUrlHandlerMapping - Detected 1 mappings in 'beanNameHandlerMapping'
2022-10-22 12:47:22.255 [main] "  " DEBUG o.s.web.servlet.handler.SimpleUrlHandlerMapping - Patterns [/webjars/**, /**] in 'resourceHandlerMapping'
2022-10-22 12:47:22.261 [main] "  " DEBUG o.s.w.s.m.m.a.ExceptionHandlerExceptionResolver - ControllerAdvice beans: 0 @ExceptionHandler, 1 ResponseBodyAdvice
2022-10-22 12:47:28.712 [http-nio-10001-exec-1] "  " DEBUG org.springframework.web.servlet.DispatcherServlet - Detected StandardServletMultipartResolver
2022-10-22 12:47:28.715 [http-nio-10001-exec-1] "  " DEBUG org.springframework.web.servlet.DispatcherServlet - enableLoggingRequestDetails='false': request parameters and headers will be masked to prevent unsafe logging of potentially sensitive data
2022-10-22 12:47:28.721 [http-nio-10001-exec-1] "  " DEBUG org.springframework.web.servlet.DispatcherServlet - GET "/api/robot", parameters={}
2022-10-22 12:47:28.723 [http-nio-10001-exec-1] "  " DEBUG o.s.w.s.m.m.a.RequestMappingHandlerMapping - Mapped to com.lincoco.xiaokarobot.RobotApi#execute()
2022-10-22 12:47:29.010 [http-nio-10001-exec-1] "  " DEBUG c.l.xiaokarobot.dao.UserIdentityDAO.selectList - ==>  Preparing: SELECT id,password,phone_number,mailbox,school,create_time,update_time,delete_time FROM user_identity WHERE delete_time IS NULL
2022-10-22 12:47:29.025 [http-nio-10001-exec-1] "  " DEBUG c.l.xiaokarobot.dao.UserIdentityDAO.selectList - ==> Parameters: 
2022-10-22 12:47:29.053 [http-nio-10001-exec-1] "  " DEBUG c.l.xiaokarobot.dao.UserIdentityDAO.selectList - <==      Total: 4
2022-10-22 12:49:03.675 [http-nio-10001-exec-1] "  " DEBUG c.l.xiaokarobot.dao.UserIdentityDAO.selectById - ==>  Preparing: SELECT id,password,phone_number,mailbox,school,create_time,update_time,delete_time FROM user_identity WHERE id=? AND delete_time IS NULL
2022-10-22 12:49:03.675 [http-nio-10001-exec-1] "  " DEBUG c.l.xiaokarobot.dao.UserIdentityDAO.selectById - ==> Parameters: 2012011085(String)
2022-10-22 12:49:03.699 [http-nio-10001-exec-1] "  " DEBUG c.l.xiaokarobot.dao.UserIdentityDAO.selectById - <==      Total: 1
2022-10-22 12:49:04.997 [http-nio-10001-exec-1] "  " DEBUG o.s.w.s.m.m.a.RequestResponseBodyMethodProcessor - Using 'application/json;q=0.8', given [text/html, application/xhtml+xml, image/avif, image/webp, image/apng, application/xml;q=0.9, application/signed-exchange;v=b3;q=0.9, */*;q=0.8] and supported [application/json, application/*+json, application/json, application/*+json]
2022-10-22 12:49:04.998 [http-nio-10001-exec-1] "  " DEBUG o.s.w.s.m.m.a.RequestResponseBodyMethodProcessor - Nothing to write: null body
2022-10-22 12:49:04.998 [http-nio-10001-exec-1] "  " DEBUG org.springframework.web.servlet.DispatcherServlet - Completed 200 OK
