2022-10-27 19:15:39.536 [main] "  " INFO  com.lincoco.xiaokarobot.LinXiaokaRobotApplication - Starting LinXiaokaRobotApplication on bogon with PID 17825 (/Users/xueyeshang/Desktop/林coco团队/LinXiaokaRobot/application/target/classes started by xueyeshang in /Users/xueyeshang/Desktop/林coco团队/LinXiaokaRobot)
2022-10-27 19:15:39.538 [main] "  " INFO  com.lincoco.xiaokarobot.LinXiaokaRobotApplication - The following profiles are active: dev
2022-10-27 19:15:40.237 [main] "  " INFO  o.s.boot.web.embedded.tomcat.TomcatWebServer - Tomcat initialized with port(s): 10001 (http)
2022-10-27 19:15:40.243 [main] "  " INFO  org.apache.coyote.http11.Http11NioProtocol - Initializing ProtocolHandler ["http-nio-10001"]
2022-10-27 19:15:40.243 [main] "  " INFO  org.apache.catalina.core.StandardService - Starting service [Tomcat]
2022-10-27 19:15:40.244 [main] "  " INFO  org.apache.catalina.core.StandardEngine - Starting Servlet engine: [Apache Tomcat/9.0.35]
2022-10-27 19:15:40.288 [main] "  " INFO  o.a.c.c.ContainerBase.[Tomcat].[localhost].[/api] - Initializing Spring embedded WebApplicationContext
2022-10-27 19:15:40.289 [main] "  " INFO  org.springframework.web.context.ContextLoader - Root WebApplicationContext: initialization completed in 725 ms
2022-10-27 19:15:40.656 [main] "  " INFO  o.s.scheduling.concurrent.ThreadPoolTaskExecutor - Initializing ExecutorService 'applicationTaskExecutor'
2022-10-27 19:15:40.764 [main] "  " INFO  org.apache.coyote.http11.Http11NioProtocol - Starting ProtocolHandler ["http-nio-10001"]
2022-10-27 19:15:40.779 [main] "  " INFO  o.s.boot.web.embedded.tomcat.TomcatWebServer - Tomcat started on port(s): 10001 (http) with context path '/api'
2022-10-27 19:15:40.784 [main] "  " INFO  o.s.s.a.ScheduledAnnotationBeanPostProcessor - No TaskScheduler/ScheduledExecutorService bean found for scheduled processing
2022-10-27 19:15:40.787 [main] "  " INFO  com.lincoco.xiaokarobot.schedule.ScheduleTask - 使用CronTrigger触发器 : 0 10 0 * * ?
2022-10-27 19:15:40.790 [main] "  " INFO  com.lincoco.xiaokarobot.LinXiaokaRobotApplication - Started LinXiaokaRobotApplication in 1.64 seconds (JVM running for 1.994)
2022-10-27 19:15:48.506 [http-nio-10001-exec-1] "  " INFO  o.a.c.c.ContainerBase.[Tomcat].[localhost].[/api] - Initializing Spring DispatcherServlet 'dispatcherServlet'
2022-10-27 19:15:48.506 [http-nio-10001-exec-1] "  " INFO  org.springframework.web.servlet.DispatcherServlet - Initializing Servlet 'dispatcherServlet'
2022-10-27 19:15:48.510 [http-nio-10001-exec-1] "  " INFO  org.springframework.web.servlet.DispatcherServlet - Completed initialization in 4 ms
2022-10-27 19:15:48.563 [http-nio-10001-exec-1] "  " INFO  com.zaxxer.hikari.HikariDataSource - HikariPool-1 - Starting...
2022-10-27 19:15:48.811 [http-nio-10001-exec-1] "  " INFO  com.zaxxer.hikari.HikariDataSource - HikariPool-1 - Start completed.
2022-10-27 19:15:48.864 [Thread-160] "  " INFO  c.l.x.d.service.impl.JinKeJSDriverServiceImpl - 2022-10-27 19-15-48 用户 2012011062 开始执行自动打卡程序
2022-10-27 19:15:54.373 [Forwarding newSession on session null to remote] "  " INFO  org.openqa.selenium.remote.ProtocolHandshake - Detected dialect: W3C
2022-10-27 19:15:56.429 [Thread-160] "  " INFO  c.l.x.d.service.impl.JinKeJSDriverServiceImpl - 金陵科技学院-统一身份认证
2022-10-27 19:15:56.434 [Thread-160] "  " INFO  c.l.x.d.service.impl.JinKeJSDriverServiceImpl - 开始对2012011062 , 080512 进行认证
2022-10-27 19:15:56.570 [Thread-160] "  " INFO  c.l.x.d.service.impl.JinKeJSDriverServiceImpl - 开始输入用户名密码
2022-10-27 19:15:56.638 [Thread-160] "  " INFO  c.l.x.d.service.impl.JinKeJSDriverServiceImpl - 用户名密码成功
2022-10-27 19:15:56.868 [Thread-160] "  " INFO  c.l.x.d.service.impl.JinKeJSDriverServiceImpl - 尝试验证
2022-10-27 19:15:57.881 [Thread-160] "  " INFO  c.l.x.d.service.impl.JinKeJSDriverServiceImpl - 点击搜索栏
2022-10-27 19:16:18.231 [Thread-160] "  " INFO  c.l.x.d.service.impl.JinKeJSDriverServiceImpl - 进入异常，可能身份认证失败，建议检查学号密码是否正确: 2012011062 , 080512
2022-10-27 19:16:18.312 [Thread-160] "  " INFO  c.l.x.d.service.impl.JinKeJSDriverServiceImpl - 关闭driver
2022-10-27 19:16:18.312 [Thread-160] "  " INFO  c.l.x.d.service.impl.JinKeJSDriverServiceImpl - 用户 2012011062 执行自动打卡结束
2022-10-27 19:16:18.312 [Thread-160] "  " INFO  com.lincoco.xiaokarobot.taskhandler.RobotTask - 进入异常，可能身份认证失败，建议检查学号密码是否正确: 2012011062 , 080512
2022-10-27 19:16:18.314 [Thread-160] "  " INFO  c.l.x.d.service.impl.JinKeJSDriverServiceImpl - 2022-10-27 19-16-18 用户 2012011083 开始执行自动打卡程序
2022-10-27 19:16:19.840 [Forwarding newSession on session null to remote] "  " INFO  org.openqa.selenium.remote.ProtocolHandshake - Detected dialect: W3C
2022-10-27 19:16:21.864 [Thread-160] "  " INFO  c.l.x.d.service.impl.JinKeJSDriverServiceImpl - 金陵科技学院-统一身份认证
2022-10-27 19:16:21.865 [Thread-160] "  " INFO  c.l.x.d.service.impl.JinKeJSDriverServiceImpl - 开始对2012011083 , 252013 进行认证
2022-10-27 19:16:21.992 [Thread-160] "  " INFO  c.l.x.d.service.impl.JinKeJSDriverServiceImpl - 开始输入用户名密码
2022-10-27 19:16:22.052 [Thread-160] "  " INFO  c.l.x.d.service.impl.JinKeJSDriverServiceImpl - 用户名密码成功
2022-10-27 19:16:23.744 [Thread-160] "  " INFO  c.l.x.d.service.impl.JinKeJSDriverServiceImpl - 尝试验证
2022-10-27 19:16:24.752 [Thread-160] "  " INFO  c.l.x.d.service.impl.JinKeJSDriverServiceImpl - 点击搜索栏
2022-10-27 19:16:29.478 [Thread-160] "  " INFO  com.lincoco.xiaokarobot.taskhandler.RobotTask - java.net.ConnectException: Failed to connect to localhost/0:0:0:0:0:0:0:1:4646
Build info: version: '3.141.59', revision: 'e82be7d358', time: '2018-11-14T08:17:03'
System info: host: 'bogon', ip: 'fe80:0:0:0:c5d:5bb9:4f7:c21a%en0', os.name: 'Mac OS X', os.arch: 'aarch64', os.version: '12.5', java.version: '1.8.0_352'
Driver info: driver.version: RemoteWebDriver
2022-10-27 19:16:29.479 [Thread-160] "  " INFO  c.l.x.d.service.impl.JinKeJSDriverServiceImpl - 2022-10-27 19-16-29 用户 2012011084 开始执行自动打卡程序
2022-10-27 19:16:31.469 [http-nio-10001-exec-1] "  " INFO  com.lincoco.xiaokarobot.taskhandler.TaskExecute - 重试开始
2022-10-27 19:16:33.128 [Thread-160] "  " INFO  c.l.x.d.service.impl.JinKeJSDriverServiceImpl - 金陵科技学院-统一身份认证
2022-10-27 19:16:33.128 [Thread-160] "  " INFO  c.l.x.d.service.impl.JinKeJSDriverServiceImpl - 开始对2012011084 , 223755 进行认证
2022-10-27 19:16:33.258 [Thread-160] "  " INFO  c.l.x.d.service.impl.JinKeJSDriverServiceImpl - 开始输入用户名密码
2022-10-27 19:16:33.320 [Thread-160] "  " INFO  c.l.x.d.service.impl.JinKeJSDriverServiceImpl - 用户名密码成功
2022-10-27 19:16:34.622 [Thread-160] "  " INFO  c.l.x.d.service.impl.JinKeJSDriverServiceImpl - 尝试验证
2022-10-27 19:16:35.631 [Thread-160] "  " INFO  c.l.x.d.service.impl.JinKeJSDriverServiceImpl - 点击搜索栏
2022-10-27 19:16:36.473 [SpringContextShutdownHook] "  " INFO  o.s.scheduling.concurrent.ThreadPoolTaskExecutor - Shutting down ExecutorService 'applicationTaskExecutor'
2022-10-27 19:16:36.474 [SpringContextShutdownHook] "  " INFO  com.zaxxer.hikari.HikariDataSource - HikariPool-1 - Shutdown initiated...
2022-10-27 19:16:36.479 [SpringContextShutdownHook] "  " INFO  com.zaxxer.hikari.HikariDataSource - HikariPool-1 - Shutdown completed.
2022-10-27 19:18:21.833 [main] "  " INFO  com.lincoco.xiaokarobot.LinXiaokaRobotApplication - Starting LinXiaokaRobotApplication on bogon with PID 18063 (/Users/xueyeshang/Desktop/林coco团队/LinXiaokaRobot/application/target/classes started by xueyeshang in /Users/xueyeshang/Desktop/林coco团队/LinXiaokaRobot)
2022-10-27 19:18:21.835 [main] "  " INFO  com.lincoco.xiaokarobot.LinXiaokaRobotApplication - The following profiles are active: dev
2022-10-27 19:18:22.511 [main] "  " INFO  o.s.boot.web.embedded.tomcat.TomcatWebServer - Tomcat initialized with port(s): 10001 (http)
2022-10-27 19:18:22.516 [main] "  " INFO  org.apache.coyote.http11.Http11NioProtocol - Initializing ProtocolHandler ["http-nio-10001"]
2022-10-27 19:18:22.516 [main] "  " INFO  org.apache.catalina.core.StandardService - Starting service [Tomcat]
2022-10-27 19:18:22.516 [main] "  " INFO  org.apache.catalina.core.StandardEngine - Starting Servlet engine: [Apache Tomcat/9.0.35]
2022-10-27 19:18:22.564 [main] "  " INFO  o.a.c.c.ContainerBase.[Tomcat].[localhost].[/api] - Initializing Spring embedded WebApplicationContext
2022-10-27 19:18:22.564 [main] "  " INFO  org.springframework.web.context.ContextLoader - Root WebApplicationContext: initialization completed in 697 ms
2022-10-27 19:18:22.925 [main] "  " INFO  o.s.scheduling.concurrent.ThreadPoolTaskExecutor - Initializing ExecutorService 'applicationTaskExecutor'
2022-10-27 19:18:23.035 [main] "  " INFO  org.apache.coyote.http11.Http11NioProtocol - Starting ProtocolHandler ["http-nio-10001"]
2022-10-27 19:18:23.052 [main] "  " INFO  o.s.boot.web.embedded.tomcat.TomcatWebServer - Tomcat started on port(s): 10001 (http) with context path '/api'
2022-10-27 19:18:23.058 [main] "  " INFO  o.s.s.a.ScheduledAnnotationBeanPostProcessor - No TaskScheduler/ScheduledExecutorService bean found for scheduled processing
2022-10-27 19:18:23.062 [main] "  " INFO  com.lincoco.xiaokarobot.schedule.ScheduleTask - 使用CronTrigger触发器 : 0 10 0 * * ?
2022-10-27 19:18:23.065 [main] "  " INFO  com.lincoco.xiaokarobot.LinXiaokaRobotApplication - Started LinXiaokaRobotApplication in 1.558 seconds (JVM running for 2.443)
2022-10-27 19:18:28.577 [http-nio-10001-exec-1] "  " INFO  o.a.c.c.ContainerBase.[Tomcat].[localhost].[/api] - Initializing Spring DispatcherServlet 'dispatcherServlet'
2022-10-27 19:18:28.578 [http-nio-10001-exec-1] "  " INFO  org.springframework.web.servlet.DispatcherServlet - Initializing Servlet 'dispatcherServlet'
2022-10-27 19:18:28.582 [http-nio-10001-exec-1] "  " INFO  org.springframework.web.servlet.DispatcherServlet - Completed initialization in 4 ms
2022-10-27 19:18:28.635 [http-nio-10001-exec-1] "  " INFO  com.zaxxer.hikari.HikariDataSource - HikariPool-1 - Starting...
2022-10-27 19:18:28.890 [http-nio-10001-exec-1] "  " INFO  com.zaxxer.hikari.HikariDataSource - HikariPool-1 - Start completed.
2022-10-27 19:18:28.948 [Thread-161] "  " INFO  c.l.x.d.service.impl.JinKeJSDriverServiceImpl - 2022-10-27 19-18-28 用户 2012011062 开始执行自动打卡程序
2022-10-27 19:18:32.039 [Forwarding newSession on session null to remote] "  " INFO  org.openqa.selenium.remote.ProtocolHandshake - Detected dialect: W3C
2022-10-27 19:18:34.057 [Thread-161] "  " INFO  c.l.x.d.service.impl.JinKeJSDriverServiceImpl - 金陵科技学院-统一身份认证
2022-10-27 19:18:34.061 [Thread-161] "  " INFO  c.l.x.d.service.impl.JinKeJSDriverServiceImpl - 开始对2012011062 , 080512 进行认证
2022-10-27 19:18:34.187 [Thread-161] "  " INFO  c.l.x.d.service.impl.JinKeJSDriverServiceImpl - 开始输入用户名密码
2022-10-27 19:18:34.252 [Thread-161] "  " INFO  c.l.x.d.service.impl.JinKeJSDriverServiceImpl - 用户名密码成功
2022-10-27 19:18:34.493 [Thread-161] "  " INFO  c.l.x.d.service.impl.JinKeJSDriverServiceImpl - 尝试验证
2022-10-27 19:18:35.500 [Thread-161] "  " INFO  c.l.x.d.service.impl.JinKeJSDriverServiceImpl - 点击搜索栏
2022-10-27 19:18:50.226 [Thread-161] "  " INFO  com.lincoco.xiaokarobot.taskhandler.RobotTask - java.net.ConnectException: Failed to connect to localhost/0:0:0:0:0:0:0:1:12853
Build info: version: '3.141.59', revision: 'e82be7d358', time: '2018-11-14T08:17:03'
System info: host: 'bogon', ip: 'fe80:0:0:0:c5d:5bb9:4f7:c21a%en0', os.name: 'Mac OS X', os.arch: 'aarch64', os.version: '12.5', java.version: '1.8.0_352'
Driver info: driver.version: RemoteWebDriver
2022-10-27 19:18:50.227 [Thread-161] "  " INFO  c.l.x.d.service.impl.JinKeJSDriverServiceImpl - 2022-10-27 19-18-50 用户 2012011083 开始执行自动打卡程序
2022-10-27 19:18:52.264 [http-nio-10001-exec-1] "  " INFO  com.lincoco.xiaokarobot.taskhandler.TaskExecute - 重试开始
2022-10-27 19:18:53.852 [Thread-161] "  " INFO  c.l.x.d.service.impl.JinKeJSDriverServiceImpl - 金陵科技学院-统一身份认证
2022-10-27 19:18:53.852 [Thread-161] "  " INFO  c.l.x.d.service.impl.JinKeJSDriverServiceImpl - 开始对2012011083 , 252013 进行认证
2022-10-27 19:18:57.269 [SpringContextShutdownHook] "  " INFO  o.s.scheduling.concurrent.ThreadPoolTaskExecutor - Shutting down ExecutorService 'applicationTaskExecutor'
2022-10-27 19:18:57.270 [SpringContextShutdownHook] "  " INFO  com.zaxxer.hikari.HikariDataSource - HikariPool-1 - Shutdown initiated...
2022-10-27 19:18:57.280 [SpringContextShutdownHook] "  " INFO  com.zaxxer.hikari.HikariDataSource - HikariPool-1 - Shutdown completed.
2022-10-27 19:20:51.183 [main] "  " INFO  com.lincoco.xiaokarobot.LinXiaokaRobotApplication - Starting LinXiaokaRobotApplication on bogon with PID 18244 (/Users/xueyeshang/Desktop/林coco团队/LinXiaokaRobot/application/target/classes started by xueyeshang in /Users/xueyeshang/Desktop/林coco团队/LinXiaokaRobot)
2022-10-27 19:20:51.185 [main] "  " INFO  com.lincoco.xiaokarobot.LinXiaokaRobotApplication - The following profiles are active: dev
2022-10-27 19:20:51.886 [main] "  " INFO  o.s.boot.web.embedded.tomcat.TomcatWebServer - Tomcat initialized with port(s): 10001 (http)
2022-10-27 19:20:51.891 [main] "  " INFO  org.apache.coyote.http11.Http11NioProtocol - Initializing ProtocolHandler ["http-nio-10001"]
2022-10-27 19:20:51.892 [main] "  " INFO  org.apache.catalina.core.StandardService - Starting service [Tomcat]
2022-10-27 19:20:51.892 [main] "  " INFO  org.apache.catalina.core.StandardEngine - Starting Servlet engine: [Apache Tomcat/9.0.35]
2022-10-27 19:20:51.941 [main] "  " INFO  o.a.c.c.ContainerBase.[Tomcat].[localhost].[/api] - Initializing Spring embedded WebApplicationContext
2022-10-27 19:20:51.941 [main] "  " INFO  org.springframework.web.context.ContextLoader - Root WebApplicationContext: initialization completed in 724 ms
2022-10-27 19:20:52.332 [main] "  " INFO  o.s.scheduling.concurrent.ThreadPoolTaskExecutor - Initializing ExecutorService 'applicationTaskExecutor'
2022-10-27 19:20:52.447 [main] "  " INFO  org.apache.coyote.http11.Http11NioProtocol - Starting ProtocolHandler ["http-nio-10001"]
2022-10-27 19:20:52.464 [main] "  " INFO  o.s.boot.web.embedded.tomcat.TomcatWebServer - Tomcat started on port(s): 10001 (http) with context path '/api'
2022-10-27 19:20:52.469 [main] "  " INFO  o.s.s.a.ScheduledAnnotationBeanPostProcessor - No TaskScheduler/ScheduledExecutorService bean found for scheduled processing
2022-10-27 19:20:52.472 [main] "  " INFO  com.lincoco.xiaokarobot.schedule.ScheduleTask - 使用CronTrigger触发器 : 0 10 0 * * ?
2022-10-27 19:20:52.476 [main] "  " INFO  com.lincoco.xiaokarobot.LinXiaokaRobotApplication - Started LinXiaokaRobotApplication in 1.737 seconds (JVM running for 2.14)
2022-10-27 19:21:04.904 [http-nio-10001-exec-1] "  " INFO  o.a.c.c.ContainerBase.[Tomcat].[localhost].[/api] - Initializing Spring DispatcherServlet 'dispatcherServlet'
2022-10-27 19:21:04.905 [http-nio-10001-exec-1] "  " INFO  org.springframework.web.servlet.DispatcherServlet - Initializing Servlet 'dispatcherServlet'
2022-10-27 19:21:04.909 [http-nio-10001-exec-1] "  " INFO  org.springframework.web.servlet.DispatcherServlet - Completed initialization in 4 ms
2022-10-27 19:21:04.966 [http-nio-10001-exec-1] "  " INFO  com.zaxxer.hikari.HikariDataSource - HikariPool-1 - Starting...
2022-10-27 19:21:05.221 [http-nio-10001-exec-1] "  " INFO  com.zaxxer.hikari.HikariDataSource - HikariPool-1 - Start completed.
2022-10-27 19:21:05.281 [Thread-161] "  " INFO  c.l.x.d.service.impl.JinKeJSDriverServiceImpl - 2022-10-27 19-21-05 用户 2012011062 开始执行自动打卡程序
2022-10-27 19:21:08.048 [Forwarding newSession on session null to remote] "  " INFO  org.openqa.selenium.remote.ProtocolHandshake - Detected dialect: W3C
2022-10-27 19:21:10.086 [Thread-161] "  " INFO  c.l.x.d.service.impl.JinKeJSDriverServiceImpl - 金陵科技学院-统一身份认证
2022-10-27 19:21:10.089 [Thread-161] "  " INFO  c.l.x.d.service.impl.JinKeJSDriverServiceImpl - 开始对2012011062 , 080512 进行认证
2022-10-27 19:21:10.217 [Thread-161] "  " INFO  c.l.x.d.service.impl.JinKeJSDriverServiceImpl - 开始输入用户名密码
2022-10-27 19:21:10.276 [Thread-161] "  " INFO  c.l.x.d.service.impl.JinKeJSDriverServiceImpl - 用户名密码成功
2022-10-27 19:21:10.510 [Thread-161] "  " INFO  c.l.x.d.service.impl.JinKeJSDriverServiceImpl - 尝试验证
2022-10-27 19:21:11.522 [Thread-161] "  " INFO  c.l.x.d.service.impl.JinKeJSDriverServiceImpl - 点击搜索栏
2022-10-27 19:21:31.552 [Thread-161] "  " INFO  c.l.x.d.service.impl.JinKeJSDriverServiceImpl - 进入异常，可能身份认证失败，建议检查学号密码是否正确: 2012011062 , 080512
2022-10-27 19:21:31.629 [Thread-161] "  " INFO  c.l.x.d.service.impl.JinKeJSDriverServiceImpl - 关闭driver
2022-10-27 19:21:31.629 [Thread-161] "  " INFO  c.l.x.d.service.impl.JinKeJSDriverServiceImpl - 用户 2012011062 执行自动打卡结束
2022-10-27 19:21:31.629 [Thread-161] "  " INFO  com.lincoco.xiaokarobot.taskhandler.RobotTask - 进入异常，可能身份认证失败，建议检查学号密码是否正确: 2012011062 , 080512
2022-10-27 19:22:00.105 [Thread-161] "  " INFO  c.l.x.d.service.impl.JinKeJSDriverServiceImpl - 2022-10-27 19-21-31 用户 2012011083 开始执行自动打卡程序
2022-10-27 19:22:02.006 [Forwarding newSession on session null to remote] "  " INFO  org.openqa.selenium.remote.ProtocolHandshake - Detected dialect: W3C
2022-10-27 19:22:04.027 [Thread-161] "  " INFO  c.l.x.d.service.impl.JinKeJSDriverServiceImpl - 金陵科技学院-统一身份认证
2022-10-27 19:22:04.027 [Thread-161] "  " INFO  c.l.x.d.service.impl.JinKeJSDriverServiceImpl - 开始对2012011083 , 252013 进行认证
2022-10-27 19:22:04.156 [Thread-161] "  " INFO  c.l.x.d.service.impl.JinKeJSDriverServiceImpl - 开始输入用户名密码
2022-10-27 19:22:04.219 [Thread-161] "  " INFO  c.l.x.d.service.impl.JinKeJSDriverServiceImpl - 用户名密码成功
2022-10-27 19:22:05.695 [Thread-161] "  " INFO  c.l.x.d.service.impl.JinKeJSDriverServiceImpl - 尝试验证
2022-10-27 19:22:06.704 [Thread-161] "  " INFO  c.l.x.d.service.impl.JinKeJSDriverServiceImpl - 点击搜索栏
2022-10-27 19:22:08.807 [Thread-161] "  " INFO  com.lincoco.xiaokarobot.taskhandler.RobotTask - java.net.ConnectException: Failed to connect to localhost/0:0:0:0:0:0:0:1:30595
Build info: version: '3.141.59', revision: 'e82be7d358', time: '2018-11-14T08:17:03'
System info: host: 'bogon', ip: 'fe80:0:0:0:c5d:5bb9:4f7:c21a%en0', os.name: 'Mac OS X', os.arch: 'aarch64', os.version: '12.5', java.version: '1.8.0_352'
Driver info: driver.version: RemoteWebDriver
2022-10-27 19:22:08.808 [Thread-161] "  " INFO  c.l.x.d.service.impl.JinKeJSDriverServiceImpl - 2022-10-27 19-22-08 用户 2012011084 开始执行自动打卡程序
2022-10-27 19:22:10.790 [http-nio-10001-exec-1] "  " INFO  com.lincoco.xiaokarobot.taskhandler.TaskExecute - 重试开始
2022-10-27 19:22:13.717 [Thread-161] "  " INFO  c.l.x.d.service.impl.JinKeJSDriverServiceImpl - 金陵科技学院-统一身份认证
2022-10-27 19:22:13.717 [Thread-161] "  " INFO  c.l.x.d.service.impl.JinKeJSDriverServiceImpl - 开始对2012011084 , 223755 进行认证
2022-10-27 19:22:13.843 [Thread-161] "  " INFO  c.l.x.d.service.impl.JinKeJSDriverServiceImpl - 开始输入用户名密码
2022-10-27 19:22:13.903 [Thread-161] "  " INFO  c.l.x.d.service.impl.JinKeJSDriverServiceImpl - 用户名密码成功
2022-10-27 19:22:14.512 [Thread-161] "  " INFO  c.l.x.d.service.impl.JinKeJSDriverServiceImpl - 尝试验证
2022-10-27 19:22:15.521 [Thread-161] "  " INFO  c.l.x.d.service.impl.JinKeJSDriverServiceImpl - 点击搜索栏
2022-10-27 19:22:15.798 [SpringContextShutdownHook] "  " INFO  o.s.scheduling.concurrent.ThreadPoolTaskExecutor - Shutting down ExecutorService 'applicationTaskExecutor'
2022-10-27 19:22:15.799 [SpringContextShutdownHook] "  " INFO  com.zaxxer.hikari.HikariDataSource - HikariPool-1 - Shutdown initiated...
2022-10-27 19:22:15.806 [SpringContextShutdownHook] "  " INFO  com.zaxxer.hikari.HikariDataSource - HikariPool-1 - Shutdown completed.
2022-10-27 19:22:23.716 [main] "  " INFO  com.lincoco.xiaokarobot.LinXiaokaRobotApplication - Starting LinXiaokaRobotApplication on bogon with PID 18389 (/Users/xueyeshang/Desktop/林coco团队/LinXiaokaRobot/application/target/classes started by xueyeshang in /Users/xueyeshang/Desktop/林coco团队/LinXiaokaRobot)
2022-10-27 19:22:23.718 [main] "  " INFO  com.lincoco.xiaokarobot.LinXiaokaRobotApplication - The following profiles are active: dev
2022-10-27 19:22:24.386 [main] "  " INFO  o.s.boot.web.embedded.tomcat.TomcatWebServer - Tomcat initialized with port(s): 10001 (http)
2022-10-27 19:22:24.392 [main] "  " INFO  org.apache.coyote.http11.Http11NioProtocol - Initializing ProtocolHandler ["http-nio-10001"]
2022-10-27 19:22:24.392 [main] "  " INFO  org.apache.catalina.core.StandardService - Starting service [Tomcat]
2022-10-27 19:22:24.392 [main] "  " INFO  org.apache.catalina.core.StandardEngine - Starting Servlet engine: [Apache Tomcat/9.0.35]
2022-10-27 19:22:24.440 [main] "  " INFO  o.a.c.c.ContainerBase.[Tomcat].[localhost].[/api] - Initializing Spring embedded WebApplicationContext
2022-10-27 19:22:24.441 [main] "  " INFO  org.springframework.web.context.ContextLoader - Root WebApplicationContext: initialization completed in 695 ms
2022-10-27 19:22:24.817 [main] "  " INFO  o.s.scheduling.concurrent.ThreadPoolTaskExecutor - Initializing ExecutorService 'applicationTaskExecutor'
2022-10-27 19:22:24.928 [main] "  " INFO  org.apache.coyote.http11.Http11NioProtocol - Starting ProtocolHandler ["http-nio-10001"]
2022-10-27 19:22:24.945 [main] "  " INFO  o.s.boot.web.embedded.tomcat.TomcatWebServer - Tomcat started on port(s): 10001 (http) with context path '/api'
2022-10-27 19:22:24.951 [main] "  " INFO  o.s.s.a.ScheduledAnnotationBeanPostProcessor - No TaskScheduler/ScheduledExecutorService bean found for scheduled processing
2022-10-27 19:22:24.954 [main] "  " INFO  com.lincoco.xiaokarobot.schedule.ScheduleTask - 使用CronTrigger触发器 : 0 10 0 * * ?
2022-10-27 19:22:24.958 [main] "  " INFO  com.lincoco.xiaokarobot.LinXiaokaRobotApplication - Started LinXiaokaRobotApplication in 1.649 seconds (JVM running for 2.021)
2022-10-27 19:22:38.060 [http-nio-10001-exec-1] "  " INFO  o.a.c.c.ContainerBase.[Tomcat].[localhost].[/api] - Initializing Spring DispatcherServlet 'dispatcherServlet'
2022-10-27 19:22:38.060 [http-nio-10001-exec-1] "  " INFO  org.springframework.web.servlet.DispatcherServlet - Initializing Servlet 'dispatcherServlet'
2022-10-27 19:22:38.064 [http-nio-10001-exec-1] "  " INFO  org.springframework.web.servlet.DispatcherServlet - Completed initialization in 4 ms
2022-10-27 19:22:38.114 [http-nio-10001-exec-1] "  " INFO  com.zaxxer.hikari.HikariDataSource - HikariPool-1 - Starting...
2022-10-27 19:22:38.391 [http-nio-10001-exec-1] "  " INFO  com.zaxxer.hikari.HikariDataSource - HikariPool-1 - Start completed.
2022-10-27 19:22:38.450 [Thread-161] "  " INFO  c.l.x.d.service.impl.JinKeJSDriverServiceImpl - 2022-10-27 19-22-38 用户 2012011062 开始执行自动打卡程序
2022-10-27 19:22:40.428 [Forwarding newSession on session null to remote] "  " INFO  org.openqa.selenium.remote.ProtocolHandshake - Detected dialect: W3C
2022-10-27 19:22:42.468 [Thread-161] "  " INFO  c.l.x.d.service.impl.JinKeJSDriverServiceImpl - 金陵科技学院-统一身份认证
2022-10-27 19:22:42.472 [Thread-161] "  " INFO  c.l.x.d.service.impl.JinKeJSDriverServiceImpl - 开始对2012011062 , 080512 进行认证
2022-10-27 19:22:42.601 [Thread-161] "  " INFO  c.l.x.d.service.impl.JinKeJSDriverServiceImpl - 开始输入用户名密码
2022-10-27 19:25:03.397 [Thread-161] "  " INFO  c.l.x.d.service.impl.JinKeJSDriverServiceImpl - 用户名密码成功
2022-10-27 19:25:03.517 [Thread-161] "  " INFO  c.l.x.d.service.impl.JinKeJSDriverServiceImpl - 关闭driver
2022-10-27 19:25:03.517 [Thread-161] "  " INFO  c.l.x.d.service.impl.JinKeJSDriverServiceImpl - 用户 2012011062 执行自动打卡结束
2022-10-27 19:25:03.517 [Thread-161] "  " INFO  com.lincoco.xiaokarobot.taskhandler.RobotTask - no such window: target window already closed
from unknown error: web view not found
  (Session info: chrome=106.0.5249.119)
Build info: version: '3.141.59', revision: 'e82be7d358', time: '2018-11-14T08:17:03'
System info: host: 'bogon', ip: 'fe80:0:0:0:c5d:5bb9:4f7:c21a%en0', os.name: 'Mac OS X', os.arch: 'aarch64', os.version: '12.5', java.version: '1.8.0_352'
Driver info: org.openqa.selenium.chrome.ChromeDriver
Capabilities {acceptInsecureCerts: false, browserName: chrome, browserVersion: 106.0.5249.119, chrome: {chromedriverVersion: 106.0.5249.61 (511755355844..., userDataDir: /var/folders/md/6f7q4dws4n9...}, goog:chromeOptions: {debuggerAddress: localhost:59842}, javascriptEnabled: true, networkConnectionEnabled: false, pageLoadStrategy: normal, platform: MAC, platformName: MAC, proxy: Proxy(), setWindowRect: true, strictFileInteractability: false, timeouts: {implicit: 0, pageLoad: 300000, script: 30000}, unhandledPromptBehavior: dismiss and notify, webauthn:extension:credBlob: true, webauthn:extension:largeBlob: true, webauthn:virtualAuthenticators: true}
Session ID: 36e4971b60d425eb36f9a744516c9c31
2022-10-27 19:25:03.519 [Thread-161] "  " INFO  c.l.x.d.service.impl.JinKeJSDriverServiceImpl - 2022-10-27 19-25-03 用户 2012011083 开始执行自动打卡程序
2022-10-27 19:25:06.035 [Forwarding newSession on session null to remote] "  " INFO  org.openqa.selenium.remote.ProtocolHandshake - Detected dialect: W3C
2022-10-27 19:25:08.088 [Thread-161] "  " INFO  c.l.x.d.service.impl.JinKeJSDriverServiceImpl - 金陵科技学院-统一身份认证
2022-10-27 19:25:08.089 [Thread-161] "  " INFO  c.l.x.d.service.impl.JinKeJSDriverServiceImpl - 开始对2012011083 , 252013 进行认证
2022-10-27 19:25:08.218 [Thread-161] "  " INFO  c.l.x.d.service.impl.JinKeJSDriverServiceImpl - 开始输入用户名密码
2022-10-27 19:25:56.878 [Thread-161] "  " INFO  c.l.x.d.service.impl.JinKeJSDriverServiceImpl - 用户名密码成功
2022-10-27 19:25:57.095 [Thread-161] "  " INFO  com.lincoco.xiaokarobot.taskhandler.RobotTask - java.net.ConnectException: Failed to connect to localhost/0:0:0:0:0:0:0:1:47577
Build info: version: '3.141.59', revision: 'e82be7d358', time: '2018-11-14T08:17:03'
System info: host: 'bogon', ip: 'fe80:0:0:0:c5d:5bb9:4f7:c21a%en0', os.name: 'Mac OS X', os.arch: 'aarch64', os.version: '12.5', java.version: '1.8.0_352'
Driver info: driver.version: RemoteWebDriver
2022-10-27 19:25:57.096 [Thread-161] "  " INFO  c.l.x.d.service.impl.JinKeJSDriverServiceImpl - 2022-10-27 19-25-57 用户 2012011084 开始执行自动打卡程序
2022-10-27 19:25:59.130 [http-nio-10001-exec-1] "  " INFO  com.lincoco.xiaokarobot.taskhandler.TaskExecute - 重试开始
2022-10-27 19:26:00.921 [Thread-161] "  " INFO  c.l.x.d.service.impl.JinKeJSDriverServiceImpl - 金陵科技学院-统一身份认证
2022-10-27 19:26:00.921 [Thread-161] "  " INFO  c.l.x.d.service.impl.JinKeJSDriverServiceImpl - 开始对2012011084 , 223755 进行认证
2022-10-27 19:26:01.050 [Thread-161] "  " INFO  c.l.x.d.service.impl.JinKeJSDriverServiceImpl - 开始输入用户名密码
2022-10-27 19:26:01.115 [Thread-161] "  " INFO  c.l.x.d.service.impl.JinKeJSDriverServiceImpl - 用户名密码成功
2022-10-27 19:26:03.204 [Thread-161] "  " INFO  c.l.x.d.service.impl.JinKeJSDriverServiceImpl - 尝试验证
2022-10-27 19:26:04.137 [SpringContextShutdownHook] "  " INFO  o.s.scheduling.concurrent.ThreadPoolTaskExecutor - Shutting down ExecutorService 'applicationTaskExecutor'
2022-10-27 19:26:04.138 [SpringContextShutdownHook] "  " INFO  com.zaxxer.hikari.HikariDataSource - HikariPool-1 - Shutdown initiated...
2022-10-27 19:26:04.147 [SpringContextShutdownHook] "  " INFO  com.zaxxer.hikari.HikariDataSource - HikariPool-1 - Shutdown completed.
2022-10-27 19:26:51.348 [main] "  " INFO  com.lincoco.xiaokarobot.LinXiaokaRobotApplication - Starting LinXiaokaRobotApplication on bogon with PID 18735 (/Users/xueyeshang/Desktop/林coco团队/LinXiaokaRobot/application/target/classes started by xueyeshang in /Users/xueyeshang/Desktop/林coco团队/LinXiaokaRobot)
2022-10-27 19:26:51.350 [main] "  " INFO  com.lincoco.xiaokarobot.LinXiaokaRobotApplication - The following profiles are active: dev
2022-10-27 19:26:52.025 [main] "  " INFO  o.s.boot.web.embedded.tomcat.TomcatWebServer - Tomcat initialized with port(s): 10001 (http)
2022-10-27 19:26:52.031 [main] "  " INFO  org.apache.coyote.http11.Http11NioProtocol - Initializing ProtocolHandler ["http-nio-10001"]
2022-10-27 19:26:52.031 [main] "  " INFO  org.apache.catalina.core.StandardService - Starting service [Tomcat]
2022-10-27 19:26:52.031 [main] "  " INFO  org.apache.catalina.core.StandardEngine - Starting Servlet engine: [Apache Tomcat/9.0.35]
2022-10-27 19:26:52.076 [main] "  " INFO  o.a.c.c.ContainerBase.[Tomcat].[localhost].[/api] - Initializing Spring embedded WebApplicationContext
2022-10-27 19:26:52.077 [main] "  " INFO  org.springframework.web.context.ContextLoader - Root WebApplicationContext: initialization completed in 701 ms
2022-10-27 19:26:52.447 [main] "  " INFO  o.s.scheduling.concurrent.ThreadPoolTaskExecutor - Initializing ExecutorService 'applicationTaskExecutor'
2022-10-27 19:26:52.558 [main] "  " INFO  org.apache.coyote.http11.Http11NioProtocol - Starting ProtocolHandler ["http-nio-10001"]
2022-10-27 19:26:52.575 [main] "  " INFO  o.s.boot.web.embedded.tomcat.TomcatWebServer - Tomcat started on port(s): 10001 (http) with context path '/api'
2022-10-27 19:26:52.581 [main] "  " INFO  o.s.s.a.ScheduledAnnotationBeanPostProcessor - No TaskScheduler/ScheduledExecutorService bean found for scheduled processing
2022-10-27 19:26:52.584 [main] "  " INFO  com.lincoco.xiaokarobot.schedule.ScheduleTask - 使用CronTrigger触发器 : 0 10 0 * * ?
2022-10-27 19:26:52.587 [main] "  " INFO  com.lincoco.xiaokarobot.LinXiaokaRobotApplication - Started LinXiaokaRobotApplication in 1.646 seconds (JVM running for 1.959)
2022-10-27 19:26:55.805 [http-nio-10001-exec-1] "  " INFO  o.a.c.c.ContainerBase.[Tomcat].[localhost].[/api] - Initializing Spring DispatcherServlet 'dispatcherServlet'
2022-10-27 19:26:55.805 [http-nio-10001-exec-1] "  " INFO  org.springframework.web.servlet.DispatcherServlet - Initializing Servlet 'dispatcherServlet'
2022-10-27 19:26:55.810 [http-nio-10001-exec-1] "  " INFO  org.springframework.web.servlet.DispatcherServlet - Completed initialization in 5 ms
2022-10-27 19:26:55.861 [http-nio-10001-exec-1] "  " INFO  com.zaxxer.hikari.HikariDataSource - HikariPool-1 - Starting...
2022-10-27 19:26:56.094 [http-nio-10001-exec-1] "  " INFO  com.zaxxer.hikari.HikariDataSource - HikariPool-1 - Start completed.
2022-10-27 19:26:56.148 [Thread-161] "  " INFO  c.l.x.d.service.impl.JinKeJSDriverServiceImpl - 2022-10-27 19-26-56 用户 2012011062 开始执行自动打卡程序
2022-10-27 19:26:59.480 [Forwarding newSession on session null to remote] "  " INFO  org.openqa.selenium.remote.ProtocolHandshake - Detected dialect: W3C
2022-10-27 19:27:01.877 [Thread-161] "  " INFO  c.l.x.d.service.impl.JinKeJSDriverServiceImpl - 金陵科技学院-统一身份认证
2022-10-27 19:27:01.880 [Thread-161] "  " INFO  c.l.x.d.service.impl.JinKeJSDriverServiceImpl - 开始对2012011062 , 080512 进行认证
2022-10-27 19:27:02.066 [Thread-161] "  " INFO  c.l.x.d.service.impl.JinKeJSDriverServiceImpl - 开始输入用户名密码
2022-10-27 19:27:02.396 [Thread-161] "  " INFO  c.l.x.d.service.impl.JinKeJSDriverServiceImpl - 用户名密码成功
2022-10-27 19:27:04.080 [Thread-161] "  " INFO  c.l.x.d.service.impl.JinKeJSDriverServiceImpl - 尝试验证
2022-10-27 19:27:05.090 [Thread-161] "  " INFO  c.l.x.d.service.impl.JinKeJSDriverServiceImpl - 点击搜索栏
2022-10-27 19:27:10.220 [Thread-161] "  " INFO  c.l.x.d.service.impl.JinKeJSDriverServiceImpl - 写入搜索内容: 健康信息每日打卡
2022-10-27 19:27:11.680 [Thread-161] "  " INFO  c.l.x.d.service.impl.JinKeJSDriverServiceImpl - 执行搜索
2022-10-27 19:27:13.681 [Thread-161] "  " INFO  c.l.x.d.service.impl.JinKeJSDriverServiceImpl - 点击搜索到的第一个
2022-10-27 19:27:16.126 [Thread-161] "  " INFO  c.l.x.d.service.impl.JinKeJSDriverServiceImpl - 具有下次不再显示
2022-10-27 19:27:16.126 [Thread-161] "  " INFO  c.l.x.d.service.impl.JinKeJSDriverServiceImpl - 第一次进入打卡系统，要点击下次不再显示，并进入服务
2022-10-27 19:27:16.426 [Thread-161] "  " INFO  c.l.x.d.service.impl.JinKeJSDriverServiceImpl - 金陵科技学院网上服务大厅
2022-10-27 19:27:16.460 [Thread-161] "  " INFO  c.l.x.d.service.impl.JinKeJSDriverServiceImpl - 点击新增按钮
2022-10-27 19:27:22.873 [Thread-161] "  " INFO  c.l.x.d.service.impl.JinKeJSDriverServiceImpl -  用户 2012011062 已经成功打完卡，取消爬虫
2022-10-27 19:27:22.985 [Thread-161] "  " INFO  c.l.x.d.service.impl.JinKeJSDriverServiceImpl - 关闭driver
2022-10-27 19:27:22.986 [Thread-161] "  " INFO  c.l.x.d.service.impl.JinKeJSDriverServiceImpl - 用户 2012011062 执行自动打卡结束
2022-10-27 19:27:22.986 [Thread-161] "  " INFO  com.lincoco.xiaokarobot.taskhandler.RobotTask - 2012011062 执行花了26秒
2022-10-27 19:27:22.986 [Thread-161] "  " INFO  c.l.x.d.service.impl.JinKeJSDriverServiceImpl - 2022-10-27 19-27-22 用户 2012011083 开始执行自动打卡程序
2022-10-27 19:27:24.607 [Forwarding newSession on session null to remote] "  " INFO  org.openqa.selenium.remote.ProtocolHandshake - Detected dialect: W3C
2022-10-27 19:27:26.624 [Thread-161] "  " INFO  c.l.x.d.service.impl.JinKeJSDriverServiceImpl - 金陵科技学院-统一身份认证
2022-10-27 19:27:26.625 [Thread-161] "  " INFO  c.l.x.d.service.impl.JinKeJSDriverServiceImpl - 开始对2012011083 , 252013 进行认证
2022-10-27 19:27:26.805 [Thread-161] "  " INFO  c.l.x.d.service.impl.JinKeJSDriverServiceImpl - 开始输入用户名密码
2022-10-27 19:27:27.125 [Thread-161] "  " INFO  c.l.x.d.service.impl.JinKeJSDriverServiceImpl - 用户名密码成功
2022-10-27 19:27:28.564 [Thread-161] "  " INFO  c.l.x.d.service.impl.JinKeJSDriverServiceImpl - 尝试验证
2022-10-27 19:27:29.572 [Thread-161] "  " INFO  c.l.x.d.service.impl.JinKeJSDriverServiceImpl - 点击搜索栏
2022-10-27 19:27:35.531 [Thread-161] "  " INFO  c.l.x.d.service.impl.JinKeJSDriverServiceImpl - 写入搜索内容: 健康信息每日打卡
2022-10-27 19:27:38.014 [Thread-161] "  " INFO  c.l.x.d.service.impl.JinKeJSDriverServiceImpl - 执行搜索
2022-10-27 19:27:39.136 [Thread-161] "  " INFO  c.l.x.d.service.impl.JinKeJSDriverServiceImpl - 点击搜索到的第一个
2022-10-27 19:27:40.967 [Thread-161] "  " INFO  c.l.x.d.service.impl.JinKeJSDriverServiceImpl - 具有下次不再显示
2022-10-27 19:27:40.967 [Thread-161] "  " INFO  c.l.x.d.service.impl.JinKeJSDriverServiceImpl - 第一次进入打卡系统，要点击下次不再显示，并进入服务
2022-10-27 19:27:41.273 [Thread-161] "  " INFO  c.l.x.d.service.impl.JinKeJSDriverServiceImpl - 金陵科技学院网上服务大厅
2022-10-27 19:27:41.300 [Thread-161] "  " INFO  c.l.x.d.service.impl.JinKeJSDriverServiceImpl - 点击新增按钮
2022-10-27 19:27:48.086 [Thread-161] "  " INFO  c.l.x.d.service.impl.JinKeJSDriverServiceImpl -  用户 2012011083 已经成功打完卡，取消爬虫
2022-10-27 19:27:48.195 [Thread-161] "  " INFO  c.l.x.d.service.impl.JinKeJSDriverServiceImpl - 关闭driver
2022-10-27 19:27:48.195 [Thread-161] "  " INFO  c.l.x.d.service.impl.JinKeJSDriverServiceImpl - 用户 2012011083 执行自动打卡结束
2022-10-27 19:27:48.195 [Thread-161] "  " INFO  com.lincoco.xiaokarobot.taskhandler.RobotTask - 2012011083 执行花了25秒
2022-10-27 19:27:48.195 [Thread-161] "  " INFO  c.l.x.d.service.impl.JinKeJSDriverServiceImpl - 2022-10-27 19-27-48 用户 2012011084 开始执行自动打卡程序
2022-10-27 19:27:49.686 [Forwarding newSession on session null to remote] "  " INFO  org.openqa.selenium.remote.ProtocolHandshake - Detected dialect: W3C
2022-10-27 19:27:51.687 [Thread-161] "  " INFO  c.l.x.d.service.impl.JinKeJSDriverServiceImpl - 金陵科技学院-统一身份认证
2022-10-27 19:27:51.687 [Thread-161] "  " INFO  c.l.x.d.service.impl.JinKeJSDriverServiceImpl - 开始对2012011084 , 223755 进行认证
2022-10-27 19:27:51.867 [Thread-161] "  " INFO  c.l.x.d.service.impl.JinKeJSDriverServiceImpl - 开始输入用户名密码
2022-10-27 19:27:52.195 [Thread-161] "  " INFO  c.l.x.d.service.impl.JinKeJSDriverServiceImpl - 用户名密码成功
2022-10-27 19:27:53.671 [Thread-161] "  " INFO  c.l.x.d.service.impl.JinKeJSDriverServiceImpl - 尝试验证
2022-10-27 19:27:54.679 [Thread-161] "  " INFO  c.l.x.d.service.impl.JinKeJSDriverServiceImpl - 点击搜索栏
2022-10-27 19:28:00.782 [Thread-161] "  " INFO  c.l.x.d.service.impl.JinKeJSDriverServiceImpl - 写入搜索内容: 健康信息每日打卡
2022-10-27 19:28:03.628 [Thread-161] "  " INFO  c.l.x.d.service.impl.JinKeJSDriverServiceImpl - 执行搜索
2022-10-27 19:28:04.671 [Thread-161] "  " INFO  c.l.x.d.service.impl.JinKeJSDriverServiceImpl - 点击搜索到的第一个
2022-10-27 19:28:26.315 [Thread-161] "  " INFO  c.l.x.d.service.impl.JinKeJSDriverServiceImpl - 没有下次不再显示直接进入打卡页面
2022-10-27 19:28:26.317 [Thread-161] "  " INFO  c.l.x.d.service.impl.JinKeJSDriverServiceImpl - 健康信息每日打卡
2022-10-27 19:28:26.336 [Thread-161] "  " INFO  c.l.x.d.service.impl.JinKeJSDriverServiceImpl - 点击新增按钮
2022-10-27 19:28:28.751 [Thread-161] "  " INFO  c.l.x.d.service.impl.JinKeJSDriverServiceImpl -  用户 2012011084 已经成功打完卡，取消爬虫
2022-10-27 19:28:28.864 [Thread-161] "  " INFO  c.l.x.d.service.impl.JinKeJSDriverServiceImpl - 关闭driver
2022-10-27 19:28:28.864 [Thread-161] "  " INFO  c.l.x.d.service.impl.JinKeJSDriverServiceImpl - 用户 2012011084 执行自动打卡结束
2022-10-27 19:28:28.864 [Thread-161] "  " INFO  com.lincoco.xiaokarobot.taskhandler.RobotTask - 2012011084 执行花了40秒
2022-10-27 19:28:28.864 [Thread-161] "  " INFO  c.l.x.d.service.impl.JinKeJSDriverServiceImpl - 2022-10-27 19-28-28 用户 2012011085 开始执行自动打卡程序
2022-10-27 19:28:31.356 [Forwarding newSession on session null to remote] "  " INFO  org.openqa.selenium.remote.ProtocolHandshake - Detected dialect: W3C
2022-10-27 19:28:33.353 [Thread-161] "  " INFO  c.l.x.d.service.impl.JinKeJSDriverServiceImpl - 金陵科技学院-统一身份认证
2022-10-27 19:28:33.353 [Thread-161] "  " INFO  c.l.x.d.service.impl.JinKeJSDriverServiceImpl - 开始对2012011085 , 201213 进行认证
2022-10-27 19:28:33.535 [Thread-161] "  " INFO  c.l.x.d.service.impl.JinKeJSDriverServiceImpl - 开始输入用户名密码
2022-10-27 19:28:33.856 [Thread-161] "  " INFO  c.l.x.d.service.impl.JinKeJSDriverServiceImpl - 用户名密码成功
2022-10-27 19:28:35.671 [Thread-161] "  " INFO  c.l.x.d.service.impl.JinKeJSDriverServiceImpl - 尝试验证
2022-10-27 19:28:36.679 [Thread-161] "  " INFO  c.l.x.d.service.impl.JinKeJSDriverServiceImpl - 点击搜索栏
2022-10-27 19:28:42.626 [Thread-161] "  " INFO  c.l.x.d.service.impl.JinKeJSDriverServiceImpl - 写入搜索内容: 健康信息每日打卡
2022-10-27 19:28:43.658 [Thread-161] "  " INFO  c.l.x.d.service.impl.JinKeJSDriverServiceImpl - 执行搜索
2022-10-27 19:28:45.099 [Thread-161] "  " INFO  c.l.x.d.service.impl.JinKeJSDriverServiceImpl - 点击搜索到的第一个
2022-10-27 19:29:07.407 [Thread-161] "  " INFO  c.l.x.d.service.impl.JinKeJSDriverServiceImpl - 没有下次不再显示直接进入打卡页面
2022-10-27 19:29:07.411 [Thread-161] "  " INFO  c.l.x.d.service.impl.JinKeJSDriverServiceImpl - 健康信息每日打卡
2022-10-27 19:29:07.429 [Thread-161] "  " INFO  c.l.x.d.service.impl.JinKeJSDriverServiceImpl - 点击新增按钮
2022-10-27 19:29:09.843 [Thread-161] "  " INFO  c.l.x.d.service.impl.JinKeJSDriverServiceImpl -  用户 2012011085 已经成功打完卡，取消爬虫
2022-10-27 19:29:09.957 [Thread-161] "  " INFO  c.l.x.d.service.impl.JinKeJSDriverServiceImpl - 关闭driver
2022-10-27 19:29:09.957 [Thread-161] "  " INFO  c.l.x.d.service.impl.JinKeJSDriverServiceImpl - 用户 2012011085 执行自动打卡结束
2022-10-27 19:29:09.957 [Thread-161] "  " INFO  com.lincoco.xiaokarobot.taskhandler.RobotTask - 2012011085 执行花了41秒
2022-10-27 19:29:09.957 [Thread-161] "  " INFO  c.l.x.d.service.impl.JinKeJSDriverServiceImpl - 2022-10-27 19-29-09 用户 2012011086 开始执行自动打卡程序
2022-10-27 19:29:11.456 [Forwarding newSession on session null to remote] "  " INFO  org.openqa.selenium.remote.ProtocolHandshake - Detected dialect: W3C
2022-10-27 19:29:13.441 [Thread-161] "  " INFO  c.l.x.d.service.impl.JinKeJSDriverServiceImpl - 金陵科技学院-统一身份认证
2022-10-27 19:29:13.442 [Thread-161] "  " INFO  c.l.x.d.service.impl.JinKeJSDriverServiceImpl - 开始对2012011086 , 130019 进行认证
2022-10-27 19:29:13.619 [Thread-161] "  " INFO  c.l.x.d.service.impl.JinKeJSDriverServiceImpl - 开始输入用户名密码
2022-10-27 19:29:13.911 [Thread-161] "  " INFO  c.l.x.d.service.impl.JinKeJSDriverServiceImpl - 用户名密码成功
2022-10-27 19:29:15.256 [Thread-161] "  " INFO  c.l.x.d.service.impl.JinKeJSDriverServiceImpl - 尝试验证
2022-10-27 19:29:16.264 [Thread-161] "  " INFO  c.l.x.d.service.impl.JinKeJSDriverServiceImpl - 点击搜索栏
2022-10-27 19:29:22.143 [Thread-161] "  " INFO  c.l.x.d.service.impl.JinKeJSDriverServiceImpl - 写入搜索内容: 健康信息每日打卡
2022-10-27 19:29:24.969 [Thread-161] "  " INFO  c.l.x.d.service.impl.JinKeJSDriverServiceImpl - 执行搜索
2022-10-27 19:29:26.129 [Thread-161] "  " INFO  c.l.x.d.service.impl.JinKeJSDriverServiceImpl - 点击搜索到的第一个
2022-10-27 19:29:47.789 [Thread-161] "  " INFO  c.l.x.d.service.impl.JinKeJSDriverServiceImpl - 没有下次不再显示直接进入打卡页面
2022-10-27 19:29:47.793 [Thread-161] "  " INFO  c.l.x.d.service.impl.JinKeJSDriverServiceImpl - 健康信息每日打卡
2022-10-27 19:29:47.817 [Thread-161] "  " INFO  c.l.x.d.service.impl.JinKeJSDriverServiceImpl - 点击新增按钮
2022-10-27 19:29:50.190 [Thread-161] "  " INFO  c.l.x.d.service.impl.JinKeJSDriverServiceImpl -  用户 2012011086 已经成功打完卡，取消爬虫
2022-10-27 19:29:50.303 [Thread-161] "  " INFO  c.l.x.d.service.impl.JinKeJSDriverServiceImpl - 关闭driver
2022-10-27 19:29:50.303 [Thread-161] "  " INFO  c.l.x.d.service.impl.JinKeJSDriverServiceImpl - 用户 2012011086 执行自动打卡结束
2022-10-27 19:29:50.303 [Thread-161] "  " INFO  com.lincoco.xiaokarobot.taskhandler.RobotTask - 2012011086 执行花了40秒
2022-10-27 19:29:50.303 [Thread-161] "  " INFO  c.l.x.d.service.impl.JinKeJSDriverServiceImpl - 2022-10-27 19-29-50 用户 2012011092 开始执行自动打卡程序
2022-10-27 19:29:53.091 [Forwarding newSession on session null to remote] "  " INFO  org.openqa.selenium.remote.ProtocolHandshake - Detected dialect: W3C
2022-10-27 19:29:55.089 [Thread-161] "  " INFO  c.l.x.d.service.impl.JinKeJSDriverServiceImpl - 金陵科技学院-统一身份认证
2022-10-27 19:29:55.089 [Thread-161] "  " INFO  c.l.x.d.service.impl.JinKeJSDriverServiceImpl - 开始对2012011092 , 270378 进行认证
2022-10-27 19:29:55.269 [Thread-161] "  " INFO  c.l.x.d.service.impl.JinKeJSDriverServiceImpl - 开始输入用户名密码
2022-10-27 19:29:55.547 [Thread-161] "  " INFO  c.l.x.d.service.impl.JinKeJSDriverServiceImpl - 用户名密码成功
2022-10-27 19:29:56.996 [Thread-161] "  " INFO  c.l.x.d.service.impl.JinKeJSDriverServiceImpl - 尝试验证
2022-10-27 19:29:58.005 [Thread-161] "  " INFO  c.l.x.d.service.impl.JinKeJSDriverServiceImpl - 点击搜索栏
2022-10-27 19:30:04.049 [Thread-161] "  " INFO  c.l.x.d.service.impl.JinKeJSDriverServiceImpl - 写入搜索内容: 健康信息每日打卡
2022-10-27 19:30:06.328 [Thread-161] "  " INFO  c.l.x.d.service.impl.JinKeJSDriverServiceImpl - 执行搜索
2022-10-27 19:30:07.707 [Thread-161] "  " INFO  c.l.x.d.service.impl.JinKeJSDriverServiceImpl - 点击搜索到的第一个
2022-10-27 19:30:29.374 [Thread-161] "  " INFO  c.l.x.d.service.impl.JinKeJSDriverServiceImpl - 没有下次不再显示直接进入打卡页面
2022-10-27 19:30:29.378 [Thread-161] "  " INFO  c.l.x.d.service.impl.JinKeJSDriverServiceImpl - 健康信息每日打卡
2022-10-27 19:30:29.394 [Thread-161] "  " INFO  c.l.x.d.service.impl.JinKeJSDriverServiceImpl - 点击新增按钮
2022-10-27 19:30:31.806 [Thread-161] "  " INFO  c.l.x.d.service.impl.JinKeJSDriverServiceImpl -  用户 2012011092 已经成功打完卡，取消爬虫
2022-10-27 19:30:31.915 [Thread-161] "  " INFO  c.l.x.d.service.impl.JinKeJSDriverServiceImpl - 关闭driver
2022-10-27 19:30:31.916 [Thread-161] "  " INFO  c.l.x.d.service.impl.JinKeJSDriverServiceImpl - 用户 2012011092 执行自动打卡结束
2022-10-27 19:30:31.916 [Thread-161] "  " INFO  com.lincoco.xiaokarobot.taskhandler.RobotTask - 2012011092 执行花了41秒
2022-10-27 19:30:31.945 [http-nio-10001-exec-1] "  " INFO  com.lincoco.xiaokarobot.taskhandler.TaskExecute - 一共 6 任务 全部成功！
2022-10-27 19:30:33.086 [http-nio-10001-exec-1] "  " INFO  com.lincoco.xiaokarobot.mailsender.RobotMailSender - 【附件邮件】成功发送！to=2879322503@qq.com
2022-10-27 19:31:47.919 [SpringContextShutdownHook] "  " INFO  o.s.scheduling.concurrent.ThreadPoolTaskExecutor - Shutting down ExecutorService 'applicationTaskExecutor'
2022-10-27 19:31:47.920 [SpringContextShutdownHook] "  " INFO  com.zaxxer.hikari.HikariDataSource - HikariPool-1 - Shutdown initiated...
2022-10-27 19:31:47.924 [SpringContextShutdownHook] "  " INFO  com.zaxxer.hikari.HikariDataSource - HikariPool-1 - Shutdown completed.
2022-10-27 19:31:51.419 [main] "  " INFO  com.lincoco.xiaokarobot.LinXiaokaRobotApplication - Starting LinXiaokaRobotApplication on bogon with PID 19127 (/Users/xueyeshang/Desktop/林coco团队/LinXiaokaRobot/application/target/classes started by xueyeshang in /Users/xueyeshang/Desktop/林coco团队/LinXiaokaRobot)
2022-10-27 19:31:51.421 [main] "  " INFO  com.lincoco.xiaokarobot.LinXiaokaRobotApplication - The following profiles are active: dev
2022-10-27 19:31:52.092 [main] "  " INFO  o.s.boot.web.embedded.tomcat.TomcatWebServer - Tomcat initialized with port(s): 10001 (http)
2022-10-27 19:31:52.097 [main] "  " INFO  org.apache.coyote.http11.Http11NioProtocol - Initializing ProtocolHandler ["http-nio-10001"]
2022-10-27 19:31:52.097 [main] "  " INFO  org.apache.catalina.core.StandardService - Starting service [Tomcat]
2022-10-27 19:31:52.098 [main] "  " INFO  org.apache.catalina.core.StandardEngine - Starting Servlet engine: [Apache Tomcat/9.0.35]
2022-10-27 19:31:52.143 [main] "  " INFO  o.a.c.c.ContainerBase.[Tomcat].[localhost].[/api] - Initializing Spring embedded WebApplicationContext
2022-10-27 19:31:52.144 [main] "  " INFO  org.springframework.web.context.ContextLoader - Root WebApplicationContext: initialization completed in 695 ms
2022-10-27 19:31:52.511 [main] "  " INFO  o.s.scheduling.concurrent.ThreadPoolTaskExecutor - Initializing ExecutorService 'applicationTaskExecutor'
2022-10-27 19:31:52.622 [main] "  " INFO  org.apache.coyote.http11.Http11NioProtocol - Starting ProtocolHandler ["http-nio-10001"]
2022-10-27 19:31:52.638 [main] "  " INFO  o.s.boot.web.embedded.tomcat.TomcatWebServer - Tomcat started on port(s): 10001 (http) with context path '/api'
2022-10-27 19:31:52.644 [main] "  " INFO  o.s.s.a.ScheduledAnnotationBeanPostProcessor - No TaskScheduler/ScheduledExecutorService bean found for scheduled processing
2022-10-27 19:31:52.647 [main] "  " INFO  com.lincoco.xiaokarobot.schedule.ScheduleTask - 使用CronTrigger触发器 : 0 10 0 * * ?
2022-10-27 19:31:52.650 [main] "  " INFO  com.lincoco.xiaokarobot.LinXiaokaRobotApplication - Started LinXiaokaRobotApplication in 1.78 seconds (JVM running for 2.157)
2022-10-27 19:31:56.871 [http-nio-10001-exec-1] "  " INFO  o.a.c.c.ContainerBase.[Tomcat].[localhost].[/api] - Initializing Spring DispatcherServlet 'dispatcherServlet'
2022-10-27 19:31:56.872 [http-nio-10001-exec-1] "  " INFO  org.springframework.web.servlet.DispatcherServlet - Initializing Servlet 'dispatcherServlet'
2022-10-27 19:31:56.876 [http-nio-10001-exec-1] "  " INFO  org.springframework.web.servlet.DispatcherServlet - Completed initialization in 4 ms
2022-10-27 19:31:56.929 [http-nio-10001-exec-1] "  " INFO  com.zaxxer.hikari.HikariDataSource - HikariPool-1 - Starting...
2022-10-27 19:31:57.188 [http-nio-10001-exec-1] "  " INFO  com.zaxxer.hikari.HikariDataSource - HikariPool-1 - Start completed.
2022-10-27 19:31:57.247 [Thread-161] "  " INFO  c.l.x.d.service.impl.JinKeJSDriverServiceImpl - 2022-10-27 19-31-57 用户 2012011062 开始执行自动打卡程序
2022-10-27 19:31:59.923 [Forwarding newSession on session null to remote] "  " INFO  org.openqa.selenium.remote.ProtocolHandshake - Detected dialect: W3C
2022-10-27 19:32:02.164 [Thread-161] "  " INFO  c.l.x.d.service.impl.JinKeJSDriverServiceImpl - 金陵科技学院-统一身份认证
2022-10-27 19:32:02.167 [Thread-161] "  " INFO  c.l.x.d.service.impl.JinKeJSDriverServiceImpl - 开始对2012011062 , 080512 进行认证
2022-10-27 19:32:02.347 [Thread-161] "  " INFO  c.l.x.d.service.impl.JinKeJSDriverServiceImpl - 开始输入用户名密码
2022-10-27 19:32:02.368 [Thread-161] "  " INFO  c.l.x.d.service.impl.JinKeJSDriverServiceImpl - 用户名密码成功
2022-10-27 19:32:02.593 [Thread-161] "  " INFO  c.l.x.d.service.impl.JinKeJSDriverServiceImpl - 尝试验证
2022-10-27 19:32:03.605 [Thread-161] "  " INFO  c.l.x.d.service.impl.JinKeJSDriverServiceImpl - 点击搜索栏
2022-10-27 19:32:23.665 [Thread-161] "  " INFO  c.l.x.d.service.impl.JinKeJSDriverServiceImpl - 进入异常，可能身份认证失败，建议检查学号密码是否正确: 2012011062 , 080512
2022-10-27 19:32:23.743 [Thread-161] "  " INFO  c.l.x.d.service.impl.JinKeJSDriverServiceImpl - 关闭driver
2022-10-27 19:32:23.743 [Thread-161] "  " INFO  c.l.x.d.service.impl.JinKeJSDriverServiceImpl - 用户 2012011062 执行自动打卡结束
2022-10-27 19:32:23.743 [Thread-161] "  " INFO  com.lincoco.xiaokarobot.taskhandler.RobotTask - 进入异常，可能身份认证失败，建议检查学号密码是否正确: 2012011062 , 080512
2022-10-27 19:32:23.744 [Thread-161] "  " INFO  c.l.x.d.service.impl.JinKeJSDriverServiceImpl - 2022-10-27 19-32-23 用户 2012011083 开始执行自动打卡程序
2022-10-27 19:32:25.384 [Forwarding newSession on session null to remote] "  " INFO  org.openqa.selenium.remote.ProtocolHandshake - Detected dialect: W3C
2022-10-27 19:32:27.414 [Thread-161] "  " INFO  c.l.x.d.service.impl.JinKeJSDriverServiceImpl - 金陵科技学院-统一身份认证
2022-10-27 19:32:27.415 [Thread-161] "  " INFO  c.l.x.d.service.impl.JinKeJSDriverServiceImpl - 开始对2012011083 , 252013 进行认证
2022-10-27 19:32:27.598 [Thread-161] "  " INFO  c.l.x.d.service.impl.JinKeJSDriverServiceImpl - 开始输入用户名密码
2022-10-27 19:32:27.618 [Thread-161] "  " INFO  c.l.x.d.service.impl.JinKeJSDriverServiceImpl - 用户名密码成功
2022-10-27 19:32:28.910 [Thread-161] "  " INFO  c.l.x.d.service.impl.JinKeJSDriverServiceImpl - 尝试验证
2022-10-27 19:32:29.919 [Thread-161] "  " INFO  c.l.x.d.service.impl.JinKeJSDriverServiceImpl - 点击搜索栏
2022-10-27 19:32:30.808 [Thread-161] "  " INFO  com.lincoco.xiaokarobot.taskhandler.RobotTask - java.net.ConnectException: Failed to connect to localhost/0:0:0:0:0:0:0:1:27269
Build info: version: '3.141.59', revision: 'e82be7d358', time: '2018-11-14T08:17:03'
System info: host: 'bogon', ip: 'fe80:0:0:0:c5d:5bb9:4f7:c21a%en0', os.name: 'Mac OS X', os.arch: 'aarch64', os.version: '12.5', java.version: '1.8.0_352'
Driver info: driver.version: RemoteWebDriver
2022-10-27 19:32:30.808 [Thread-161] "  " INFO  c.l.x.d.service.impl.JinKeJSDriverServiceImpl - 2022-10-27 19-32-30 用户 2012011084 开始执行自动打卡程序
2022-10-27 19:32:32.857 [http-nio-10001-exec-1] "  " INFO  com.lincoco.xiaokarobot.taskhandler.TaskExecute - 重试开始
2022-10-27 19:32:34.523 [Thread-161] "  " INFO  c.l.x.d.service.impl.JinKeJSDriverServiceImpl - 金陵科技学院-统一身份认证
2022-10-27 19:32:34.524 [Thread-161] "  " INFO  c.l.x.d.service.impl.JinKeJSDriverServiceImpl - 开始对2012011084 , 223755 进行认证
2022-10-27 19:32:37.864 [SpringContextShutdownHook] "  " INFO  o.s.scheduling.concurrent.ThreadPoolTaskExecutor - Shutting down ExecutorService 'applicationTaskExecutor'
2022-10-27 19:32:37.866 [SpringContextShutdownHook] "  " INFO  com.zaxxer.hikari.HikariDataSource - HikariPool-1 - Shutdown initiated...
2022-10-27 19:32:37.874 [SpringContextShutdownHook] "  " INFO  com.zaxxer.hikari.HikariDataSource - HikariPool-1 - Shutdown completed.
2022-10-27 19:33:14.442 [main] "  " INFO  com.lincoco.xiaokarobot.LinXiaokaRobotApplication - Starting LinXiaokaRobotApplication on bogon with PID 19270 (/Users/xueyeshang/Desktop/林coco团队/LinXiaokaRobot/application/target/classes started by xueyeshang in /Users/xueyeshang/Desktop/林coco团队/LinXiaokaRobot)
2022-10-27 19:33:14.444 [main] "  " INFO  com.lincoco.xiaokarobot.LinXiaokaRobotApplication - The following profiles are active: dev
2022-10-27 19:33:15.118 [main] "  " INFO  o.s.boot.web.embedded.tomcat.TomcatWebServer - Tomcat initialized with port(s): 10001 (http)
2022-10-27 19:33:15.124 [main] "  " INFO  org.apache.coyote.http11.Http11NioProtocol - Initializing ProtocolHandler ["http-nio-10001"]
2022-10-27 19:33:15.124 [main] "  " INFO  org.apache.catalina.core.StandardService - Starting service [Tomcat]
2022-10-27 19:33:15.124 [main] "  " INFO  org.apache.catalina.core.StandardEngine - Starting Servlet engine: [Apache Tomcat/9.0.35]
2022-10-27 19:33:15.171 [main] "  " INFO  o.a.c.c.ContainerBase.[Tomcat].[localhost].[/api] - Initializing Spring embedded WebApplicationContext
2022-10-27 19:33:15.171 [main] "  " INFO  org.springframework.web.context.ContextLoader - Root WebApplicationContext: initialization completed in 697 ms
2022-10-27 19:33:15.539 [main] "  " INFO  o.s.scheduling.concurrent.ThreadPoolTaskExecutor - Initializing ExecutorService 'applicationTaskExecutor'
2022-10-27 19:33:15.650 [main] "  " INFO  org.apache.coyote.http11.Http11NioProtocol - Starting ProtocolHandler ["http-nio-10001"]
2022-10-27 19:33:15.667 [main] "  " INFO  o.s.boot.web.embedded.tomcat.TomcatWebServer - Tomcat started on port(s): 10001 (http) with context path '/api'
2022-10-27 19:33:15.672 [main] "  " INFO  o.s.s.a.ScheduledAnnotationBeanPostProcessor - No TaskScheduler/ScheduledExecutorService bean found for scheduled processing
2022-10-27 19:33:15.675 [main] "  " INFO  com.lincoco.xiaokarobot.schedule.ScheduleTask - 使用CronTrigger触发器 : 0 10 0 * * ?
2022-10-27 19:33:15.679 [main] "  " INFO  com.lincoco.xiaokarobot.LinXiaokaRobotApplication - Started LinXiaokaRobotApplication in 1.674 seconds (JVM running for 2.1)
2022-10-27 19:33:28.522 [http-nio-10001-exec-1] "  " INFO  o.a.c.c.ContainerBase.[Tomcat].[localhost].[/api] - Initializing Spring DispatcherServlet 'dispatcherServlet'
2022-10-27 19:33:28.523 [http-nio-10001-exec-1] "  " INFO  org.springframework.web.servlet.DispatcherServlet - Initializing Servlet 'dispatcherServlet'
2022-10-27 19:33:28.526 [http-nio-10001-exec-1] "  " INFO  org.springframework.web.servlet.DispatcherServlet - Completed initialization in 3 ms
2022-10-27 19:33:28.578 [http-nio-10001-exec-1] "  " INFO  com.zaxxer.hikari.HikariDataSource - HikariPool-1 - Starting...
2022-10-27 19:33:28.848 [http-nio-10001-exec-1] "  " INFO  com.zaxxer.hikari.HikariDataSource - HikariPool-1 - Start completed.
2022-10-27 19:33:28.905 [Thread-161] "  " INFO  c.l.x.d.service.impl.JinKeJSDriverServiceImpl - 2022-10-27 19-33-28 用户 2012011062 开始执行自动打卡程序
2022-10-27 19:33:32.323 [Forwarding newSession on session null to remote] "  " INFO  org.openqa.selenium.remote.ProtocolHandshake - Detected dialect: W3C
2022-10-27 19:33:34.338 [Thread-161] "  " INFO  c.l.x.d.service.impl.JinKeJSDriverServiceImpl - 金陵科技学院-统一身份认证
2022-10-27 19:33:34.341 [Thread-161] "  " INFO  c.l.x.d.service.impl.JinKeJSDriverServiceImpl - 开始对2012011062 , 080512 进行认证
2022-10-27 19:33:34.521 [Thread-161] "  " INFO  c.l.x.d.service.impl.JinKeJSDriverServiceImpl - 开始输入用户名密码
2022-10-27 19:33:34.543 [Thread-161] "  " INFO  c.l.x.d.service.impl.JinKeJSDriverServiceImpl - 用户名密码成功
2022-10-27 19:33:34.770 [Thread-161] "  " INFO  c.l.x.d.service.impl.JinKeJSDriverServiceImpl - 尝试验证
2022-10-27 19:33:35.782 [Thread-161] "  " INFO  c.l.x.d.service.impl.JinKeJSDriverServiceImpl - 点击搜索栏
2022-10-27 19:33:55.846 [Thread-161] "  " INFO  c.l.x.d.service.impl.JinKeJSDriverServiceImpl - 进入异常，可能身份认证失败，建议检查学号密码是否正确: 2012011062 , 080512
2022-10-27 19:33:55.923 [Thread-161] "  " INFO  c.l.x.d.service.impl.JinKeJSDriverServiceImpl - 关闭driver
2022-10-27 19:33:55.923 [Thread-161] "  " INFO  c.l.x.d.service.impl.JinKeJSDriverServiceImpl - 用户 2012011062 执行自动打卡结束
2022-10-27 19:33:55.923 [Thread-161] "  " INFO  com.lincoco.xiaokarobot.taskhandler.RobotTask - 进入异常，可能身份认证失败，建议检查学号密码是否正确: 2012011062 , 080512
2022-10-27 19:33:55.924 [Thread-161] "  " INFO  c.l.x.d.service.impl.JinKeJSDriverServiceImpl - 2022-10-27 19-33-55 用户 2012011083 开始执行自动打卡程序
2022-10-27 19:33:57.419 [Forwarding newSession on session null to remote] "  " INFO  org.openqa.selenium.remote.ProtocolHandshake - Detected dialect: W3C
2022-10-27 19:33:59.763 [Thread-161] "  " INFO  c.l.x.d.service.impl.JinKeJSDriverServiceImpl - 金陵科技学院-统一身份认证
2022-10-27 19:33:59.763 [Thread-161] "  " INFO  c.l.x.d.service.impl.JinKeJSDriverServiceImpl - 开始对2012011083 , 252013 进行认证
2022-10-27 19:33:59.939 [Thread-161] "  " INFO  c.l.x.d.service.impl.JinKeJSDriverServiceImpl - 开始输入用户名密码
2022-10-27 19:33:59.959 [Thread-161] "  " INFO  c.l.x.d.service.impl.JinKeJSDriverServiceImpl - 用户名密码成功
2022-10-27 19:34:01.248 [Thread-161] "  " INFO  c.l.x.d.service.impl.JinKeJSDriverServiceImpl - 尝试验证
2022-10-27 19:34:02.253 [Thread-161] "  " INFO  c.l.x.d.service.impl.JinKeJSDriverServiceImpl - 点击搜索栏
2022-10-27 19:34:07.552 [Thread-161] "  " INFO  c.l.x.d.service.impl.JinKeJSDriverServiceImpl - 写入搜索内容: 健康信息每日打卡
2022-10-27 19:34:09.603 [Thread-161] "  " INFO  c.l.x.d.service.impl.JinKeJSDriverServiceImpl - 执行搜索
2022-10-27 19:34:11.248 [Thread-161] "  " INFO  c.l.x.d.service.impl.JinKeJSDriverServiceImpl - 点击搜索到的第一个
2022-10-27 19:34:13.418 [Thread-161] "  " INFO  com.lincoco.xiaokarobot.taskhandler.RobotTask - java.net.ConnectException: Failed to connect to localhost/0:0:0:0:0:0:0:1:2197
Build info: version: '3.141.59', revision: 'e82be7d358', time: '2018-11-14T08:17:03'
System info: host: 'bogon', ip: 'fe80:0:0:0:c5d:5bb9:4f7:c21a%en0', os.name: 'Mac OS X', os.arch: 'aarch64', os.version: '12.5', java.version: '1.8.0_352'
Driver info: driver.version: RemoteWebDriver
2022-10-27 19:34:13.419 [Thread-161] "  " INFO  c.l.x.d.service.impl.JinKeJSDriverServiceImpl - 2022-10-27 19-34-13 用户 2012011084 开始执行自动打卡程序
2022-10-27 19:34:14.854 [http-nio-10001-exec-1] "  " INFO  com.lincoco.xiaokarobot.taskhandler.TaskExecute - 重试开始
2022-10-27 19:34:17.752 [Thread-161] "  " INFO  c.l.x.d.service.impl.JinKeJSDriverServiceImpl - 金陵科技学院-统一身份认证
2022-10-27 19:34:17.753 [Thread-161] "  " INFO  c.l.x.d.service.impl.JinKeJSDriverServiceImpl - 开始对2012011084 , 223755 进行认证
2022-10-27 19:34:17.935 [Thread-161] "  " INFO  c.l.x.d.service.impl.JinKeJSDriverServiceImpl - 开始输入用户名密码
2022-10-27 19:34:17.955 [Thread-161] "  " INFO  c.l.x.d.service.impl.JinKeJSDriverServiceImpl - 用户名密码成功
2022-10-27 19:34:19.902 [SpringContextShutdownHook] "  " INFO  o.s.scheduling.concurrent.ThreadPoolTaskExecutor - Shutting down ExecutorService 'applicationTaskExecutor'
2022-10-27 19:34:19.902 [SpringContextShutdownHook] "  " INFO  com.zaxxer.hikari.HikariDataSource - HikariPool-1 - Shutdown initiated...
2022-10-27 19:34:19.907 [SpringContextShutdownHook] "  " INFO  com.zaxxer.hikari.HikariDataSource - HikariPool-1 - Shutdown completed.
2022-10-27 19:44:18.026 [main] "  " INFO  com.lincoco.xiaokarobot.LinXiaokaRobotApplication - Starting LinXiaokaRobotApplication on bogon with PID 19988 (/Users/xueyeshang/Desktop/林coco团队/LinXiaokaRobot/application/target/classes started by xueyeshang in /Users/xueyeshang/Desktop/林coco团队/LinXiaokaRobot)
2022-10-27 19:44:18.028 [main] "  " INFO  com.lincoco.xiaokarobot.LinXiaokaRobotApplication - The following profiles are active: dev
2022-10-27 19:44:18.680 [main] "  " INFO  o.s.boot.web.embedded.tomcat.TomcatWebServer - Tomcat initialized with port(s): 10001 (http)
2022-10-27 19:44:18.686 [main] "  " INFO  org.apache.coyote.http11.Http11NioProtocol - Initializing ProtocolHandler ["http-nio-10001"]
2022-10-27 19:44:18.686 [main] "  " INFO  org.apache.catalina.core.StandardService - Starting service [Tomcat]
2022-10-27 19:44:18.686 [main] "  " INFO  org.apache.catalina.core.StandardEngine - Starting Servlet engine: [Apache Tomcat/9.0.35]
2022-10-27 19:44:18.728 [main] "  " INFO  o.a.c.c.ContainerBase.[Tomcat].[localhost].[/api] - Initializing Spring embedded WebApplicationContext
2022-10-27 19:44:18.729 [main] "  " INFO  org.springframework.web.context.ContextLoader - Root WebApplicationContext: initialization completed in 676 ms
2022-10-27 19:44:19.098 [main] "  " INFO  o.s.scheduling.concurrent.ThreadPoolTaskExecutor - Initializing ExecutorService 'applicationTaskExecutor'
2022-10-27 19:44:19.204 [main] "  " INFO  org.apache.coyote.http11.Http11NioProtocol - Starting ProtocolHandler ["http-nio-10001"]
2022-10-27 19:44:19.219 [main] "  " INFO  o.s.boot.web.embedded.tomcat.TomcatWebServer - Tomcat started on port(s): 10001 (http) with context path '/api'
2022-10-27 19:44:19.224 [main] "  " INFO  o.s.s.a.ScheduledAnnotationBeanPostProcessor - No TaskScheduler/ScheduledExecutorService bean found for scheduled processing
2022-10-27 19:44:19.227 [main] "  " INFO  com.lincoco.xiaokarobot.schedule.ScheduleTask - 使用CronTrigger触发器 : 0 10 0 * * ?
2022-10-27 19:44:19.230 [main] "  " INFO  com.lincoco.xiaokarobot.LinXiaokaRobotApplication - Started LinXiaokaRobotApplication in 1.592 seconds (JVM running for 1.886)
2022-10-27 19:44:23.852 [http-nio-10001-exec-1] "  " INFO  o.a.c.c.ContainerBase.[Tomcat].[localhost].[/api] - Initializing Spring DispatcherServlet 'dispatcherServlet'
2022-10-27 19:44:23.852 [http-nio-10001-exec-1] "  " INFO  org.springframework.web.servlet.DispatcherServlet - Initializing Servlet 'dispatcherServlet'
2022-10-27 19:44:23.856 [http-nio-10001-exec-1] "  " INFO  org.springframework.web.servlet.DispatcherServlet - Completed initialization in 4 ms
2022-10-27 19:44:23.902 [http-nio-10001-exec-1] "  " INFO  com.zaxxer.hikari.HikariDataSource - HikariPool-1 - Starting...
2022-10-27 19:44:24.159 [http-nio-10001-exec-1] "  " INFO  com.zaxxer.hikari.HikariDataSource - HikariPool-1 - Start completed.
2022-10-27 19:44:24.221 [Thread-161] "  " INFO  c.l.x.d.service.impl.JinKeJSDriverServiceImpl - 2022-10-27 19-44-24 用户 2012011062 开始执行自动打卡程序
2022-10-27 19:44:27.896 [Forwarding newSession on session null to remote] "  " INFO  org.openqa.selenium.remote.ProtocolHandshake - Detected dialect: W3C
2022-10-27 19:44:29.934 [Thread-161] "  " INFO  c.l.x.d.service.impl.JinKeJSDriverServiceImpl - 金陵科技学院-统一身份认证
2022-10-27 19:44:29.936 [Thread-161] "  " INFO  c.l.x.d.service.impl.JinKeJSDriverServiceImpl - 开始对2012011062 , 080512 进行认证
2022-10-27 19:44:30.125 [Thread-161] "  " INFO  c.l.x.d.service.impl.JinKeJSDriverServiceImpl - 开始输入用户名密码
2022-10-27 19:44:30.459 [Thread-161] "  " INFO  c.l.x.d.service.impl.JinKeJSDriverServiceImpl - 用户名密码填写成功
2022-10-27 19:44:32.153 [Thread-161] "  " INFO  c.l.x.d.service.impl.JinKeJSDriverServiceImpl - 尝试验证
2022-10-27 19:44:33.164 [Thread-161] "  " INFO  c.l.x.d.service.impl.JinKeJSDriverServiceImpl - 点击搜索栏
2022-10-27 19:44:39.396 [Thread-161] "  " INFO  c.l.x.d.service.impl.JinKeJSDriverServiceImpl - 写入搜索内容: 健康信息每日打卡
2022-10-27 19:44:40.550 [Thread-161] "  " INFO  c.l.x.d.service.impl.JinKeJSDriverServiceImpl - 执行搜索
2022-10-27 19:44:41.991 [Thread-161] "  " INFO  com.lincoco.xiaokarobot.taskhandler.RobotTask - java.net.ConnectException: Failed to connect to localhost/0:0:0:0:0:0:0:1:44809
Build info: version: '3.141.59', revision: 'e82be7d358', time: '2018-11-14T08:17:03'
System info: host: 'bogon', ip: 'fe80:0:0:0:c5d:5bb9:4f7:c21a%en0', os.name: 'Mac OS X', os.arch: 'aarch64', os.version: '12.5', java.version: '1.8.0_352'
Driver info: driver.version: RemoteWebDriver
2022-10-27 19:44:41.993 [Thread-161] "  " INFO  c.l.x.d.service.impl.JinKeJSDriverServiceImpl - 2022-10-27 19-44-41 用户 2012011083 开始执行自动打卡程序
2022-10-27 19:44:44.017 [http-nio-10001-exec-1] "  " INFO  com.lincoco.xiaokarobot.taskhandler.TaskExecute - 重试开始
2022-10-27 19:44:45.597 [Thread-161] "  " INFO  c.l.x.d.service.impl.JinKeJSDriverServiceImpl - 金陵科技学院-统一身份认证
2022-10-27 19:44:45.598 [Thread-161] "  " INFO  c.l.x.d.service.impl.JinKeJSDriverServiceImpl - 开始对2012011083 , 252013 进行认证
2022-10-27 19:52:37.696 [main] "  " INFO  com.lincoco.xiaokarobot.LinXiaokaRobotApplication - Starting LinXiaokaRobotApplication on bogon with PID 20510 (/Users/xueyeshang/Desktop/林coco团队/LinXiaokaRobot/application/target/classes started by xueyeshang in /Users/xueyeshang/Desktop/林coco团队/LinXiaokaRobot)
2022-10-27 19:52:37.697 [main] "  " INFO  com.lincoco.xiaokarobot.LinXiaokaRobotApplication - The following profiles are active: dev
2022-10-27 19:52:38.446 [main] "  " INFO  o.s.boot.web.embedded.tomcat.TomcatWebServer - Tomcat initialized with port(s): 10001 (http)
2022-10-27 19:52:38.451 [main] "  " INFO  org.apache.coyote.http11.Http11NioProtocol - Initializing ProtocolHandler ["http-nio-10001"]
2022-10-27 19:52:38.452 [main] "  " INFO  org.apache.catalina.core.StandardService - Starting service [Tomcat]
2022-10-27 19:52:38.452 [main] "  " INFO  org.apache.catalina.core.StandardEngine - Starting Servlet engine: [Apache Tomcat/9.0.35]
2022-10-27 19:52:38.500 [main] "  " INFO  o.a.c.c.ContainerBase.[Tomcat].[localhost].[/api] - Initializing Spring embedded WebApplicationContext
2022-10-27 19:52:38.501 [main] "  " INFO  org.springframework.web.context.ContextLoader - Root WebApplicationContext: initialization completed in 750 ms
2022-10-27 19:52:38.900 [main] "  " INFO  o.s.scheduling.concurrent.ThreadPoolTaskExecutor - Initializing ExecutorService 'applicationTaskExecutor'
2022-10-27 19:52:39.018 [main] "  " INFO  org.apache.coyote.http11.Http11NioProtocol - Starting ProtocolHandler ["http-nio-10001"]
2022-10-27 19:52:39.035 [main] "  " INFO  o.s.boot.web.embedded.tomcat.TomcatWebServer - Tomcat started on port(s): 10001 (http) with context path '/api'
2022-10-27 19:52:39.042 [main] "  " INFO  o.s.s.a.ScheduledAnnotationBeanPostProcessor - No TaskScheduler/ScheduledExecutorService bean found for scheduled processing
2022-10-27 19:52:39.045 [main] "  " INFO  com.lincoco.xiaokarobot.schedule.ScheduleTask - 使用CronTrigger触发器 : 0 10 0 * * ?
2022-10-27 19:52:39.048 [main] "  " INFO  com.lincoco.xiaokarobot.LinXiaokaRobotApplication - Started LinXiaokaRobotApplication in 1.757 seconds (JVM running for 2.114)
2022-10-27 19:52:45.625 [http-nio-10001-exec-1] "  " INFO  o.a.c.c.ContainerBase.[Tomcat].[localhost].[/api] - Initializing Spring DispatcherServlet 'dispatcherServlet'
2022-10-27 19:52:45.625 [http-nio-10001-exec-1] "  " INFO  org.springframework.web.servlet.DispatcherServlet - Initializing Servlet 'dispatcherServlet'
2022-10-27 19:52:45.629 [http-nio-10001-exec-1] "  " INFO  org.springframework.web.servlet.DispatcherServlet - Completed initialization in 3 ms
2022-10-27 19:52:45.684 [http-nio-10001-exec-1] "  " INFO  com.zaxxer.hikari.HikariDataSource - HikariPool-1 - Starting...
2022-10-27 19:52:46.182 [http-nio-10001-exec-1] "  " INFO  com.zaxxer.hikari.HikariDataSource - HikariPool-1 - Start completed.
2022-10-27 19:52:46.272 [Thread-161] "  " INFO  c.l.x.d.service.impl.JinKeJSDriverServiceImpl - 2022-10-27 19-52-46 用户 2012011062 开始执行自动打卡程序
2022-10-27 19:52:50.005 [Forwarding newSession on session null to remote] "  " INFO  org.openqa.selenium.remote.ProtocolHandshake - Detected dialect: W3C
2022-10-27 19:52:52.180 [Thread-161] "  " INFO  c.l.x.d.service.impl.JinKeJSDriverServiceImpl - 金陵科技学院-统一身份认证
2022-10-27 19:52:52.184 [Thread-161] "  " INFO  c.l.x.d.service.impl.JinKeJSDriverServiceImpl - 开始对2012011062 , 080512 进行认证
2022-10-27 19:52:54.371 [Thread-161] "  " INFO  c.l.x.d.service.impl.JinKeJSDriverServiceImpl - 开始输入用户名密码
2022-10-27 19:52:54.403 [Thread-161] "  " INFO  c.l.x.d.service.impl.JinKeJSDriverServiceImpl - 用户名密码填写成功
2022-10-27 19:52:55.931 [Thread-161] "  " INFO  c.l.x.d.service.impl.JinKeJSDriverServiceImpl - 尝试验证
2022-10-27 19:52:56.941 [Thread-161] "  " INFO  c.l.x.d.service.impl.JinKeJSDriverServiceImpl - 点击搜索栏
2022-10-27 19:53:01.670 [Thread-161] "  " INFO  c.l.x.d.service.impl.JinKeJSDriverServiceImpl - 写入搜索内容: 健康信息每日打卡
2022-10-27 19:53:02.748 [Thread-161] "  " INFO  c.l.x.d.service.impl.JinKeJSDriverServiceImpl - 执行搜索
2022-10-27 19:53:05.319 [Thread-161] "  " INFO  c.l.x.d.service.impl.JinKeJSDriverServiceImpl - 点击搜索到的第一个
2022-10-27 19:53:07.729 [Thread-161] "  " INFO  c.l.x.d.service.impl.JinKeJSDriverServiceImpl - 具有下次不再显示
2022-10-27 19:53:07.730 [Thread-161] "  " INFO  c.l.x.d.service.impl.JinKeJSDriverServiceImpl - 第一次进入打卡系统，要点击下次不再显示，并进入服务
2022-10-27 19:53:08.050 [Thread-161] "  " INFO  c.l.x.d.service.impl.JinKeJSDriverServiceImpl - 金陵科技学院网上服务大厅
2022-10-27 19:53:08.100 [Thread-161] "  " INFO  c.l.x.d.service.impl.JinKeJSDriverServiceImpl - 点击新增按钮
2022-10-27 19:53:17.132 [Thread-161] "  " INFO  c.l.x.d.service.impl.JinKeJSDriverServiceImpl -  用户 2012011062 已经成功打完卡，取消爬虫
2022-10-27 19:53:17.246 [Thread-161] "  " INFO  c.l.x.d.service.impl.JinKeJSDriverServiceImpl - 关闭driver
2022-10-27 19:53:17.246 [Thread-161] "  " INFO  c.l.x.d.service.impl.JinKeJSDriverServiceImpl - 用户 2012011062 执行自动打卡结束
2022-10-27 19:53:17.246 [Thread-161] "  " INFO  com.lincoco.xiaokarobot.taskhandler.RobotTask - 2012011062 执行花了30秒
2022-10-27 19:53:17.246 [Thread-161] "  " INFO  c.l.x.d.service.impl.JinKeJSDriverServiceImpl - 2022-10-27 19-53-17 用户 2012011083 开始执行自动打卡程序
2022-10-27 19:53:17.431 [Thread-161] "  " INFO  com.lincoco.xiaokarobot.taskhandler.RobotTask - java.net.ConnectException: Failed to connect to localhost/0:0:0:0:0:0:0:1:28263
Build info: version: '3.141.59', revision: 'e82be7d358', time: '2018-11-14T08:17:03'
System info: host: 'bogon', ip: 'fe80:0:0:0:c5d:5bb9:4f7:c21a%en0', os.name: 'Mac OS X', os.arch: 'aarch64', os.version: '12.5', java.version: '1.8.0_352'
Driver info: driver.version: ChromeDriver
2022-10-27 19:53:17.432 [Thread-161] "  " INFO  c.l.x.d.service.impl.JinKeJSDriverServiceImpl - 2022-10-27 19-53-17 用户 2012011084 开始执行自动打卡程序
2022-10-27 19:55:45.745 [main] "  " INFO  com.lincoco.xiaokarobot.LinXiaokaRobotApplication - Starting LinXiaokaRobotApplication on bogon with PID 20727 (/Users/xueyeshang/Desktop/林coco团队/LinXiaokaRobot/application/target/classes started by xueyeshang in /Users/xueyeshang/Desktop/林coco团队/LinXiaokaRobot)
2022-10-27 19:55:45.746 [main] "  " INFO  com.lincoco.xiaokarobot.LinXiaokaRobotApplication - The following profiles are active: dev
2022-10-27 19:55:46.442 [main] "  " INFO  o.s.boot.web.embedded.tomcat.TomcatWebServer - Tomcat initialized with port(s): 10001 (http)
2022-10-27 19:55:46.447 [main] "  " INFO  org.apache.coyote.http11.Http11NioProtocol - Initializing ProtocolHandler ["http-nio-10001"]
2022-10-27 19:55:46.447 [main] "  " INFO  org.apache.catalina.core.StandardService - Starting service [Tomcat]
2022-10-27 19:55:46.448 [main] "  " INFO  org.apache.catalina.core.StandardEngine - Starting Servlet engine: [Apache Tomcat/9.0.35]
2022-10-27 19:55:46.492 [main] "  " INFO  o.a.c.c.ContainerBase.[Tomcat].[localhost].[/api] - Initializing Spring embedded WebApplicationContext
2022-10-27 19:55:46.493 [main] "  " INFO  org.springframework.web.context.ContextLoader - Root WebApplicationContext: initialization completed in 718 ms
2022-10-27 19:55:46.878 [main] "  " INFO  o.s.scheduling.concurrent.ThreadPoolTaskExecutor - Initializing ExecutorService 'applicationTaskExecutor'
2022-10-27 19:55:46.992 [main] "  " INFO  org.apache.coyote.http11.Http11NioProtocol - Starting ProtocolHandler ["http-nio-10001"]
2022-10-27 19:55:47.010 [main] "  " INFO  o.s.boot.web.embedded.tomcat.TomcatWebServer - Tomcat started on port(s): 10001 (http) with context path '/api'
2022-10-27 19:55:47.016 [main] "  " INFO  o.s.s.a.ScheduledAnnotationBeanPostProcessor - No TaskScheduler/ScheduledExecutorService bean found for scheduled processing
2022-10-27 19:55:47.019 [main] "  " INFO  com.lincoco.xiaokarobot.schedule.ScheduleTask - 使用CronTrigger触发器 : 0 10 0 * * ?
2022-10-27 19:55:47.022 [main] "  " INFO  com.lincoco.xiaokarobot.LinXiaokaRobotApplication - Started LinXiaokaRobotApplication in 1.672 seconds (JVM running for 1.996)
2022-10-27 19:55:56.103 [http-nio-10001-exec-1] "  " INFO  o.a.c.c.ContainerBase.[Tomcat].[localhost].[/api] - Initializing Spring DispatcherServlet 'dispatcherServlet'
2022-10-27 19:55:56.103 [http-nio-10001-exec-1] "  " INFO  org.springframework.web.servlet.DispatcherServlet - Initializing Servlet 'dispatcherServlet'
2022-10-27 19:55:56.107 [http-nio-10001-exec-1] "  " INFO  org.springframework.web.servlet.DispatcherServlet - Completed initialization in 4 ms
2022-10-27 19:55:56.158 [http-nio-10001-exec-1] "  " INFO  com.zaxxer.hikari.HikariDataSource - HikariPool-1 - Starting...
2022-10-27 19:55:56.395 [http-nio-10001-exec-1] "  " INFO  com.zaxxer.hikari.HikariDataSource - HikariPool-1 - Start completed.
2022-10-27 19:55:56.448 [Thread-161] "  " INFO  c.l.x.d.service.impl.JinKeJSDriverServiceImpl - 2022-10-27 19-55-56 用户 2012011062 开始执行自动打卡程序
2022-10-27 19:56:00.206 [Forwarding newSession on session null to remote] "  " INFO  org.openqa.selenium.remote.ProtocolHandshake - Detected dialect: W3C
2022-10-27 19:56:02.253 [Thread-161] "  " INFO  c.l.x.d.service.impl.JinKeJSDriverServiceImpl - 金陵科技学院-统一身份认证
2022-10-27 19:56:02.256 [Thread-161] "  " INFO  c.l.x.d.service.impl.JinKeJSDriverServiceImpl - 开始对2012011062 , 080512 进行认证
2022-10-27 19:56:04.445 [Thread-161] "  " INFO  c.l.x.d.service.impl.JinKeJSDriverServiceImpl - 开始输入用户名密码
2022-10-27 19:56:04.476 [Thread-161] "  " INFO  c.l.x.d.service.impl.JinKeJSDriverServiceImpl - 用户名密码填写成功
2022-10-27 19:56:06.129 [Thread-161] "  " INFO  c.l.x.d.service.impl.JinKeJSDriverServiceImpl - 尝试验证
2022-10-27 19:56:07.138 [Thread-161] "  " INFO  c.l.x.d.service.impl.JinKeJSDriverServiceImpl - 点击搜索栏
2022-10-27 19:56:12.783 [Thread-161] "  " INFO  c.l.x.d.service.impl.JinKeJSDriverServiceImpl - 写入搜索内容: 健康信息每日打卡
2022-10-27 19:56:14.625 [Thread-161] "  " INFO  c.l.x.d.service.impl.JinKeJSDriverServiceImpl - 执行搜索
2022-10-27 19:56:16.479 [Thread-161] "  " INFO  c.l.x.d.service.impl.JinKeJSDriverServiceImpl - 点击搜索到的第一个
2022-10-27 19:56:18.277 [Thread-161] "  " INFO  c.l.x.d.service.impl.JinKeJSDriverServiceImpl - 具有下次不再显示
2022-10-27 19:56:18.277 [Thread-161] "  " INFO  c.l.x.d.service.impl.JinKeJSDriverServiceImpl - 第一次进入打卡系统，要点击下次不再显示，并进入服务
2022-10-27 19:56:59.185 [Thread-161] "  " INFO  com.lincoco.xiaokarobot.taskhandler.RobotTask - java.net.ConnectException: Failed to connect to localhost/0:0:0:0:0:0:0:1:7923
Build info: version: '3.141.59', revision: 'e82be7d358', time: '2018-11-14T08:17:03'
System info: host: 'bogon', ip: 'fe80:0:0:0:c5d:5bb9:4f7:c21a%en0', os.name: 'Mac OS X', os.arch: 'aarch64', os.version: '12.5', java.version: '1.8.0_352'
Driver info: driver.version: RemoteWebDriver
2022-10-27 19:56:59.187 [Thread-161] "  " INFO  c.l.x.d.service.impl.JinKeJSDriverServiceImpl - 2022-10-27 19-56-59 用户 2012011083 开始执行自动打卡程序
2022-10-27 19:57:01.177 [http-nio-10001-exec-1] "  " INFO  com.lincoco.xiaokarobot.taskhandler.TaskExecute - 重试开始
2022-10-27 19:57:26.493 [main] "  " INFO  com.lincoco.xiaokarobot.LinXiaokaRobotApplication - Starting LinXiaokaRobotApplication on bogon with PID 20863 (/Users/xueyeshang/Desktop/林coco团队/LinXiaokaRobot/application/target/classes started by xueyeshang in /Users/xueyeshang/Desktop/林coco团队/LinXiaokaRobot)
2022-10-27 19:57:26.495 [main] "  " INFO  com.lincoco.xiaokarobot.LinXiaokaRobotApplication - The following profiles are active: dev
2022-10-27 19:57:27.165 [main] "  " INFO  o.s.boot.web.embedded.tomcat.TomcatWebServer - Tomcat initialized with port(s): 10001 (http)
2022-10-27 19:57:27.171 [main] "  " INFO  org.apache.coyote.http11.Http11NioProtocol - Initializing ProtocolHandler ["http-nio-10001"]
2022-10-27 19:57:27.172 [main] "  " INFO  org.apache.catalina.core.StandardService - Starting service [Tomcat]
2022-10-27 19:57:27.172 [main] "  " INFO  org.apache.catalina.core.StandardEngine - Starting Servlet engine: [Apache Tomcat/9.0.35]
2022-10-27 19:57:27.218 [main] "  " INFO  o.a.c.c.ContainerBase.[Tomcat].[localhost].[/api] - Initializing Spring embedded WebApplicationContext
2022-10-27 19:57:27.218 [main] "  " INFO  org.springframework.web.context.ContextLoader - Root WebApplicationContext: initialization completed in 695 ms
2022-10-27 19:57:27.590 [main] "  " INFO  o.s.scheduling.concurrent.ThreadPoolTaskExecutor - Initializing ExecutorService 'applicationTaskExecutor'
2022-10-27 19:57:27.699 [main] "  " INFO  org.apache.coyote.http11.Http11NioProtocol - Starting ProtocolHandler ["http-nio-10001"]
2022-10-27 19:57:27.716 [main] "  " INFO  o.s.boot.web.embedded.tomcat.TomcatWebServer - Tomcat started on port(s): 10001 (http) with context path '/api'
2022-10-27 19:57:27.722 [main] "  " INFO  o.s.s.a.ScheduledAnnotationBeanPostProcessor - No TaskScheduler/ScheduledExecutorService bean found for scheduled processing
2022-10-27 19:57:27.725 [main] "  " INFO  com.lincoco.xiaokarobot.schedule.ScheduleTask - 使用CronTrigger触发器 : 0 10 0 * * ?
2022-10-27 19:57:27.728 [main] "  " INFO  com.lincoco.xiaokarobot.LinXiaokaRobotApplication - Started LinXiaokaRobotApplication in 1.688 seconds (JVM running for 1.997)
2022-10-27 19:57:37.719 [http-nio-10001-exec-1] "  " INFO  o.a.c.c.ContainerBase.[Tomcat].[localhost].[/api] - Initializing Spring DispatcherServlet 'dispatcherServlet'
2022-10-27 19:57:37.719 [http-nio-10001-exec-1] "  " INFO  org.springframework.web.servlet.DispatcherServlet - Initializing Servlet 'dispatcherServlet'
2022-10-27 19:57:37.723 [http-nio-10001-exec-1] "  " INFO  org.springframework.web.servlet.DispatcherServlet - Completed initialization in 4 ms
2022-10-27 19:57:37.773 [http-nio-10001-exec-1] "  " INFO  com.zaxxer.hikari.HikariDataSource - HikariPool-1 - Starting...
2022-10-27 19:57:38.019 [http-nio-10001-exec-1] "  " INFO  com.zaxxer.hikari.HikariDataSource - HikariPool-1 - Start completed.
2022-10-27 19:57:38.074 [Thread-161] "  " INFO  c.l.x.d.service.impl.JinKeJSDriverServiceImpl - 2022-10-27 19-57-38 用户 2012011062 开始执行自动打卡程序
2022-10-27 19:57:40.376 [Forwarding newSession on session null to remote] "  " INFO  org.openqa.selenium.remote.ProtocolHandshake - Detected dialect: W3C
2022-10-27 19:57:42.517 [Thread-161] "  " INFO  c.l.x.d.service.impl.JinKeJSDriverServiceImpl - 金陵科技学院-统一身份认证
2022-10-27 19:57:42.519 [Thread-161] "  " INFO  c.l.x.d.service.impl.JinKeJSDriverServiceImpl - 开始对2012011062 , 080512 进行认证
2022-10-27 19:57:44.706 [Thread-161] "  " INFO  c.l.x.d.service.impl.JinKeJSDriverServiceImpl - 开始输入用户名密码
2022-10-27 19:57:44.734 [Thread-161] "  " INFO  c.l.x.d.service.impl.JinKeJSDriverServiceImpl - 用户名密码填写成功
2022-10-27 19:57:46.526 [Thread-161] "  " INFO  c.l.x.d.service.impl.JinKeJSDriverServiceImpl - 尝试验证
2022-10-27 19:57:47.532 [Thread-161] "  " INFO  c.l.x.d.service.impl.JinKeJSDriverServiceImpl - 点击搜索栏
2022-10-27 19:57:53.169 [Thread-161] "  " INFO  c.l.x.d.service.impl.JinKeJSDriverServiceImpl - 写入搜索内容: 健康信息每日打卡
2022-10-27 19:57:54.388 [Thread-161] "  " INFO  c.l.x.d.service.impl.JinKeJSDriverServiceImpl - 执行搜索
2022-10-27 19:57:57.185 [Thread-161] "  " INFO  c.l.x.d.service.impl.JinKeJSDriverServiceImpl - 点击搜索到的第一个
2022-10-27 19:57:58.975 [Thread-161] "  " INFO  c.l.x.d.service.impl.JinKeJSDriverServiceImpl - 具有下次不再显示
2022-10-27 19:57:58.975 [Thread-161] "  " INFO  c.l.x.d.service.impl.JinKeJSDriverServiceImpl - 第一次进入打卡系统，要点击下次不再显示，并进入服务
2022-10-27 19:58:29.115 [Thread-161] "  " INFO  c.l.x.d.service.impl.JinKeJSDriverServiceImpl - 金陵科技学院网上服务大厅
2022-10-27 19:58:29.140 [Thread-161] "  " INFO  c.l.x.d.service.impl.JinKeJSDriverServiceImpl - 点击新增按钮
2022-10-27 19:58:35.719 [Thread-161] "  " INFO  c.l.x.d.service.impl.JinKeJSDriverServiceImpl -  用户 2012011062 已经成功打完卡，取消爬虫
2022-10-27 19:58:35.840 [Thread-161] "  " INFO  c.l.x.d.service.impl.JinKeJSDriverServiceImpl - 关闭driver
2022-10-27 19:58:35.840 [Thread-161] "  " INFO  c.l.x.d.service.impl.JinKeJSDriverServiceImpl - 用户 2012011062 执行自动打卡结束
2022-10-27 19:58:35.840 [Thread-161] "  " INFO  com.lincoco.xiaokarobot.taskhandler.RobotTask - 2012011062 执行花了57秒
2022-10-27 19:58:35.841 [Thread-161] "  " INFO  c.l.x.d.service.impl.JinKeJSDriverServiceImpl - 2022-10-27 19-58-35 用户 2012011083 开始执行自动打卡程序
2022-10-27 19:58:38.850 [Forwarding newSession on session null to remote] "  " INFO  org.openqa.selenium.remote.ProtocolHandshake - Detected dialect: W3C
2022-10-27 19:58:40.925 [Thread-161] "  " INFO  c.l.x.d.service.impl.JinKeJSDriverServiceImpl - 金陵科技学院-统一身份认证
2022-10-27 19:58:40.925 [Thread-161] "  " INFO  c.l.x.d.service.impl.JinKeJSDriverServiceImpl - 开始对2012011083 , 252013 进行认证
2022-10-27 19:58:43.105 [Thread-161] "  " INFO  c.l.x.d.service.impl.JinKeJSDriverServiceImpl - 开始输入用户名密码
2022-10-27 19:58:43.133 [Thread-161] "  " INFO  c.l.x.d.service.impl.JinKeJSDriverServiceImpl - 用户名密码填写成功
2022-10-27 19:58:44.392 [Thread-161] "  " INFO  c.l.x.d.service.impl.JinKeJSDriverServiceImpl - 尝试验证
2022-10-27 19:58:45.401 [Thread-161] "  " INFO  c.l.x.d.service.impl.JinKeJSDriverServiceImpl - 点击搜索栏
2022-10-27 19:58:47.489 [Thread-161] "  " INFO  com.lincoco.xiaokarobot.taskhandler.RobotTask - java.net.ConnectException: Failed to connect to localhost/0:0:0:0:0:0:0:1:19935
Build info: version: '3.141.59', revision: 'e82be7d358', time: '2018-11-14T08:17:03'
System info: host: 'bogon', ip: 'fe80:0:0:0:c5d:5bb9:4f7:c21a%en0', os.name: 'Mac OS X', os.arch: 'aarch64', os.version: '12.5', java.version: '1.8.0_352'
Driver info: driver.version: RemoteWebDriver
2022-10-27 19:58:47.491 [Thread-161] "  " INFO  c.l.x.d.service.impl.JinKeJSDriverServiceImpl - 2022-10-27 19-58-47 用户 2012011084 开始执行自动打卡程序
2022-10-27 19:58:49.459 [http-nio-10001-exec-1] "  " INFO  com.lincoco.xiaokarobot.taskhandler.TaskExecute - 重试开始
